<?xml version="1.0" encoding="UTF-8"?>
<coverage generated="1777387079025" clover="3.2.0">
  <project timestamp="1777387079025" name="All files">
    <metrics statements="1714" coveredstatements="1478" conditionals="1770" coveredconditionals="1277" methods="443" coveredmethods="360" elements="3927" coveredelements="3115" complexity="0" loc="1714" ncloc="1714" packages="17" files="57" classes="57"/>
    <package name="src">
      <metrics statements="11" coveredstatements="10" conditionals="17" coveredconditionals="15" methods="6" coveredmethods="4"/>
      <file name="App.tsx" path="/Users/naveendevapalan/Desktop/Naveen/PROJECTS/eAIP-windlayer/frontend/src/App.tsx">
        <metrics statements="11" coveredstatements="10" conditionals="17" coveredconditionals="15" methods="6" coveredmethods="4"/>
        <line num="17" count="1" type="stmt"/>
        <line num="18" count="1" type="stmt"/>
        <line num="19" count="0" type="stmt"/>
        <line num="26" count="5" type="stmt"/>
        <line num="27" count="5" type="stmt"/>
        <line num="40" count="5" type="stmt"/>
        <line num="42" count="5" type="stmt"/>
        <line num="48" count="5" type="stmt"/>
        <line num="128" count="5" type="stmt"/>
        <line num="130" count="5" type="cond" truecount="1" falsecount="1"/>
        <line num="133" count="5" type="stmt"/>
      </file>
    </package>
    <package name="src.api">
      <metrics statements="67" coveredstatements="67" conditionals="28" coveredconditionals="25" methods="18" coveredmethods="17"/>
      <file name="client.ts" path="/Users/naveendevapalan/Desktop/Naveen/PROJECTS/eAIP-windlayer/frontend/src/api/client.ts">
        <metrics statements="67" coveredstatements="67" conditionals="28" coveredconditionals="25" methods="18" coveredmethods="17"/>
        <line num="22" count="3" type="stmt"/>
        <line num="37" count="5" type="stmt"/>
        <line num="38" count="5" type="stmt"/>
        <line num="39" count="5" type="stmt"/>
        <line num="40" count="5" type="stmt"/>
        <line num="41" count="5" type="stmt"/>
        <line num="47" count="3" type="stmt"/>
        <line num="50" count="9" type="stmt"/>
        <line num="51" count="9" type="stmt"/>
        <line num="52" count="9" type="stmt"/>
        <line num="54" count="9" type="stmt"/>
        <line num="55" count="8" type="cond" truecount="2" falsecount="0"/>
        <line num="56" count="4" type="stmt"/>
        <line num="57" count="4" type="stmt"/>
        <line num="59" count="4" type="stmt"/>
        <line num="61" count="4" type="stmt"/>
        <line num="62" count="4" type="stmt"/>
        <line num="64" count="4" type="stmt"/>
        <line num="68" count="11" type="stmt"/>
        <line num="69" count="11" type="stmt"/>
        <line num="70" count="11" type="stmt"/>
        <line num="72" count="11" type="stmt"/>
        <line num="73" count="11" type="cond" truecount="2" falsecount="0"/>
        <line num="74" count="9" type="stmt"/>
        <line num="76" count="9" type="stmt"/>
        <line num="77" count="9" type="stmt"/>
        <line num="79" count="9" type="stmt"/>
        <line num="85" count="2" type="stmt"/>
        <line num="91" count="4" type="stmt"/>
        <line num="92" count="4" type="cond" truecount="2" falsecount="0"/>
        <line num="93" count="3" type="cond" truecount="2" falsecount="0"/>
        <line num="94" count="2" type="cond" truecount="2" falsecount="0"/>
        <line num="95" count="1" type="stmt"/>
        <line num="102" count="3" type="stmt"/>
        <line num="103" count="3" type="cond" truecount="2" falsecount="0"/>
        <line num="104" count="1" type="stmt"/>
        <line num="111" count="2" type="cond" truecount="2" falsecount="0"/>
        <line num="112" count="1" type="stmt"/>
        <line num="116" count="2" type="stmt"/>
        <line num="117" count="2" type="stmt"/>
        <line num="119" count="1" type="cond" truecount="1" falsecount="1"/>
        <line num="120" count="1" type="stmt"/>
        <line num="122" count="1" type="stmt"/>
        <line num="129" count="3" type="stmt"/>
        <line num="130" count="3" type="stmt"/>
        <line num="131" count="1" type="cond" truecount="1" falsecount="1"/>
        <line num="133" count="2" type="cond" truecount="4" falsecount="0"/>
        <line num="134" count="1" type="cond" truecount="1" falsecount="1"/>
        <line num="135" count="1" type="stmt"/>
        <line num="137" count="1" type="stmt"/>
        <line num="144" count="1" type="stmt"/>
        <line num="148" count="3" type="stmt"/>
        <line num="149" count="3" type="stmt"/>
        <line num="150" count="2" type="cond" truecount="2" falsecount="0"/>
        <line num="151" count="1" type="stmt"/>
        <line num="152" count="1" type="stmt"/>
        <line num="154" count="1" type="stmt"/>
        <line num="156" count="1" type="stmt"/>
        <line num="157" count="1" type="stmt"/>
        <line num="162" count="2" type="stmt"/>
        <line num="163" count="2" type="cond" truecount="2" falsecount="0"/>
        <line num="169" count="1" type="stmt"/>
        <line num="173" count="2" type="stmt"/>
        <line num="179" count="1" type="stmt"/>
        <line num="185" count="1" type="stmt"/>
        <line num="189" count="1" type="stmt"/>
        <line num="195" count="1" type="stmt"/>
      </file>
    </package>
    <package name="src.components">
      <metrics statements="13" coveredstatements="13" conditionals="4" coveredconditionals="4" methods="8" coveredmethods="8"/>
      <file name="ErrorBoundary.tsx" path="/Users/naveendevapalan/Desktop/Naveen/PROJECTS/eAIP-windlayer/frontend/src/components/ErrorBoundary.tsx">
        <metrics statements="12" coveredstatements="12" conditionals="4" coveredconditionals="4" methods="7" coveredmethods="7"/>
        <line num="22" count="4" type="stmt"/>
        <line num="23" count="4" type="stmt"/>
        <line num="27" count="2" type="stmt"/>
        <line num="31" count="1" type="stmt"/>
        <line num="32" count="1" type="stmt"/>
        <line num="35" count="1" type="stmt"/>
        <line num="36" count="1" type="stmt"/>
        <line num="40" count="5" type="cond" truecount="2" falsecount="0"/>
        <line num="41" count="2" type="stmt"/>
        <line num="104" count="1" type="stmt"/>
        <line num="107" count="1" type="stmt"/>
        <line num="116" count="3" type="stmt"/>
      </file>
      <file name="GlobalLoader.tsx" path="/Users/naveendevapalan/Desktop/Naveen/PROJECTS/eAIP-windlayer/frontend/src/components/GlobalLoader.tsx">
        <metrics statements="1" coveredstatements="1" conditionals="0" coveredconditionals="0" methods="1" coveredmethods="1"/>
        <line num="2" count="1" type="stmt"/>
      </file>
    </package>
    <package name="src.features.aip">
      <metrics statements="132" coveredstatements="83" conditionals="116" coveredconditionals="62" methods="51" coveredmethods="28"/>
      <file name="AerodromeChartViewer.tsx" path="/Users/naveendevapalan/Desktop/Naveen/PROJECTS/eAIP-windlayer/frontend/src/features/aip/AerodromeChartViewer.tsx">
        <metrics statements="86" coveredstatements="49" conditionals="56" coveredconditionals="25" methods="34" coveredmethods="16"/>
        <line num="15" count="1" type="stmt"/>
        <line num="17" count="1" type="stmt"/>
        <line num="18" count="3" type="cond" truecount="1" falsecount="1"/>
        <line num="24" count="1" type="stmt"/>
        <line num="27" count="1" type="stmt"/>
        <line num="28" count="2" type="stmt"/>
        <line num="30" count="2" type="cond" truecount="2" falsecount="0"/>
        <line num="35" count="0" type="stmt"/>
        <line num="38" count="4" type="stmt"/>
        <line num="39" count="4" type="stmt"/>
        <line num="41" count="4" type="stmt"/>
        <line num="42" count="4" type="stmt"/>
        <line num="43" count="4" type="stmt"/>
        <line num="44" count="4" type="stmt"/>
        <line num="45" count="4" type="stmt"/>
        <line num="46" count="4" type="stmt"/>
        <line num="47" count="4" type="stmt"/>
        <line num="48" count="12" type="stmt"/>
        <line num="49" count="12" type="stmt"/>
        <line num="50" count="12" type="stmt"/>
        <line num="52" count="4" type="stmt"/>
        <line num="53" count="2" type="stmt"/>
        <line num="54" count="2" type="stmt"/>
        <line num="56" count="1" type="cond" truecount="1" falsecount="1"/>
        <line num="58" count="2" type="stmt"/>
        <line num="60" count="4" type="stmt"/>
        <line num="61" count="3" type="cond" truecount="2" falsecount="0"/>
        <line num="62" count="1" type="stmt"/>
        <line num="65" count="4" type="stmt"/>
        <line num="66" count="1" type="cond" truecount="1" falsecount="1"/>
        <line num="67" count="0" type="stmt"/>
        <line num="70" count="0" type="stmt"/>
        <line num="71" count="0" type="stmt"/>
        <line num="73" count="1" type="stmt"/>
        <line num="74" count="1" type="stmt"/>
        <line num="75" count="1" type="stmt"/>
        <line num="78" count="0" type="stmt"/>
        <line num="80" count="0" type="stmt"/>
        <line num="83" count="1" type="stmt"/>
        <line num="84" count="1" type="stmt"/>
        <line num="87" count="1" type="stmt"/>
        <line num="90" count="0" type="stmt"/>
        <line num="92" count="0" type="stmt"/>
        <line num="96" count="4" type="stmt"/>
        <line num="98" count="1" type="stmt"/>
        <line num="100" count="1" type="stmt"/>
        <line num="101" count="1" type="stmt"/>
        <line num="102" count="1" type="stmt"/>
        <line num="103" count="1" type="stmt"/>
        <line num="107" count="4" type="stmt"/>
        <line num="108" count="0" type="stmt"/>
        <line num="111" count="4" type="stmt"/>
        <line num="112" count="0" type="stmt"/>
        <line num="113" count="0" type="stmt"/>
        <line num="115" count="0" type="stmt"/>
        <line num="116" count="0" type="stmt"/>
        <line num="118" count="4" type="stmt"/>
        <line num="119" count="0" type="cond" truecount="0" falsecount="4"/>
        <line num="120" count="0" type="stmt"/>
        <line num="122" count="0" type="cond" truecount="0" falsecount="8"/>
        <line num="123" count="0" type="cond" truecount="0" falsecount="2"/>
        <line num="124" count="0" type="stmt"/>
        <line num="139" count="0" type="stmt"/>
        <line num="142" count="0" type="stmt"/>
        <line num="143" count="0" type="stmt"/>
        <line num="150" count="0" type="cond" truecount="0" falsecount="2"/>
        <line num="151" count="0" type="stmt"/>
        <line num="161" count="4" type="stmt"/>
        <line num="162" count="0" type="cond" truecount="0" falsecount="2"/>
        <line num="163" count="0" type="stmt"/>
        <line num="166" count="0" type="stmt"/>
        <line num="171" count="4" type="cond" truecount="3" falsecount="1"/>
        <line num="172" count="0" type="stmt"/>
        <line num="173" count="4" type="stmt"/>
        <line num="194" count="0" type="stmt"/>
        <line num="230" count="2" type="stmt"/>
        <line num="238" count="1" type="stmt"/>
        <line num="265" count="0" type="stmt"/>
        <line num="304" count="0" type="stmt"/>
        <line num="312" count="0" type="stmt"/>
        <line num="348" count="0" type="cond" truecount="1" falsecount="1"/>
        <line num="362" count="0" type="stmt"/>
        <line num="375" count="0" type="stmt"/>
        <line num="376" count="0" type="stmt"/>
        <line num="377" count="0" type="cond" truecount="0" falsecount="2"/>
        <line num="378" count="0" type="stmt"/>
      </file>
      <file name="AerodromeInfoDropdown.tsx" path="/Users/naveendevapalan/Desktop/Naveen/PROJECTS/eAIP-windlayer/frontend/src/features/aip/AerodromeInfoDropdown.tsx">
        <metrics statements="16" coveredstatements="16" conditionals="16" coveredconditionals="15" methods="7" coveredmethods="7"/>
        <line num="6" count="1" type="stmt"/>
        <line num="46" count="7" type="stmt"/>
        <line num="47" count="7" type="stmt"/>
        <line num="50" count="7" type="stmt"/>
        <line num="51" count="3" type="stmt"/>
        <line num="52" count="1" type="cond" truecount="3" falsecount="1"/>
        <line num="53" count="1" type="stmt"/>
        <line num="56" count="3" type="stmt"/>
        <line num="57" count="3" type="stmt"/>
        <line num="58" count="3" type="stmt"/>
        <line num="62" count="7" type="cond" truecount="2" falsecount="0"/>
        <line num="64" count="6" type="stmt"/>
        <line num="69" count="2" type="stmt"/>
        <line num="109" count="46" type="stmt"/>
        <line num="112" count="1" type="stmt"/>
        <line num="113" count="1" type="stmt"/>
      </file>
      <file name="SectionModal.tsx" path="/Users/naveendevapalan/Desktop/Naveen/PROJECTS/eAIP-windlayer/frontend/src/features/aip/SectionModal.tsx">
        <metrics statements="9" coveredstatements="7" conditionals="8" coveredconditionals="5" methods="5" coveredmethods="3"/>
        <line num="30" count="2" type="stmt"/>
        <line num="31" count="2" type="cond" truecount="1" falsecount="1"/>
        <line num="32" count="2" type="stmt"/>
        <line num="33" count="0" type="cond" truecount="0" falsecount="2"/>
        <line num="35" count="2" type="stmt"/>
        <line num="36" count="2" type="stmt"/>
        <line num="37" count="2" type="stmt"/>
        <line num="41" count="2" type="stmt"/>
        <line num="73" count="0" type="stmt"/>
      </file>
      <file name="SectionRenderer.tsx" path="/Users/naveendevapalan/Desktop/Naveen/PROJECTS/eAIP-windlayer/frontend/src/features/aip/SectionRenderer.tsx">
        <metrics statements="8" coveredstatements="8" conditionals="14" coveredconditionals="12" methods="1" coveredmethods="1"/>
        <line num="19" count="6" type="stmt"/>
        <line num="21" count="6" type="cond" truecount="4" falsecount="0"/>
        <line num="23" count="1" type="stmt"/>
        <line num="30" count="1" type="stmt"/>
        <line num="39" count="1" type="stmt"/>
        <line num="41" count="3" type="cond" truecount="2" falsecount="0"/>
        <line num="42" count="2" type="cond" truecount="4" falsecount="0"/>
        <line num="43" count="1" type="stmt"/>
      </file>
      <file name="sectionConfig.ts" path="/Users/naveendevapalan/Desktop/Naveen/PROJECTS/eAIP-windlayer/frontend/src/features/aip/sectionConfig.ts">
        <metrics statements="13" coveredstatements="3" conditionals="22" coveredconditionals="5" methods="4" coveredmethods="1"/>
        <line num="29" count="4" type="stmt"/>
        <line num="356" count="7" type="cond" truecount="3" falsecount="1"/>
        <line num="357" count="7" type="cond" truecount="2" falsecount="2"/>
        <line num="358" count="0" type="cond" truecount="0" falsecount="2"/>
        <line num="361" count="0" type="cond" truecount="0" falsecount="4"/>
        <line num="362" count="0" type="cond" truecount="0" falsecount="2"/>
        <line num="363" count="0" type="cond" truecount="0" falsecount="2"/>
        <line num="366" count="0" type="stmt"/>
        <line num="367" count="0" type="stmt"/>
        <line num="368" count="0" type="stmt"/>
        <line num="372" count="0" type="cond" truecount="0" falsecount="2"/>
        <line num="373" count="0" type="cond" truecount="0" falsecount="2"/>
        <line num="376" count="0" type="stmt"/>
      </file>
    </package>
    <package name="src.features.aip.renderers">
      <metrics statements="77" coveredstatements="76" conditionals="111" coveredconditionals="100" methods="29" coveredmethods="29"/>
      <file name="HybridRenderer.tsx" path="/Users/naveendevapalan/Desktop/Naveen/PROJECTS/eAIP-windlayer/frontend/src/features/aip/renderers/HybridRenderer.tsx">
        <metrics statements="45" coveredstatements="44" conditionals="78" coveredconditionals="68" methods="14" coveredmethods="14"/>
        <line num="13" count="5" type="stmt"/>
        <line num="17" count="10" type="cond" truecount="4" falsecount="0"/>
        <line num="27" count="1" type="cond" truecount="3" falsecount="1"/>
        <line num="28" count="0" type="stmt"/>
        <line num="31" count="1" type="stmt"/>
        <line num="32" count="1" type="stmt"/>
        <line num="34" count="1" type="stmt"/>
        <line num="40" count="2" type="stmt"/>
        <line num="51" count="1" type="stmt"/>
        <line num="58" count="2" type="stmt"/>
        <line num="88" count="9" type="cond" truecount="4" falsecount="0"/>
        <line num="89" count="1" type="stmt"/>
        <line num="95" count="8" type="cond" truecount="2" falsecount="0"/>
        <line num="96" count="2" type="cond" truecount="4" falsecount="0"/>
        <line num="97" count="1" type="stmt"/>
        <line num="102" count="1" type="stmt"/>
        <line num="105" count="2" type="stmt"/>
        <line num="114" count="6" type="cond" truecount="2" falsecount="0"/>
        <line num="116" count="3" type="cond" truecount="2" falsecount="0"/>
        <line num="117" count="2" type="stmt"/>
        <line num="120" count="7" type="stmt"/>
        <line num="121" count="7" type="stmt"/>
        <line num="123" count="7" type="cond" truecount="2" falsecount="0"/>
        <line num="125" count="3" type="cond" truecount="5" falsecount="0"/>
        <line num="126" count="1" type="stmt"/>
        <line num="129" count="2" type="cond" truecount="2" falsecount="0"/>
        <line num="135" count="1" type="stmt"/>
        <line num="138" count="1" type="stmt"/>
        <line num="145" count="4" type="cond" truecount="4" falsecount="0"/>
        <line num="146" count="3" type="cond" truecount="1" falsecount="3"/>
        <line num="147" count="3" type="cond" truecount="4" falsecount="0"/>
        <line num="148" count="2" type="stmt"/>
        <line num="151" count="2" type="stmt"/>
        <line num="160" count="1" type="stmt"/>
        <line num="171" count="1" type="stmt"/>
        <line num="175" count="3" type="cond" truecount="2" falsecount="0"/>
        <line num="176" count="2" type="stmt"/>
        <line num="179" count="3" type="cond" truecount="2" falsecount="0"/>
        <line num="180" count="2" type="cond" truecount="2" falsecount="0"/>
        <line num="181" count="1" type="stmt"/>
        <line num="185" count="1" type="stmt"/>
        <line num="188" count="11" type="stmt"/>
        <line num="190" count="5" type="stmt"/>
        <line num="198" count="1" type="stmt"/>
        <line num="223" count="1" type="stmt"/>
      </file>
      <file name="ObjectRenderer.tsx" path="/Users/naveendevapalan/Desktop/Naveen/PROJECTS/eAIP-windlayer/frontend/src/features/aip/renderers/ObjectRenderer.tsx">
        <metrics statements="19" coveredstatements="19" conditionals="13" coveredconditionals="12" methods="8" coveredmethods="8"/>
        <line num="18" count="4" type="cond" truecount="5" falsecount="0"/>
        <line num="19" count="2" type="stmt"/>
        <line num="27" count="2" type="stmt"/>
        <line num="29" count="2" type="cond" truecount="2" falsecount="0"/>
        <line num="31" count="1" type="stmt"/>
        <line num="32" count="1" type="stmt"/>
        <line num="34" count="1" type="cond" truecount="1" falsecount="1"/>
        <line num="35" count="1" type="stmt"/>
        <line num="40" count="1" type="stmt"/>
        <line num="41" count="1" type="stmt"/>
        <line num="42" count="2" type="cond" truecount="2" falsecount="0"/>
        <line num="43" count="1" type="stmt"/>
        <line num="45" count="1" type="stmt"/>
        <line num="52" count="1" type="stmt"/>
        <line num="53" count="1" type="stmt"/>
        <line num="55" count="2" type="stmt"/>
        <line num="61" count="2" type="stmt"/>
        <line num="79" count="3" type="stmt"/>
        <line num="80" count="3" type="stmt"/>
      </file>
      <file name="TableRenderer.tsx" path="/Users/naveendevapalan/Desktop/Naveen/PROJECTS/eAIP-windlayer/frontend/src/features/aip/renderers/TableRenderer.tsx">
        <metrics statements="13" coveredstatements="13" conditionals="20" coveredconditionals="20" methods="7" coveredmethods="7"/>
        <line num="13" count="1" type="stmt"/>
        <line num="36" count="4" type="cond" truecount="4" falsecount="0"/>
        <line num="37" count="2" type="stmt"/>
        <line num="45" count="2" type="cond" truecount="2" falsecount="0"/>
        <line num="46" count="2" type="stmt"/>
        <line num="47" count="1" type="stmt"/>
        <line num="49" count="2" type="stmt"/>
        <line num="52" count="4" type="stmt"/>
        <line num="58" count="3" type="stmt"/>
        <line num="74" count="3" type="stmt"/>
        <line num="81" count="4" type="stmt"/>
        <line num="82" count="4" type="stmt"/>
        <line num="84" count="4" type="stmt"/>
      </file>
    </package>
    <package name="src.features.map">
      <metrics statements="159" coveredstatements="127" conditionals="163" coveredconditionals="89" methods="26" coveredmethods="21"/>
      <file name="FeatureInfoCard.tsx" path="/Users/naveendevapalan/Desktop/Naveen/PROJECTS/eAIP-windlayer/frontend/src/features/map/FeatureInfoCard.tsx">
        <metrics statements="50" coveredstatements="47" conditionals="56" coveredconditionals="46" methods="10" coveredmethods="8"/>
        <line num="15" count="10" type="stmt"/>
        <line num="17" count="10" type="cond" truecount="2" falsecount="0"/>
        <line num="18" count="10" type="cond" truecount="2" falsecount="0"/>
        <line num="19" count="10" type="cond" truecount="2" falsecount="0"/>
        <line num="22" count="10" type="cond" truecount="2" falsecount="0"/>
        <line num="25" count="10" type="stmt"/>
        <line num="26" count="10" type="stmt"/>
        <line num="27" count="10" type="stmt"/>
        <line num="28" count="10" type="stmt"/>
        <line num="31" count="10" type="stmt"/>
        <line num="32" count="6" type="cond" truecount="4" falsecount="0"/>
        <line num="33" count="5" type="stmt"/>
        <line num="34" count="5" type="stmt"/>
        <line num="35" count="5" type="stmt"/>
        <line num="38" count="1" type="stmt"/>
        <line num="39" count="1" type="stmt"/>
        <line num="41" count="1" type="stmt"/>
        <line num="43" count="1" type="cond" truecount="1" falsecount="1"/>
        <line num="44" count="1" type="stmt"/>
        <line num="45" count="1" type="stmt"/>
        <line num="49" count="0" type="cond" truecount="0" falsecount="2"/>
        <line num="52" count="1" type="stmt"/>
        <line num="53" count="1" type="stmt"/>
        <line num="58" count="10" type="stmt"/>
        <line num="59" count="6" type="cond" truecount="2" falsecount="0"/>
        <line num="60" count="6" type="cond" truecount="4" falsecount="0"/>
        <line num="61" count="5" type="stmt"/>
        <line num="62" count="5" type="stmt"/>
        <line num="63" count="5" type="stmt"/>
        <line num="66" count="1" type="stmt"/>
        <line num="67" count="1" type="stmt"/>
        <line num="69" count="1" type="stmt"/>
        <line num="71" count="1" type="cond" truecount="1" falsecount="1"/>
        <line num="72" count="1" type="stmt"/>
        <line num="73" count="1" type="stmt"/>
        <line num="77" count="0" type="cond" truecount="0" falsecount="2"/>
        <line num="80" count="1" type="stmt"/>
        <line num="81" count="1" type="stmt"/>
        <line num="85" count="10" type="stmt"/>
        <line num="86" count="10" type="cond" truecount="2" falsecount="0"/>
        <line num="87" count="1" type="cond" truecount="1" falsecount="2"/>
        <line num="89" count="9" type="stmt"/>
        <line num="98" count="10" type="stmt"/>
        <line num="99" count="10" type="cond" truecount="2" falsecount="0"/>
        <line num="100" count="10" type="stmt"/>
        <line num="103" count="10" type="cond" truecount="4" falsecount="0"/>
        <line num="115" count="10" type="stmt"/>
        <line num="144" count="1" type="stmt"/>
        <line num="145" count="1" type="cond" truecount="1" falsecount="1"/>
        <line num="146" count="0" type="stmt"/>
      </file>
      <file name="InterleavedDeckGL.tsx" path="/Users/naveendevapalan/Desktop/Naveen/PROJECTS/eAIP-windlayer/frontend/src/features/map/InterleavedDeckGL.tsx">
        <metrics statements="12" coveredstatements="12" conditionals="2" coveredconditionals="1" methods="5" coveredmethods="4"/>
        <line num="20" count="1" type="stmt"/>
        <line num="21" count="1" type="stmt"/>
        <line num="23" count="1" type="stmt"/>
        <line num="24" count="1" type="stmt"/>
        <line num="27" count="1" type="stmt"/>
        <line num="28" count="1" type="stmt"/>
        <line num="30" count="1" type="stmt"/>
        <line num="31" count="1" type="cond" truecount="1" falsecount="1"/>
        <line num="32" count="1" type="stmt"/>
        <line num="35" count="1" type="stmt"/>
        <line num="36" count="1" type="stmt"/>
        <line num="40" count="1" type="stmt"/>
      </file>
      <file name="MapView.tsx" path="/Users/naveendevapalan/Desktop/Naveen/PROJECTS/eAIP-windlayer/frontend/src/features/map/MapView.tsx">
        <metrics statements="97" coveredstatements="68" conditionals="105" coveredconditionals="42" methods="11" coveredmethods="9"/>
        <line num="24" count="1" type="stmt"/>
        <line num="25" count="1" type="stmt"/>
        <line num="26" count="1" type="stmt"/>
        <line num="28" count="1" type="stmt"/>
        <line num="29" count="1" type="stmt"/>
        <line num="30" count="1" type="stmt"/>
        <line num="31" count="1" type="stmt"/>
        <line num="32" count="1" type="stmt"/>
        <line num="33" count="1" type="stmt"/>
        <line num="38" count="1" type="stmt"/>
        <line num="39" count="1" type="stmt"/>
        <line num="40" count="1" type="stmt"/>
        <line num="52" count="0" type="stmt"/>
        <line num="54" count="0" type="cond" truecount="0" falsecount="5"/>
        <line num="57" count="0" type="cond" truecount="0" falsecount="2"/>
        <line num="60" count="0" type="cond" truecount="0" falsecount="6"/>
        <line num="61" count="0" type="stmt"/>
        <line num="64" count="0" type="stmt"/>
        <line num="68" count="0" type="stmt"/>
        <line num="70" count="0" type="cond" truecount="0" falsecount="5"/>
        <line num="75" count="0" type="cond" truecount="0" falsecount="4"/>
        <line num="76" count="0" type="cond" truecount="0" falsecount="5"/>
        <line num="77" count="0" type="stmt"/>
        <line num="80" count="0" type="cond" truecount="0" falsecount="2"/>
        <line num="81" count="0" type="stmt"/>
        <line num="83" count="0" type="cond" truecount="0" falsecount="2"/>
        <line num="84" count="0" type="cond" truecount="0" falsecount="4"/>
        <line num="88" count="0" type="stmt"/>
        <line num="92" count="1" type="stmt"/>
        <line num="125" count="8" type="stmt"/>
        <line num="127" count="8" type="stmt"/>
        <line num="128" count="8" type="stmt"/>
        <line num="129" count="8" type="stmt"/>
        <line num="130" count="8" type="stmt"/>
        <line num="131" count="8" type="stmt"/>
        <line num="133" count="8" type="stmt"/>
        <line num="138" count="8" type="stmt"/>
        <line num="139" count="8" type="stmt"/>
        <line num="141" count="8" type="stmt"/>
        <line num="143" count="1" type="stmt"/>
        <line num="146" count="1" type="cond" truecount="3" falsecount="2"/>
        <line num="150" count="1" type="cond" truecount="1" falsecount="1"/>
        <line num="151" count="1" type="cond" truecount="2" falsecount="2"/>
        <line num="152" count="1" type="stmt"/>
        <line num="153" count="1" type="stmt"/>
        <line num="154" count="1" type="stmt"/>
        <line num="155" count="1" type="stmt"/>
        <line num="158" count="0" type="stmt"/>
        <line num="159" count="0" type="stmt"/>
        <line num="165" count="8" type="stmt"/>
        <line num="166" count="7" type="stmt"/>
        <line num="167" count="7" type="cond" truecount="2" falsecount="0"/>
        <line num="169" count="1" type="stmt"/>
        <line num="179" count="8" type="stmt"/>
        <line num="180" count="7" type="cond" truecount="4" falsecount="0"/>
        <line num="181" count="1" type="stmt"/>
        <line num="182" count="1" type="stmt"/>
        <line num="186" count="1" type="stmt"/>
        <line num="194" count="1" type="stmt"/>
        <line num="206" count="1" type="stmt"/>
        <line num="208" count="0" type="stmt"/>
        <line num="214" count="8" type="stmt"/>
        <line num="215" count="1" type="stmt"/>
        <line num="216" count="1" type="stmt"/>
        <line num="217" count="1" type="cond" truecount="1" falsecount="1"/>
        <line num="218" count="1" type="stmt"/>
        <line num="219" count="1" type="cond" truecount="1" falsecount="1"/>
        <line num="225" count="1" type="stmt"/>
        <line num="226" count="1" type="stmt"/>
        <line num="229" count="0" type="stmt"/>
        <line num="236" count="8" type="stmt"/>
        <line num="238" count="4" type="cond" truecount="1" falsecount="1"/>
        <line num="239" count="0" type="stmt"/>
        <line num="240" count="0" type="stmt"/>
        <line num="244" count="4" type="cond" truecount="3" falsecount="1"/>
        <line num="245" count="4" type="stmt"/>
        <line num="249" count="4" type="cond" truecount="1" falsecount="1"/>
        <line num="250" count="4" type="stmt"/>
        <line num="251" count="4" type="stmt"/>
        <line num="255" count="0" type="cond" truecount="0" falsecount="2"/>
        <line num="257" count="0" type="stmt"/>
        <line num="258" count="0" type="cond" truecount="0" falsecount="5"/>
        <line num="260" count="0" type="stmt"/>
        <line num="261" count="0" type="stmt"/>
        <line num="266" count="0" type="stmt"/>
        <line num="267" count="0" type="stmt"/>
        <line num="272" count="8" type="stmt"/>
        <line num="275" count="1" type="stmt"/>
        <line num="278" count="1" type="cond" truecount="1" falsecount="1"/>
        <line num="280" count="1" type="stmt"/>
        <line num="281" count="1" type="cond" truecount="1" falsecount="1"/>
        <line num="283" count="1" type="cond" truecount="1" falsecount="1"/>
        <line num="285" count="1" type="stmt"/>
        <line num="286" count="1" type="stmt"/>
        <line num="291" count="8" type="stmt"/>
        <line num="292" count="1" type="stmt"/>
        <line num="295" count="8" type="stmt"/>
      </file>
    </package>
    <package name="src.features.map.components">
      <metrics statements="37" coveredstatements="36" conditionals="104" coveredconditionals="99" methods="14" coveredmethods="13"/>
      <file name="AirspaceDetailsPanel.tsx" path="/Users/naveendevapalan/Desktop/Naveen/PROJECTS/eAIP-windlayer/frontend/src/features/map/components/AirspaceDetailsPanel.tsx">
        <metrics statements="7" coveredstatements="7" conditionals="16" coveredconditionals="15" methods="3" coveredmethods="3"/>
        <line num="8" count="1" type="cond" truecount="1" falsecount="1"/>
        <line num="12" count="1" type="stmt"/>
        <line num="14" count="1" type="stmt"/>
        <line num="17" count="3" type="stmt"/>
        <line num="26" count="4" type="cond" truecount="2" falsecount="0"/>
        <line num="27" count="3" type="stmt"/>
        <line num="29" count="3" type="stmt"/>
      </file>
      <file name="NavaidDetailsPanel.tsx" path="/Users/naveendevapalan/Desktop/Naveen/PROJECTS/eAIP-windlayer/frontend/src/features/map/components/NavaidDetailsPanel.tsx">
        <metrics statements="5" coveredstatements="5" conditionals="11" coveredconditionals="11" methods="2" coveredmethods="2"/>
        <line num="17" count="8" type="stmt"/>
        <line num="19" count="8" type="cond" truecount="2" falsecount="0"/>
        <line num="20" count="8" type="stmt"/>
        <line num="22" count="8" type="stmt"/>
        <line num="41" count="2" type="stmt"/>
      </file>
      <file name="RouteDetailsPanel.tsx" path="/Users/naveendevapalan/Desktop/Naveen/PROJECTS/eAIP-windlayer/frontend/src/features/map/components/RouteDetailsPanel.tsx">
        <metrics statements="21" coveredstatements="20" conditionals="68" coveredconditionals="64" methods="7" coveredmethods="6"/>
        <line num="17" count="11" type="stmt"/>
        <line num="18" count="11" type="stmt"/>
        <line num="20" count="11" type="stmt"/>
        <line num="21" count="9" type="cond" truecount="4" falsecount="0"/>
        <line num="23" count="1" type="stmt"/>
        <line num="24" count="0" type="stmt"/>
        <line num="29" count="1" type="stmt"/>
        <line num="33" count="11" type="cond" truecount="2" falsecount="0"/>
        <line num="34" count="2" type="stmt"/>
        <line num="44" count="9" type="cond" truecount="2" falsecount="0"/>
        <line num="46" count="4" type="stmt"/>
        <line num="49" count="5" type="stmt"/>
        <line num="50" count="5" type="stmt"/>
        <line num="53" count="5" type="stmt"/>
        <line num="54" count="5" type="stmt"/>
        <line num="55" count="11" type="stmt"/>
        <line num="57" count="11" type="stmt"/>
        <line num="124" count="4" type="stmt"/>
        <line num="125" count="4" type="stmt"/>
        <line num="208" count="2" type="stmt"/>
        <line num="246" count="4" type="stmt"/>
      </file>
      <file name="SharedLabel.tsx" path="/Users/naveendevapalan/Desktop/Naveen/PROJECTS/eAIP-windlayer/frontend/src/features/map/components/SharedLabel.tsx">
        <metrics statements="3" coveredstatements="3" conditionals="5" coveredconditionals="5" methods="1" coveredmethods="1"/>
        <line num="3" count="6" type="stmt"/>
        <line num="4" count="101" type="cond" truecount="5" falsecount="0"/>
        <line num="5" count="43" type="stmt"/>
      </file>
      <file name="WaypointDetailsPanel.tsx" path="/Users/naveendevapalan/Desktop/Naveen/PROJECTS/eAIP-windlayer/frontend/src/features/map/components/WaypointDetailsPanel.tsx">
        <metrics statements="1" coveredstatements="1" conditionals="4" coveredconditionals="4" methods="1" coveredmethods="1"/>
        <line num="4" count="5" type="stmt"/>
      </file>
    </package>
    <package name="src.features.map.controls">
      <metrics statements="65" coveredstatements="54" conditionals="72" coveredconditionals="49" methods="31" coveredmethods="24"/>
      <file name="AltitudeSlider.tsx" path="/Users/naveendevapalan/Desktop/Naveen/PROJECTS/eAIP-windlayer/frontend/src/features/map/controls/AltitudeSlider.tsx">
        <metrics statements="7" coveredstatements="7" conditionals="4" coveredconditionals="4" methods="3" coveredmethods="3"/>
        <line num="4" count="7" type="stmt"/>
        <line num="6" count="7" type="stmt"/>
        <line num="7" count="7" type="cond" truecount="2" falsecount="0"/>
        <line num="8" count="5" type="cond" truecount="2" falsecount="0"/>
        <line num="9" count="3" type="stmt"/>
        <line num="12" count="7" type="stmt"/>
        <line num="23" count="1" type="stmt"/>
      </file>
      <file name="LayerToolbar.tsx" path="/Users/naveendevapalan/Desktop/Naveen/PROJECTS/eAIP-windlayer/frontend/src/features/map/controls/LayerToolbar.tsx">
        <metrics statements="8" coveredstatements="7" conditionals="4" coveredconditionals="3" methods="3" coveredmethods="3"/>
        <line num="10" count="3" type="stmt"/>
        <line num="12" count="3" type="stmt"/>
        <line num="57" count="3" type="stmt"/>
        <line num="60" count="18" type="stmt"/>
        <line num="61" count="18" type="stmt"/>
        <line num="68" count="1" type="cond" truecount="1" falsecount="1"/>
        <line num="69" count="0" type="stmt"/>
        <line num="71" count="1" type="stmt"/>
      </file>
      <file name="SearchBar.tsx" path="/Users/naveendevapalan/Desktop/Naveen/PROJECTS/eAIP-windlayer/frontend/src/features/map/controls/SearchBar.tsx">
        <metrics statements="14" coveredstatements="7" conditionals="23" coveredconditionals="13" methods="11" coveredmethods="5"/>
        <line num="38" count="3" type="stmt"/>
        <line num="40" count="3" type="stmt"/>
        <line num="41" count="3" type="stmt"/>
        <line num="42" count="3" type="cond" truecount="1" falsecount="1"/>
        <line num="46" count="3" type="stmt"/>
        <line num="81" count="1" type="stmt"/>
        <line num="84" count="0" type="stmt"/>
        <line num="87" count="0" type="cond" truecount="0" falsecount="2"/>
        <line num="88" count="0" type="stmt"/>
        <line num="89" count="0" type="stmt"/>
        <line num="108" count="0" type="stmt"/>
        <line num="146" count="1" type="stmt"/>
        <line num="155" count="0" type="stmt"/>
        <line num="158" count="0" type="stmt"/>
      </file>
      <file name="StatusBadge.tsx" path="/Users/naveendevapalan/Desktop/Naveen/PROJECTS/eAIP-windlayer/frontend/src/features/map/controls/StatusBadge.tsx">
        <metrics statements="4" coveredstatements="4" conditionals="4" coveredconditionals="4" methods="2" coveredmethods="2"/>
        <line num="6" count="3" type="stmt"/>
        <line num="13" count="3" type="stmt"/>
        <line num="15" count="3" type="stmt"/>
        <line num="23" count="1" type="stmt"/>
      </file>
      <file name="TimelineControl.tsx" path="/Users/naveendevapalan/Desktop/Naveen/PROJECTS/eAIP-windlayer/frontend/src/features/map/controls/TimelineControl.tsx">
        <metrics statements="14" coveredstatements="14" conditionals="6" coveredconditionals="5" methods="4" coveredmethods="4"/>
        <line num="16" count="6" type="stmt"/>
        <line num="18" count="6" type="stmt"/>
        <line num="19" count="6" type="stmt"/>
        <line num="23" count="6" type="stmt"/>
        <line num="25" count="6" type="cond" truecount="1" falsecount="1"/>
        <line num="27" count="6" type="stmt"/>
        <line num="28" count="6" type="stmt"/>
        <line num="29" count="6" type="stmt"/>
        <line num="31" count="6" type="stmt"/>
        <line num="32" count="2" type="stmt"/>
        <line num="35" count="6" type="stmt"/>
        <line num="72" count="1" type="stmt"/>
        <line num="73" count="1" type="stmt"/>
        <line num="79" count="12" type="stmt"/>
      </file>
      <file name="ViewToggle.tsx" path="/Users/naveendevapalan/Desktop/Naveen/PROJECTS/eAIP-windlayer/frontend/src/features/map/controls/ViewToggle.tsx">
        <metrics statements="18" coveredstatements="15" conditionals="31" coveredconditionals="20" methods="8" coveredmethods="7"/>
        <line num="12" count="6" type="stmt"/>
        <line num="15" count="6" type="stmt"/>
        <line num="16" count="6" type="stmt"/>
        <line num="18" count="6" type="stmt"/>
        <line num="19" count="3" type="stmt"/>
        <line num="20" count="1" type="cond" truecount="3" falsecount="1"/>
        <line num="21" count="1" type="stmt"/>
        <line num="24" count="3" type="stmt"/>
        <line num="25" count="3" type="stmt"/>
        <line num="28" count="6" type="stmt"/>
        <line num="42" count="1" type="stmt"/>
        <line num="43" count="1" type="cond" truecount="3" falsecount="1"/>
        <line num="44" count="1" type="stmt"/>
        <line num="60" count="0" type="stmt"/>
        <line num="61" count="0" type="cond" truecount="0" falsecount="4"/>
        <line num="62" count="0" type="stmt"/>
        <line num="78" count="2" type="stmt"/>
        <line num="95" count="1" type="stmt"/>
      </file>
    </package>
    <package name="src.features.map.layers">
      <metrics statements="418" coveredstatements="350" conditionals="379" coveredconditionals="263" methods="107" coveredmethods="81"/>
      <file name="constants.ts" path="/Users/naveendevapalan/Desktop/Naveen/PROJECTS/eAIP-windlayer/frontend/src/features/map/layers/constants.ts">
        <metrics statements="19" coveredstatements="19" conditionals="2" coveredconditionals="1" methods="1" coveredmethods="1"/>
        <line num="12" count="3" type="stmt"/>
        <line num="13" count="3" type="stmt"/>
        <line num="14" count="3" type="stmt"/>
        <line num="15" count="3" type="stmt"/>
        <line num="16" count="3" type="stmt"/>
        <line num="17" count="3" type="stmt"/>
        <line num="20" count="3" type="stmt"/>
        <line num="21" count="3" type="stmt"/>
        <line num="22" count="3" type="stmt"/>
        <line num="23" count="3" type="stmt"/>
        <line num="28" count="3" type="stmt"/>
        <line num="31" count="3" type="stmt"/>
        <line num="34" count="3" type="stmt"/>
        <line num="38" count="3" type="stmt"/>
        <line num="39" count="3" type="stmt"/>
        <line num="43" count="3" type="stmt"/>
        <line num="44" count="3" type="stmt"/>
        <line num="55" count="11" type="cond" truecount="1" falsecount="1"/>
        <line num="56" count="11" type="stmt"/>
      </file>
      <file name="createAerodromeLayers.ts" path="/Users/naveendevapalan/Desktop/Naveen/PROJECTS/eAIP-windlayer/frontend/src/features/map/layers/createAerodromeLayers.ts">
        <metrics statements="6" coveredstatements="6" conditionals="2" coveredconditionals="1" methods="5" coveredmethods="5"/>
        <line num="17" count="2" type="stmt"/>
        <line num="24" count="1" type="stmt"/>
        <line num="34" count="1" type="cond" truecount="1" falsecount="1"/>
        <line num="35" count="1" type="stmt"/>
        <line num="43" count="1" type="stmt"/>
        <line num="44" count="1" type="stmt"/>
      </file>
      <file name="createAirspaceLayers.ts" path="/Users/naveendevapalan/Desktop/Naveen/PROJECTS/eAIP-windlayer/frontend/src/features/map/layers/createAirspaceLayers.ts">
        <metrics statements="67" coveredstatements="63" conditionals="101" coveredconditionals="78" methods="11" coveredmethods="11"/>
        <line num="13" count="1" type="stmt"/>
        <line num="27" count="1" type="stmt"/>
        <line num="41" count="1" type="stmt"/>
        <line num="43" count="1" type="stmt"/>
        <line num="48" count="19" type="cond" truecount="2" falsecount="0"/>
        <line num="52" count="11" type="cond" truecount="2" falsecount="0"/>
        <line num="53" count="11" type="cond" truecount="2" falsecount="0"/>
        <line num="55" count="2" type="cond" truecount="2" falsecount="0"/>
        <line num="56" count="11" type="cond" truecount="1" falsecount="1"/>
        <line num="57" count="2" type="cond" truecount="1" falsecount="1"/>
        <line num="58" count="2" type="cond" truecount="1" falsecount="1"/>
        <line num="59" count="2" type="cond" truecount="1" falsecount="1"/>
        <line num="60" count="2" type="cond" truecount="1" falsecount="1"/>
        <line num="62" count="2" type="stmt"/>
        <line num="66" count="11" type="stmt"/>
        <line num="67" count="11" type="stmt"/>
        <line num="70" count="11" type="cond" truecount="1" falsecount="1"/>
        <line num="72" count="11" type="stmt"/>
        <line num="75" count="11" type="cond" truecount="4" falsecount="0"/>
        <line num="76" count="10" type="cond" truecount="1" falsecount="1"/>
        <line num="80" count="0" type="stmt"/>
        <line num="81" count="10" type="cond" truecount="3" falsecount="1"/>
        <line num="82" count="10" type="cond" truecount="2" falsecount="2"/>
        <line num="84" count="10" type="cond" truecount="3" falsecount="0"/>
        <line num="85" count="11" type="cond" truecount="2" falsecount="0"/>
        <line num="88" count="7" type="stmt"/>
        <line num="89" count="7" type="stmt"/>
        <line num="91" count="7" type="cond" truecount="2" falsecount="0"/>
        <line num="97" count="4" type="cond" truecount="1" falsecount="1"/>
        <line num="99" count="4" type="stmt"/>
        <line num="108" count="7" type="cond" truecount="1" falsecount="1"/>
        <line num="109" count="7" type="stmt"/>
        <line num="110" count="7" type="stmt"/>
        <line num="113" count="7" type="cond" truecount="2" falsecount="0"/>
        <line num="116" count="6" type="cond" truecount="4" falsecount="0"/>
        <line num="117" count="5" type="cond" truecount="2" falsecount="0"/>
        <line num="121" count="1" type="stmt"/>
        <line num="122" count="4" type="cond" truecount="4" falsecount="0"/>
        <line num="123" count="1" type="stmt"/>
        <line num="124" count="3" type="cond" truecount="4" falsecount="0"/>
        <line num="127" count="2" type="cond" truecount="2" falsecount="0"/>
        <line num="147" count="1" type="cond" truecount="2" falsecount="0"/>
        <line num="148" count="1" type="stmt"/>
        <line num="150" count="5" type="stmt"/>
        <line num="152" count="2" type="stmt"/>
        <line num="153" count="2" type="cond" truecount="2" falsecount="0"/>
        <line num="156" count="1" type="cond" truecount="1" falsecount="1"/>
        <line num="157" count="1" type="cond" truecount="3" falsecount="1"/>
        <line num="158" count="1" type="stmt"/>
        <line num="160" count="0" type="stmt"/>
        <line num="162" count="0" type="cond" truecount="0" falsecount="2"/>
        <line num="163" count="1" type="stmt"/>
        <line num="167" count="1" type="stmt"/>
        <line num="168" count="1" type="cond" truecount="1" falsecount="1"/>
        <line num="170" count="1" type="cond" truecount="1" falsecount="1"/>
        <line num="171" count="1" type="cond" truecount="3" falsecount="1"/>
        <line num="172" count="1" type="stmt"/>
        <line num="174" count="0" type="stmt"/>
        <line num="178" count="3" type="stmt"/>
        <line num="179" count="3" type="cond" truecount="2" falsecount="0"/>
        <line num="181" count="2" type="cond" truecount="2" falsecount="0"/>
        <line num="182" count="3" type="cond" truecount="4" falsecount="0"/>
        <line num="183" count="1" type="stmt"/>
        <line num="186" count="1" type="cond" truecount="1" falsecount="1"/>
        <line num="187" count="3" type="cond" truecount="1" falsecount="1"/>
        <line num="190" count="3" type="cond" truecount="1" falsecount="1"/>
        <line num="191" count="3" type="stmt"/>
      </file>
      <file name="createAtsRouteLayers.ts" path="/Users/naveendevapalan/Desktop/Naveen/PROJECTS/eAIP-windlayer/frontend/src/features/map/layers/createAtsRouteLayers.ts">
        <metrics statements="112" coveredstatements="71" conditionals="119" coveredconditionals="74" methods="43" coveredmethods="23"/>
        <line num="38" count="1" type="stmt"/>
        <line num="39" count="1" type="stmt"/>
        <line num="41" count="1" type="cond" truecount="2" falsecount="2"/>
        <line num="42" count="0" type="stmt"/>
        <line num="43" count="1" type="cond" truecount="2" falsecount="2"/>
        <line num="44" count="0" type="stmt"/>
        <line num="45" count="0" type="cond" truecount="0" falsecount="4"/>
        <line num="46" count="0" type="stmt"/>
        <line num="50" count="1" type="cond" truecount="1" falsecount="1"/>
        <line num="52" count="0" type="stmt"/>
        <line num="61" count="0" type="cond" truecount="0" falsecount="4"/>
        <line num="63" count="0" type="cond" truecount="0" falsecount="2"/>
        <line num="65" count="0" type="stmt"/>
        <line num="67" count="0" type="stmt"/>
        <line num="74" count="1" type="cond" truecount="1" falsecount="1"/>
        <line num="87" count="0" type="cond" truecount="0" falsecount="2"/>
        <line num="89" count="0" type="stmt"/>
        <line num="111" count="4" type="stmt"/>
        <line num="113" count="4" type="stmt"/>
        <line num="114" count="4" type="stmt"/>
        <line num="118" count="4" type="stmt"/>
        <line num="127" count="3" type="cond" truecount="2" falsecount="0"/>
        <line num="128" count="2" type="cond" truecount="2" falsecount="0"/>
        <line num="129" count="1" type="cond" truecount="1" falsecount="1"/>
        <line num="132" count="3" type="cond" truecount="4" falsecount="0"/>
        <line num="133" count="2" type="cond" truecount="2" falsecount="0"/>
        <line num="134" count="3" type="stmt"/>
        <line num="135" count="3" type="cond" truecount="2" falsecount="0"/>
        <line num="139" count="3" type="cond" truecount="3" falsecount="1"/>
        <line num="140" count="3" type="stmt"/>
        <line num="141" count="3" type="cond" truecount="4" falsecount="0"/>
        <line num="142" count="2" type="stmt"/>
        <line num="143" count="2" type="stmt"/>
        <line num="147" count="3" type="stmt"/>
        <line num="149" count="0" type="stmt"/>
        <line num="150" count="0" type="stmt"/>
        <line num="166" count="4" type="cond" truecount="4" falsecount="0"/>
        <line num="167" count="3" type="stmt"/>
        <line num="171" count="1" type="stmt"/>
        <line num="172" count="1" type="stmt"/>
        <line num="174" count="3" type="cond" truecount="2" falsecount="0"/>
        <line num="175" count="2" type="cond" truecount="2" falsecount="0"/>
        <line num="187" count="4" type="cond" truecount="2" falsecount="0"/>
        <line num="188" count="2" type="stmt"/>
        <line num="189" count="4" type="stmt"/>
        <line num="190" count="4" type="cond" truecount="1" falsecount="1"/>
        <line num="194" count="2" type="stmt"/>
        <line num="203" count="0" type="stmt"/>
        <line num="204" count="0" type="stmt"/>
        <line num="205" count="0" type="stmt"/>
        <line num="207" count="1" type="stmt"/>
        <line num="208" count="1" type="cond" truecount="1" falsecount="1"/>
        <line num="210" count="0" type="stmt"/>
        <line num="215" count="0" type="cond" truecount="0" falsecount="2"/>
        <line num="228" count="2" type="stmt"/>
        <line num="237" count="0" type="stmt"/>
        <line num="238" count="0" type="stmt"/>
        <line num="239" count="0" type="stmt"/>
        <line num="242" count="1" type="stmt"/>
        <line num="243" count="1" type="stmt"/>
        <line num="245" count="1" type="cond" truecount="1" falsecount="1"/>
        <line num="246" count="1" type="stmt"/>
        <line num="248" count="0" type="stmt"/>
        <line num="254" count="0" type="cond" truecount="0" falsecount="2"/>
        <line num="263" count="2" type="stmt"/>
        <line num="268" count="0" type="stmt"/>
        <line num="269" count="0" type="stmt"/>
        <line num="270" count="0" type="stmt"/>
        <line num="275" count="0" type="stmt"/>
        <line num="276" count="0" type="stmt"/>
        <line num="278" count="0" type="cond" truecount="0" falsecount="2"/>
        <line num="279" count="0" type="stmt"/>
        <line num="281" count="0" type="stmt"/>
        <line num="287" count="0" type="cond" truecount="0" falsecount="2"/>
        <line num="298" count="4" type="stmt"/>
        <line num="311" count="0" type="stmt"/>
        <line num="313" count="3" type="stmt"/>
        <line num="314" count="3" type="cond" truecount="2" falsecount="0"/>
        <line num="315" count="2" type="cond" truecount="2" falsecount="0"/>
        <line num="316" count="1" type="cond" truecount="1" falsecount="1"/>
        <line num="318" count="1" type="cond" truecount="1" falsecount="1"/>
        <line num="319" count="0" type="stmt"/>
        <line num="322" count="0" type="stmt"/>
        <line num="323" count="0" type="cond" truecount="0" falsecount="2"/>
        <line num="324" count="0" type="cond" truecount="0" falsecount="2"/>
        <line num="325" count="0" type="stmt"/>
        <line num="327" count="0" type="cond" truecount="0" falsecount="2"/>
        <line num="329" count="2" type="stmt"/>
        <line num="330" count="2" type="cond" truecount="2" falsecount="0"/>
        <line num="331" count="1" type="cond" truecount="1" falsecount="1"/>
        <line num="332" count="0" type="cond" truecount="0" falsecount="2"/>
        <line num="335" count="3" type="stmt"/>
        <line num="336" count="3" type="cond" truecount="2" falsecount="0"/>
        <line num="337" count="2" type="cond" truecount="2" falsecount="0"/>
        <line num="338" count="1" type="cond" truecount="1" falsecount="1"/>
        <line num="340" count="1" type="cond" truecount="1" falsecount="1"/>
        <line num="341" count="0" type="stmt"/>
        <line num="347" count="4" type="cond" truecount="4" falsecount="0"/>
        <line num="348" count="3" type="stmt"/>
        <line num="350" count="3" type="cond" truecount="3" falsecount="0"/>
        <line num="352" count="2" type="stmt"/>
        <line num="353" count="3" type="cond" truecount="4" falsecount="0"/>
        <line num="354" count="1" type="stmt"/>
        <line num="355" count="2" type="cond" truecount="2" falsecount="0"/>
        <line num="356" count="1" type="stmt"/>
        <line num="357" count="1" type="stmt"/>
        <line num="358" count="1" type="cond" truecount="1" falsecount="1"/>
        <line num="359" count="1" type="stmt"/>
        <line num="360" count="1" type="stmt"/>
        <line num="369" count="1" type="stmt"/>
        <line num="370" count="1" type="stmt"/>
        <line num="387" count="4" type="stmt"/>
      </file>
      <file name="createNavaidLayer.ts" path="/Users/naveendevapalan/Desktop/Naveen/PROJECTS/eAIP-windlayer/frontend/src/features/map/layers/createNavaidLayer.ts">
        <metrics statements="15" coveredstatements="13" conditionals="18" coveredconditionals="11" methods="6" coveredmethods="5"/>
        <line num="13" count="3" type="stmt"/>
        <line num="14" count="3" type="stmt"/>
        <line num="16" count="3" type="stmt"/>
        <line num="26" count="1" type="cond" truecount="1" falsecount="1"/>
        <line num="27" count="1" type="stmt"/>
        <line num="28" count="1" type="stmt"/>
        <line num="37" count="1" type="cond" truecount="2" falsecount="2"/>
        <line num="38" count="0" type="stmt"/>
        <line num="39" count="1" type="stmt"/>
        <line num="42" count="3" type="cond" truecount="4" falsecount="0"/>
        <line num="43" count="1" type="stmt"/>
        <line num="44" count="2" type="stmt"/>
        <line num="46" count="0" type="cond" truecount="0" falsecount="2"/>
        <line num="53" count="1" type="cond" truecount="3" falsecount="1"/>
        <line num="54" count="1" type="stmt"/>
      </file>
      <file name="createWaypointLayer.ts" path="/Users/naveendevapalan/Desktop/Naveen/PROJECTS/eAIP-windlayer/frontend/src/features/map/layers/createWaypointLayer.ts">
        <metrics statements="17" coveredstatements="17" conditionals="23" coveredconditionals="20" methods="7" coveredmethods="7"/>
        <line num="13" count="4" type="stmt"/>
        <line num="14" count="4" type="stmt"/>
        <line num="16" count="4" type="stmt"/>
        <line num="30" count="1" type="stmt"/>
        <line num="32" count="2" type="cond" truecount="2" falsecount="0"/>
        <line num="36" count="1" type="stmt"/>
        <line num="38" count="1" type="stmt"/>
        <line num="41" count="2" type="cond" truecount="2" falsecount="0"/>
        <line num="45" count="1" type="stmt"/>
        <line num="47" count="1" type="stmt"/>
        <line num="49" count="1" type="cond" truecount="1" falsecount="1"/>
        <line num="51" count="2" type="cond" truecount="1" falsecount="1"/>
        <line num="53" count="2" type="cond" truecount="3" falsecount="0"/>
        <line num="55" count="2" type="cond" truecount="4" falsecount="0"/>
        <line num="56" count="1" type="stmt"/>
        <line num="63" count="1" type="cond" truecount="3" falsecount="1"/>
        <line num="64" count="1" type="stmt"/>
      </file>
      <file name="mapStyles.ts" path="/Users/naveendevapalan/Desktop/Naveen/PROJECTS/eAIP-windlayer/frontend/src/features/map/layers/mapStyles.ts">
        <metrics statements="2" coveredstatements="2" conditionals="0" coveredconditionals="0" methods="0" coveredmethods="0"/>
        <line num="8" count="1" type="stmt"/>
        <line num="42" count="1" type="stmt"/>
      </file>
      <file name="useDeckLayers.ts" path="/Users/naveendevapalan/Desktop/Naveen/PROJECTS/eAIP-windlayer/frontend/src/features/map/layers/useDeckLayers.ts">
        <metrics statements="35" coveredstatements="31" conditionals="32" coveredconditionals="18" methods="6" coveredmethods="4"/>
        <line num="46" count="1" type="stmt"/>
        <line num="48" count="1" type="stmt"/>
        <line num="51" count="1" type="stmt"/>
        <line num="52" count="1" type="stmt"/>
        <line num="53" count="1" type="cond" truecount="3" falsecount="1"/>
        <line num="54" count="0" type="stmt"/>
        <line num="55" count="0" type="cond" truecount="0" falsecount="2"/>
        <line num="60" count="1" type="cond" truecount="2" falsecount="0"/>
        <line num="62" count="1" type="cond" truecount="2" falsecount="0"/>
        <line num="64" count="1" type="cond" truecount="1" falsecount="1"/>
        <line num="66" count="1" type="stmt"/>
        <line num="68" count="1" type="stmt"/>
        <line num="71" count="1" type="stmt"/>
        <line num="72" count="1" type="cond" truecount="1" falsecount="1"/>
        <line num="73" count="0" type="stmt"/>
        <line num="80" count="1" type="stmt"/>
        <line num="95" count="1" type="stmt"/>
        <line num="96" count="1" type="stmt"/>
        <line num="97" count="1" type="stmt"/>
        <line num="99" count="1" type="cond" truecount="1" falsecount="1"/>
        <line num="100" count="1" type="stmt"/>
        <line num="103" count="1" type="cond" truecount="1" falsecount="1"/>
        <line num="104" count="1" type="stmt"/>
        <line num="107" count="1" type="cond" truecount="1" falsecount="1"/>
        <line num="108" count="1" type="stmt"/>
        <line num="111" count="1" type="cond" truecount="1" falsecount="1"/>
        <line num="112" count="1" type="stmt"/>
        <line num="115" count="1" type="cond" truecount="1" falsecount="1"/>
        <line num="116" count="1" type="stmt"/>
        <line num="120" count="1" type="cond" truecount="3" falsecount="1"/>
        <line num="121" count="1" type="stmt"/>
        <line num="135" count="1" type="cond" truecount="1" falsecount="1"/>
        <line num="136" count="0" type="stmt"/>
        <line num="139" count="1" type="stmt"/>
        <line num="167" count="1" type="stmt"/>
      </file>
      <file name="useRouteAnimation.ts" path="/Users/naveendevapalan/Desktop/Naveen/PROJECTS/eAIP-windlayer/frontend/src/features/map/layers/useRouteAnimation.ts">
        <metrics statements="51" coveredstatements="51" conditionals="29" coveredconditionals="24" methods="13" coveredmethods="13"/>
        <line num="27" count="20" type="stmt"/>
        <line num="29" count="20" type="stmt"/>
        <line num="30" count="20" type="stmt"/>
        <line num="34" count="20" type="stmt"/>
        <line num="36" count="5" type="stmt"/>
        <line num="38" count="5" type="stmt"/>
        <line num="39" count="74" type="cond" truecount="2" falsecount="0"/>
        <line num="40" count="74" type="stmt"/>
        <line num="42" count="74" type="cond" truecount="3" falsecount="1"/>
        <line num="44" count="74" type="stmt"/>
        <line num="45" count="74" type="stmt"/>
        <line num="46" count="72" type="stmt"/>
        <line num="48" count="72" type="stmt"/>
        <line num="51" count="74" type="stmt"/>
        <line num="52" count="74" type="stmt"/>
        <line num="55" count="5" type="cond" truecount="2" falsecount="0"/>
        <line num="56" count="4" type="stmt"/>
        <line num="58" count="1" type="stmt"/>
        <line num="61" count="5" type="stmt"/>
        <line num="62" count="5" type="cond" truecount="2" falsecount="0"/>
        <line num="68" count="20" type="stmt"/>
        <line num="69" count="5" type="stmt"/>
        <line num="71" count="5" type="cond" truecount="5" falsecount="0"/>
        <line num="75" count="2" type="stmt"/>
        <line num="76" count="2" type="stmt"/>
        <line num="77" count="2" type="stmt"/>
        <line num="78" count="2" type="stmt"/>
        <line num="79" count="1" type="cond" truecount="1" falsecount="1"/>
        <line num="81" count="1" type="stmt"/>
        <line num="82" count="1" type="stmt"/>
        <line num="84" count="1" type="stmt"/>
        <line num="85" count="1" type="cond" truecount="3" falsecount="1"/>
        <line num="86" count="1" type="stmt"/>
        <line num="90" count="1" type="stmt"/>
        <line num="91" count="1" type="cond" truecount="1" falsecount="1"/>
        <line num="94" count="1" type="stmt"/>
        <line num="95" count="1" type="stmt"/>
        <line num="97" count="1" type="stmt"/>
        <line num="101" count="2" type="stmt"/>
        <line num="103" count="3" type="stmt"/>
        <line num="104" count="3" type="stmt"/>
        <line num="107" count="5" type="stmt"/>
        <line num="108" count="5" type="stmt"/>
        <line num="114" count="20" type="stmt"/>
        <line num="115" count="7" type="cond" truecount="4" falsecount="0"/>
        <line num="116" count="3" type="stmt"/>
        <line num="118" count="4" type="stmt"/>
        <line num="119" count="2" type="stmt"/>
        <line num="121" count="4" type="stmt"/>
        <line num="122" count="4" type="stmt"/>
        <line num="127" count="20" type="stmt"/>
      </file>
      <file name="useWindLayer.ts" path="/Users/naveendevapalan/Desktop/Naveen/PROJECTS/eAIP-windlayer/frontend/src/features/map/layers/useWindLayer.ts">
        <metrics statements="94" coveredstatements="77" conditionals="53" coveredconditionals="36" methods="15" coveredmethods="12"/>
        <line num="29" count="25" type="stmt"/>
        <line num="31" count="25" type="stmt"/>
        <line num="32" count="25" type="stmt"/>
        <line num="33" count="25" type="stmt"/>
        <line num="35" count="25" type="cond" truecount="2" falsecount="0"/>
        <line num="38" count="25" type="stmt"/>
        <line num="39" count="13" type="cond" truecount="2" falsecount="0"/>
        <line num="42" count="4" type="stmt"/>
        <line num="43" count="4" type="stmt"/>
        <line num="44" count="3" type="stmt"/>
        <line num="45" count="3" type="cond" truecount="3" falsecount="1"/>
        <line num="46" count="3" type="stmt"/>
        <line num="47" count="6" type="stmt"/>
        <line num="48" count="6" type="stmt"/>
        <line num="55" count="3" type="stmt"/>
        <line num="58" count="3" type="cond" truecount="1" falsecount="1"/>
        <line num="59" count="3" type="stmt"/>
        <line num="60" count="3" type="stmt"/>
        <line num="64" count="1" type="stmt"/>
        <line num="65" count="1" type="stmt"/>
        <line num="68" count="4" type="stmt"/>
        <line num="72" count="25" type="stmt"/>
        <line num="73" count="17" type="stmt"/>
        <line num="76" count="17" type="cond" truecount="4" falsecount="0"/>
        <line num="78" count="4" type="stmt"/>
        <line num="79" count="4" type="stmt"/>
        <line num="81" count="4" type="cond" truecount="2" falsecount="0"/>
        <line num="83" count="17" type="stmt"/>
        <line num="84" count="8" type="stmt"/>
        <line num="85" count="8" type="cond" truecount="1" falsecount="1"/>
        <line num="86" count="8" type="stmt"/>
        <line num="89" count="17" type="stmt"/>
        <line num="90" count="17" type="stmt"/>
        <line num="91" count="4" type="cond" truecount="1" falsecount="1"/>
        <line num="93" count="4" type="stmt"/>
        <line num="94" count="4" type="stmt"/>
        <line num="95" count="8" type="stmt"/>
        <line num="98" count="4" type="stmt"/>
        <line num="99" count="4" type="stmt"/>
        <line num="101" count="0" type="cond" truecount="0" falsecount="2"/>
        <line num="102" count="0" type="stmt"/>
        <line num="103" count="0" type="stmt"/>
        <line num="107" count="17" type="stmt"/>
        <line num="108" count="17" type="stmt"/>
        <line num="109" count="17" type="stmt"/>
        <line num="114" count="25" type="stmt"/>
        <line num="115" count="16" type="cond" truecount="3" falsecount="2"/>
        <line num="117" count="0" type="stmt"/>
        <line num="120" count="0" type="stmt"/>
        <line num="121" count="0" type="stmt"/>
        <line num="122" count="0" type="stmt"/>
        <line num="125" count="0" type="stmt"/>
        <line num="127" count="0" type="stmt"/>
        <line num="128" count="0" type="stmt"/>
        <line num="129" count="0" type="cond" truecount="0" falsecount="2"/>
        <line num="130" count="0" type="stmt"/>
        <line num="131" count="0" type="stmt"/>
        <line num="133" count="0" type="stmt"/>
        <line num="136" count="0" type="stmt"/>
        <line num="139" count="0" type="stmt"/>
        <line num="140" count="0" type="stmt"/>
        <line num="150" count="25" type="stmt"/>
        <line num="151" count="25" type="stmt"/>
        <line num="152" count="25" type="stmt"/>
        <line num="153" count="25" type="stmt"/>
        <line num="155" count="25" type="stmt"/>
        <line num="156" count="21" type="cond" truecount="4" falsecount="0"/>
        <line num="158" count="4" type="stmt"/>
        <line num="175" count="25" type="stmt"/>
        <line num="177" count="1" type="stmt"/>
        <line num="178" count="1" type="stmt"/>
        <line num="179" count="1" type="cond" truecount="1" falsecount="1"/>
        <line num="181" count="1" type="stmt"/>
        <line num="182" count="1" type="cond" truecount="5" falsecount="1"/>
        <line num="184" count="1" type="stmt"/>
        <line num="185" count="1" type="stmt"/>
        <line num="187" count="1" type="stmt"/>
        <line num="188" count="1" type="stmt"/>
        <line num="190" count="1" type="stmt"/>
        <line num="191" count="1" type="stmt"/>
        <line num="193" count="1" type="stmt"/>
        <line num="194" count="1" type="stmt"/>
        <line num="196" count="1" type="cond" truecount="1" falsecount="1"/>
        <line num="197" count="1" type="stmt"/>
        <line num="198" count="1" type="stmt"/>
        <line num="199" count="1" type="stmt"/>
        <line num="200" count="1" type="stmt"/>
        <line num="203" count="1" type="cond" truecount="4" falsecount="2"/>
        <line num="205" count="1" type="stmt"/>
        <line num="206" count="1" type="stmt"/>
        <line num="208" count="1" type="stmt"/>
        <line num="209" count="1" type="cond" truecount="1" falsecount="1"/>
        <line num="211" count="1" type="stmt"/>
        <line num="216" count="25" type="stmt"/>
      </file>
    </package>
    <package name="src.features.map.tooltips">
      <metrics statements="153" coveredstatements="116" conditionals="265" coveredconditionals="161" methods="15" coveredmethods="11"/>
      <file name="WindTooltip.tsx" path="/Users/naveendevapalan/Desktop/Naveen/PROJECTS/eAIP-windlayer/frontend/src/features/map/tooltips/WindTooltip.tsx">
        <metrics statements="1" coveredstatements="0" conditionals="0" coveredconditionals="0" methods="1" coveredmethods="0"/>
        <line num="9" count="0" type="stmt"/>
      </file>
      <file name="tooltipStyles.ts" path="/Users/naveendevapalan/Desktop/Naveen/PROJECTS/eAIP-windlayer/frontend/src/features/map/tooltips/tooltipStyles.ts">
        <metrics statements="1" coveredstatements="1" conditionals="0" coveredconditionals="0" methods="0" coveredmethods="0"/>
        <line num="4" count="1" type="stmt"/>
      </file>
      <file name="useMapTooltip.ts" path="/Users/naveendevapalan/Desktop/Naveen/PROJECTS/eAIP-windlayer/frontend/src/features/map/tooltips/useMapTooltip.ts">
        <metrics statements="140" coveredstatements="108" conditionals="258" coveredconditionals="159" methods="12" coveredmethods="9"/>
        <line num="14" count="12" type="stmt"/>
        <line num="16" count="12" type="stmt"/>
        <line num="18" count="12" type="cond" truecount="4" falsecount="0"/>
        <line num="19" count="2" type="cond" truecount="1" falsecount="1"/>
        <line num="20" count="2" type="stmt"/>
        <line num="22" count="2" type="cond" truecount="4" falsecount="0"/>
        <line num="23" count="1" type="cond" truecount="2" falsecount="0"/>
        <line num="25" count="1" type="stmt"/>
        <line num="26" count="1" type="cond" truecount="1" falsecount="1"/>
        <line num="30" count="2" type="stmt"/>
        <line num="31" count="2" type="stmt"/>
        <line num="32" count="7" type="cond" truecount="2" falsecount="0"/>
        <line num="36" count="2" type="stmt"/>
        <line num="37" count="2" type="cond" truecount="4" falsecount="0"/>
        <line num="39" count="2" type="stmt"/>
        <line num="40" count="2" type="stmt"/>
        <line num="42" count="2" type="cond" truecount="2" falsecount="0"/>
        <line num="43" count="2" type="cond" truecount="1" falsecount="1"/>
        <line num="44" count="2" type="stmt"/>
        <line num="45" count="3" type="cond" truecount="2" falsecount="0"/>
        <line num="47" count="2" type="cond" truecount="1" falsecount="1"/>
        <line num="48" count="2" type="stmt"/>
        <line num="51" count="3" type="cond" truecount="1" falsecount="1"/>
        <line num="61" count="2" type="cond" truecount="3" falsecount="2"/>
        <line num="65" count="2" type="stmt"/>
        <line num="78" count="10" type="cond" truecount="4" falsecount="0"/>
        <line num="79" count="1" type="cond" truecount="1" falsecount="1"/>
        <line num="80" count="1" type="cond" truecount="1" falsecount="1"/>
        <line num="82" count="1" type="cond" truecount="2" falsecount="2"/>
        <line num="86" count="1" type="stmt"/>
        <line num="95" count="9" type="cond" truecount="4" falsecount="0"/>
        <line num="96" count="1" type="cond" truecount="1" falsecount="1"/>
        <line num="98" count="1" type="cond" truecount="2" falsecount="2"/>
        <line num="102" count="1" type="cond" truecount="2" falsecount="2"/>
        <line num="106" count="1" type="stmt"/>
        <line num="118" count="8" type="cond" truecount="4" falsecount="0"/>
        <line num="119" count="1" type="cond" truecount="1" falsecount="1"/>
        <line num="120" count="1" type="cond" truecount="2" falsecount="2"/>
        <line num="121" count="1" type="cond" truecount="2" falsecount="0"/>
        <line num="122" count="1" type="cond" truecount="1" falsecount="1"/>
        <line num="128" count="1" type="cond" truecount="2" falsecount="2"/>
        <line num="132" count="1" type="cond" truecount="3" falsecount="3"/>
        <line num="136" count="1" type="cond" truecount="5" falsecount="1"/>
        <line num="143" count="1" type="stmt"/>
        <line num="156" count="7" type="cond" truecount="4" falsecount="0"/>
        <line num="157" count="1" type="cond" truecount="1" falsecount="1"/>
        <line num="158" count="1" type="cond" truecount="1" falsecount="1"/>
        <line num="163" count="1" type="cond" truecount="2" falsecount="2"/>
        <line num="164" count="0" type="stmt"/>
        <line num="165" count="1" type="stmt"/>
        <line num="172" count="6" type="cond" truecount="4" falsecount="0"/>
        <line num="173" count="1" type="cond" truecount="1" falsecount="1"/>
        <line num="174" count="1" type="cond" truecount="1" falsecount="1"/>
        <line num="175" count="1" type="cond" truecount="1" falsecount="2"/>
        <line num="176" count="1" type="cond" truecount="2" falsecount="2"/>
        <line num="178" count="1" type="stmt"/>
        <line num="189" count="5" type="stmt"/>
        <line num="190" count="12" type="cond" truecount="5" falsecount="0"/>
        <line num="191" count="5" type="stmt"/>
        <line num="192" count="5" type="cond" truecount="1" falsecount="1"/>
        <line num="193" count="5" type="stmt"/>
        <line num="194" count="10" type="stmt"/>
        <line num="197" count="5" type="cond" truecount="2" falsecount="0"/>
        <line num="199" count="4" type="stmt"/>
        <line num="202" count="4" type="cond" truecount="3" falsecount="1"/>
        <line num="203" count="4" type="stmt"/>
        <line num="204" count="4" type="stmt"/>
        <line num="206" count="4" type="stmt"/>
        <line num="207" count="6" type="stmt"/>
        <line num="208" count="6" type="cond" truecount="1" falsecount="1"/>
        <line num="209" count="6" type="cond" truecount="1" falsecount="1"/>
        <line num="210" count="6" type="cond" truecount="1" falsecount="2"/>
        <line num="211" count="6" type="cond" truecount="3" falsecount="0"/>
        <line num="213" count="6" type="cond" truecount="4" falsecount="0"/>
        <line num="215" count="6" type="cond" truecount="5" falsecount="0"/>
        <line num="216" count="1" type="cond" truecount="1" falsecount="1"/>
        <line num="218" count="1" type="stmt"/>
        <line num="219" count="1" type="cond" truecount="1" falsecount="1"/>
        <line num="221" count="6" type="cond" truecount="2" falsecount="0"/>
        <line num="223" count="6" type="stmt"/>
        <line num="224" count="6" type="stmt"/>
        <line num="226" count="6" type="cond" truecount="2" falsecount="0"/>
        <line num="227" count="4" type="cond" truecount="1" falsecount="1"/>
        <line num="229" count="4" type="stmt"/>
        <line num="230" count="4" type="stmt"/>
        <line num="231" count="3" type="cond" truecount="1" falsecount="1"/>
        <line num="235" count="4" type="cond" truecount="2" falsecount="0"/>
        <line num="236" count="1" type="stmt"/>
        <line num="237" count="1" type="cond" truecount="3" falsecount="1"/>
        <line num="238" count="1" type="stmt"/>
        <line num="240" count="3" type="cond" truecount="4" falsecount="0"/>
        <line num="241" count="1" type="stmt"/>
        <line num="242" count="1" type="cond" truecount="1" falsecount="1"/>
        <line num="243" count="1" type="stmt"/>
        <line num="244" count="1" type="stmt"/>
        <line num="245" count="1" type="cond" truecount="1" falsecount="1"/>
        <line num="246" count="1" type="cond" truecount="3" falsecount="1"/>
        <line num="247" count="1" type="stmt"/>
        <line num="248" count="1" type="cond" truecount="1" falsecount="1"/>
        <line num="249" count="1" type="stmt"/>
        <line num="251" count="0" type="stmt"/>
        <line num="255" count="1" type="cond" truecount="1" falsecount="1"/>
        <line num="257" count="0" type="cond" truecount="0" falsecount="2"/>
        <line num="259" count="1" type="cond" truecount="1" falsecount="1"/>
        <line num="260" count="1" type="stmt"/>
        <line num="261" count="2" type="cond" truecount="3" falsecount="2"/>
        <line num="265" count="0" type="stmt"/>
        <line num="266" count="0" type="stmt"/>
        <line num="267" count="0" type="stmt"/>
        <line num="269" count="0" type="stmt"/>
        <line num="270" count="0" type="stmt"/>
        <line num="271" count="0" type="stmt"/>
        <line num="273" count="0" type="stmt"/>
        <line num="274" count="0" type="cond" truecount="0" falsecount="4"/>
        <line num="275" count="0" type="cond" truecount="0" falsecount="2"/>
        <line num="276" count="0" type="stmt"/>
        <line num="277" count="0" type="stmt"/>
        <line num="278" count="0" type="stmt"/>
        <line num="279" count="0" type="cond" truecount="0" falsecount="2"/>
        <line num="281" count="0" type="stmt"/>
        <line num="283" count="0" type="cond" truecount="0" falsecount="4"/>
        <line num="284" count="0" type="cond" truecount="0" falsecount="5"/>
        <line num="285" count="0" type="stmt"/>
        <line num="287" count="0" type="cond" truecount="0" falsecount="2"/>
        <line num="288" count="0" type="stmt"/>
        <line num="289" count="0" type="stmt"/>
        <line num="292" count="0" type="cond" truecount="0" falsecount="2"/>
        <line num="293" count="0" type="cond" truecount="0" falsecount="2"/>
        <line num="294" count="0" type="stmt"/>
        <line num="295" count="2" type="cond" truecount="3" falsecount="2"/>
        <line num="299" count="0" type="stmt"/>
        <line num="300" count="0" type="stmt"/>
        <line num="301" count="0" type="cond" truecount="0" falsecount="2"/>
        <line num="303" count="0" type="cond" truecount="0" falsecount="2"/>
        <line num="304" count="0" type="stmt"/>
        <line num="309" count="6" type="cond" truecount="2" falsecount="0"/>
        <line num="312" count="6" type="stmt"/>
        <line num="320" count="6" type="stmt"/>
        <line num="331" count="0" type="stmt"/>
        <line num="336" count="12" type="stmt"/>
      </file>
      <file name="useWindTooltip.ts" path="/Users/naveendevapalan/Desktop/Naveen/PROJECTS/eAIP-windlayer/frontend/src/features/map/tooltips/useWindTooltip.ts">
        <metrics statements="11" coveredstatements="7" conditionals="7" coveredconditionals="2" methods="2" coveredmethods="2"/>
        <line num="6" count="8" type="stmt"/>
        <line num="7" count="8" type="stmt"/>
        <line num="8" count="8" type="stmt"/>
        <line num="15" count="8" type="stmt"/>
        <line num="17" count="1" type="cond" truecount="2" falsecount="3"/>
        <line num="18" count="0" type="stmt"/>
        <line num="19" count="0" type="cond" truecount="0" falsecount="2"/>
        <line num="20" count="0" type="stmt"/>
        <line num="26" count="0" type="stmt"/>
        <line num="29" count="1" type="stmt"/>
        <line num="34" count="8" type="stmt"/>
      </file>
    </package>
    <package name="src.features.map.utils">
      <metrics statements="109" coveredstatements="109" conditionals="72" coveredconditionals="64" methods="6" coveredmethods="6"/>
      <file name="routeAnimation.ts" path="/Users/naveendevapalan/Desktop/Naveen/PROJECTS/eAIP-windlayer/frontend/src/features/map/utils/routeAnimation.ts">
        <metrics statements="87" coveredstatements="87" conditionals="58" coveredconditionals="51" methods="4" coveredmethods="4"/>
        <line num="2" count="21" type="cond" truecount="2" falsecount="0"/>
        <line num="3" count="20" type="stmt"/>
        <line num="4" count="20" type="cond" truecount="2" falsecount="0"/>
        <line num="6" count="19" type="stmt"/>
        <line num="7" count="38" type="stmt"/>
        <line num="8" count="38" type="cond" truecount="2" falsecount="0"/>
        <line num="9" count="38" type="stmt"/>
        <line num="10" count="38" type="stmt"/>
        <line num="11" count="38" type="stmt"/>
        <line num="12" count="38" type="stmt"/>
        <line num="14" count="38" type="cond" truecount="4" falsecount="0"/>
        <line num="15" count="18" type="stmt"/>
        <line num="16" count="18" type="stmt"/>
        <line num="17" count="18" type="stmt"/>
        <line num="18" count="20" type="cond" truecount="4" falsecount="0"/>
        <line num="19" count="18" type="stmt"/>
        <line num="20" count="18" type="stmt"/>
        <line num="21" count="18" type="stmt"/>
        <line num="23" count="2" type="cond" truecount="1" falsecount="1"/>
        <line num="24" count="2" type="cond" truecount="2" falsecount="0"/>
        <line num="25" count="2" type="cond" truecount="2" falsecount="0"/>
        <line num="27" count="38" type="stmt"/>
        <line num="28" count="38" type="cond" truecount="4" falsecount="0"/>
        <line num="29" count="38" type="stmt"/>
        <line num="32" count="19" type="cond" truecount="2" falsecount="2"/>
[...]
        <line num="21" count="3" type="stmt"/>
        <line num="24" count="1" type="stmt"/>
        <line num="25" count="1" type="stmt"/>
        <line num="27" count="1" type="stmt"/>
        <line num="28" count="312" type="cond" truecount="1" falsecount="1"/>
        <line num="30" count="312" type="cond" truecount="2" falsecount="0"/>
        <line num="31" count="311" type="stmt"/>
        <line num="32" count="311" type="stmt"/>
        <line num="33" count="311" type="stmt"/>
        <line num="34" count="311" type="cond" truecount="2" falsecount="0"/>
        <line num="37" count="312" type="stmt"/>
        <line num="38" count="312" type="stmt"/>
        <line num="41" count="1" type="stmt"/>
        <line num="43" count="1" type="stmt"/>
        <line num="44" count="1" type="stmt"/>
        <line num="45" count="1" type="cond" truecount="1" falsecount="1"/>
        <line num="49" count="6" type="stmt"/>
      </file>
      <file name="useRnpPath3d.ts" path="/Users/naveendevapalan/Desktop/Naveen/PROJECTS/eAIP-windlayer/frontend/src/features/terminal/layers/useRnpPath3d.ts">
        <metrics statements="25" coveredstatements="25" conditionals="12" coveredconditionals="9" methods="4" coveredmethods="4"/>
        <line num="13" count="11" type="stmt"/>
        <line num="14" count="11" type="stmt"/>
        <line num="16" count="11" type="stmt"/>
        <line num="17" count="7" type="cond" truecount="2" falsecount="0"/>
        <line num="18" count="2" type="stmt"/>
        <line num="19" count="2" type="stmt"/>
        <line num="23" count="5" type="stmt"/>
        <line num="24" count="5" type="cond" truecount="2" falsecount="0"/>
        <line num="25" count="1" type="stmt"/>
        <line num="26" count="1" type="stmt"/>
        <line num="29" count="4" type="stmt"/>
        <line num="31" count="4" type="stmt"/>
        <line num="32" count="4" type="stmt"/>
        <line num="33" count="4" type="stmt"/>
        <line num="34" count="3" type="cond" truecount="2" falsecount="0"/>
        <line num="35" count="1" type="cond" truecount="1" falsecount="1"/>
        <line num="36" count="1" type="stmt"/>
        <line num="38" count="2" type="cond" truecount="1" falsecount="1"/>
        <line num="39" count="2" type="stmt"/>
        <line num="40" count="2" type="stmt"/>
        <line num="43" count="1" type="stmt"/>
        <line num="44" count="1" type="cond" truecount="1" falsecount="1"/>
        <line num="48" count="4" type="stmt"/>
        <line num="49" count="4" type="stmt"/>
        <line num="53" count="11" type="stmt"/>
      </file>
    </package>
    <package name="src.hooks">
      <metrics statements="157" coveredstatements="139" conditionals="103" coveredconditionals="65" methods="36" coveredmethods="34"/>
      <file name="useAerodromeData.ts" path="/Users/naveendevapalan/Desktop/Naveen/PROJECTS/eAIP-windlayer/frontend/src/hooks/useAerodromeData.ts">
        <metrics statements="44" coveredstatements="44" conditionals="12" coveredconditionals="9" methods="13" coveredmethods="13"/>
        <line num="27" count="21" type="stmt"/>
        <line num="29" count="21" type="stmt"/>
        <line num="30" count="21" type="stmt"/>
        <line num="33" count="21" type="stmt"/>
        <line num="34" count="21" type="stmt"/>
        <line num="35" count="21" type="stmt"/>
        <line num="36" count="21" type="stmt"/>
        <line num="37" count="21" type="stmt"/>
        <line num="38" count="21" type="stmt"/>
        <line num="41" count="21" type="stmt"/>
        <line num="42" count="9" type="stmt"/>
        <line num="45" count="1" type="stmt"/>
        <line num="50" count="21" type="stmt"/>
        <line num="51" count="11" type="cond" truecount="1" falsecount="1"/>
        <line num="52" count="11" type="cond" truecount="4" falsecount="0"/>
        <line num="54" count="2" type="stmt"/>
        <line num="55" count="2" type="stmt"/>
        <line num="58" count="1" type="stmt"/>
        <line num="63" count="21" type="stmt"/>
        <line num="65" count="2" type="stmt"/>
        <line num="66" count="2" type="stmt"/>
        <line num="67" count="2" type="stmt"/>
        <line num="69" count="2" type="stmt"/>
        <line num="71" count="1" type="stmt"/>
        <line num="74" count="1" type="stmt"/>
        <line num="81" count="21" type="stmt"/>
        <line num="83" count="3" type="cond" truecount="2" falsecount="0"/>
        <line num="84" count="2" type="stmt"/>
        <line num="85" count="2" type="stmt"/>
        <line num="86" count="2" type="stmt"/>
        <line num="87" count="2" type="stmt"/>
        <line num="88" count="2" type="stmt"/>
        <line num="89" count="2" type="stmt"/>
        <line num="91" count="2" type="stmt"/>
        <line num="93" count="1" type="cond" truecount="1" falsecount="1"/>
        <line num="94" count="1" type="cond" truecount="1" falsecount="1"/>
        <line num="95" count="1" type="stmt"/>
        <line num="98" count="1" type="stmt"/>
        <line num="99" count="1" type="stmt"/>
        <line num="100" count="1" type="stmt"/>
        <line num="103" count="2" type="stmt"/>
        <line num="109" count="21" type="stmt"/>
        <line num="110" count="1" type="stmt"/>
        <line num="113" count="21" type="stmt"/>
      </file>
      <file name="useKeyboardShortcuts.ts" path="/Users/naveendevapalan/Desktop/Naveen/PROJECTS/eAIP-windlayer/frontend/src/hooks/useKeyboardShortcuts.ts">
        <metrics statements="18" coveredstatements="17" conditionals="18" coveredconditionals="15" methods="4" coveredmethods="4"/>
        <line num="29" count="5" type="stmt"/>
        <line num="31" count="5" type="stmt"/>
        <line num="32" count="5" type="stmt"/>
        <line num="33" count="4" type="cond" truecount="3" falsecount="1"/>
        <line num="35" count="4" type="cond" truecount="1" falsecount="1"/>
        <line num="36" count="4" type="cond" truecount="2" falsecount="0"/>
        <line num="37" count="1" type="stmt"/>
        <line num="38" count="3" type="cond" truecount="1" falsecount="1"/>
        <line num="39" count="0" type="stmt"/>
        <line num="40" count="3" type="cond" truecount="4" falsecount="0"/>
        <line num="41" count="1" type="stmt"/>
        <line num="42" count="2" type="cond" truecount="4" falsecount="0"/>
        <line num="43" count="1" type="stmt"/>
        <line num="44" count="1" type="stmt"/>
        <line num="45" count="1" type="stmt"/>
        <line num="50" count="5" type="stmt"/>
        <line num="51" count="5" type="stmt"/>
        <line num="52" count="5" type="stmt"/>
      </file>
      <file name="useSearch.ts" path="/Users/naveendevapalan/Desktop/Naveen/PROJECTS/eAIP-windlayer/frontend/src/hooks/useSearch.ts">
        <metrics statements="95" coveredstatements="78" conditionals="73" coveredconditionals="41" methods="19" coveredmethods="17"/>
        <line num="7" count="2" type="stmt"/>
        <line num="8" count="2" type="stmt"/>
        <line num="12" count="1" type="cond" truecount="1" falsecount="1"/>
        <line num="14" count="0" type="stmt"/>
        <line num="15" count="0" type="stmt"/>
        <line num="17" count="1" type="stmt"/>
        <line num="37" count="32" type="stmt"/>
        <line num="39" count="32" type="stmt"/>
        <line num="40" count="32" type="stmt"/>
        <line num="41" count="32" type="stmt"/>
        <line num="42" count="32" type="stmt"/>
        <line num="43" count="32" type="stmt"/>
        <line num="44" count="32" type="stmt"/>
        <line num="46" count="32" type="stmt"/>
        <line num="49" count="32" type="stmt"/>
        <line num="50" count="10" type="stmt"/>
        <line num="51" count="10" type="cond" truecount="2" falsecount="0"/>
        <line num="57" count="32" type="stmt"/>
        <line num="58" count="12" type="stmt"/>
        <line num="59" count="12" type="cond" truecount="2" falsecount="0"/>
        <line num="60" count="10" type="stmt"/>
        <line num="61" count="10" type="stmt"/>
        <line num="62" count="10" type="stmt"/>
        <line num="66" count="2" type="stmt"/>
        <line num="67" count="2" type="cond" truecount="1" falsecount="1"/>
        <line num="68" count="0" type="cond" truecount="0" falsecount="2"/>
        <line num="69" count="0" type="stmt"/>
        <line num="70" count="0" type="stmt"/>
        <line num="74" count="2" type="stmt"/>
        <line num="75" count="2" type="stmt"/>
        <line num="76" count="2" type="stmt"/>
        <line num="78" count="2" type="stmt"/>
        <line num="79" count="2" type="stmt"/>
        <line num="81" count="1" type="stmt"/>
        <line num="82" count="1" type="stmt"/>
        <line num="85" count="1" type="cond" truecount="1" falsecount="1"/>
        <line num="86" count="1" type="stmt"/>
        <line num="90" count="2" type="cond" truecount="1" falsecount="1"/>
        <line num="91" count="2" type="stmt"/>
        <line num="96" count="2" type="stmt"/>
        <line num="97" count="2" type="stmt"/>
        <line num="98" count="2" type="stmt"/>
        <line num="103" count="32" type="stmt"/>
        <line num="104" count="12" type="stmt"/>
        <line num="107" count="32" type="stmt"/>
        <line num="108" count="4" type="stmt"/>
        <line num="109" count="4" type="stmt"/>
        <line num="110" count="4" type="stmt"/>
        <line num="113" count="32" type="stmt"/>
        <line num="116" count="5" type="cond" truecount="1" falsecount="1"/>
        <line num="119" count="5" type="cond" truecount="5" falsecount="0"/>
        <line num="120" count="1" type="stmt"/>
        <line num="121" count="4" type="cond" truecount="2" falsecount="0"/>
        <line num="127" count="3" type="stmt"/>
        <line num="128" count="3" type="cond" truecount="2" falsecount="0"/>
        <line num="129" count="3" type="stmt"/>
        <line num="139" count="5" type="cond" truecount="2" falsecount="0"/>
        <line num="140" count="2" type="cond" truecount="1" falsecount="1"/>
        <line num="141" count="2" type="stmt"/>
        <line num="142" count="2" type="stmt"/>
        <line num="143" count="2" type="stmt"/>
        <line num="148" count="5" type="stmt"/>
        <line num="151" count="5" type="stmt"/>
        <line num="153" count="3" type="cond" truecount="3" falsecount="1"/>
        <line num="155" count="0" type="cond" truecount="0" falsecount="2"/>
        <line num="156" count="0" type="stmt"/>
        <line num="158" count="1" type="cond" truecount="1" falsecount="1"/>
        <line num="159" count="1" type="stmt"/>
        <line num="161" count="1" type="stmt"/>
        <line num="162" count="1" type="stmt"/>
        <line num="164" count="1" type="cond" truecount="1" falsecount="1"/>
        <line num="165" count="1" type="stmt"/>
        <line num="166" count="1" type="stmt"/>
        <line num="169" count="3" type="cond" truecount="1" falsecount="1"/>
        <line num="173" count="3" type="stmt"/>
        <line num="191" count="32" type="stmt"/>
        <line num="193" count="2" type="cond" truecount="2" falsecount="0"/>
        <line num="194" count="1" type="stmt"/>
        <line num="195" count="1" type="cond" truecount="1" falsecount="1"/>
        <line num="196" count="1" type="cond" truecount="1" falsecount="1"/>
        <line num="197" count="0" type="stmt"/>
        <line num="198" count="0" type="cond" truecount="0" falsecount="2"/>
        <line num="199" count="1" type="cond" truecount="1" falsecount="1"/>
        <line num="200" count="0" type="stmt"/>
        <line num="201" count="0" type="cond" truecount="0" falsecount="4"/>
        <line num="202" count="0" type="stmt"/>
        <line num="203" count="0" type="cond" truecount="0" falsecount="2"/>
        <line num="204" count="0" type="cond" truecount="0" falsecount="2"/>
        <line num="205" count="0" type="stmt"/>
        <line num="206" count="0" type="cond" truecount="0" falsecount="2"/>
        <line num="208" count="1" type="cond" truecount="1" falsecount="1"/>
        <line num="209" count="1" type="stmt"/>
        <line num="210" count="1" type="stmt"/>
        <line num="216" count="32" type="stmt"/>
        <line num="229" count="0" type="cond" truecount="0" falsecount="2"/>
      </file>
    </package>
    <package name="src.store">
      <metrics statements="45" coveredstatements="40" conditionals="37" coveredconditionals="27" methods="32" coveredmethods="30"/>
      <file name="useMapStore.ts" path="/Users/naveendevapalan/Desktop/Naveen/PROJECTS/eAIP-windlayer/frontend/src/store/useMapStore.ts">
        <metrics statements="45" coveredstatements="40" conditionals="37" coveredconditionals="27" methods="32" coveredmethods="30"/>
        <line num="117" count="14" type="stmt"/>
        <line num="131" count="14" type="stmt"/>
        <line num="134" count="14" type="stmt"/>
        <line num="142" count="2" type="stmt"/>
        <line num="155" count="1" type="stmt"/>
        <line num="158" count="1" type="stmt"/>
        <line num="176" count="3" type="stmt"/>
        <line num="177" count="3" type="stmt"/>
        <line num="178" count="3" type="stmt"/>
        <line num="180" count="3" type="cond" truecount="4" falsecount="0"/>
        <line num="181" count="1" type="stmt"/>
        <line num="183" count="3" type="cond" truecount="4" falsecount="0"/>
        <line num="184" count="1" type="stmt"/>
        <line num="186" count="3" type="cond" truecount="2" falsecount="2"/>
        <line num="187" count="0" type="stmt"/>
        <line num="188" count="0" type="stmt"/>
        <line num="189" count="0" type="stmt"/>
        <line num="190" count="0" type="stmt"/>
        <line num="193" count="3" type="stmt"/>
        <line num="199" count="1" type="stmt"/>
        <line num="206" count="1" type="stmt"/>
        <line num="218" count="1" type="stmt"/>
        <line num="221" count="1" type="stmt"/>
        <line num="238" count="1" type="stmt"/>
        <line num="241" count="1" type="stmt"/>
        <line num="245" count="1" type="stmt"/>
        <line num="250" count="1" type="stmt"/>
        <line num="254" count="1" type="stmt"/>
        <line num="256" count="1" type="stmt"/>
        <line num="258" count="1" type="stmt"/>
        <line num="261" count="1" type="stmt"/>
        <line num="267" count="1" type="cond" truecount="1" falsecount="1"/>
        <line num="270" count="4" type="stmt"/>
        <line num="275" count="1" type="stmt"/>
        <line num="280" count="2" type="stmt"/>
        <line num="281" count="2" type="stmt"/>
        <line num="282" count="2" type="stmt"/>
        <line num="290" count="0" type="stmt"/>
        <line num="296" count="1" type="stmt"/>
        <line num="299" count="1" type="stmt"/>
        <line num="300" count="1" type="cond" truecount="1" falsecount="1"/>
        <line num="301" count="1" type="stmt"/>
        <line num="321" count="1" type="stmt"/>
        <line num="322" count="1" type="stmt"/>
        <line num="343" count="3" type="stmt"/>
      </file>
    </package>
    <package name="src.utils">
      <metrics statements="64" coveredstatements="64" conditionals="66" coveredconditionals="56" methods="4" coveredmethods="4"/>
      <file name="chartKey.ts" path="/Users/naveendevapalan/Desktop/Naveen/PROJECTS/eAIP-windlayer/frontend/src/utils/chartKey.ts">
        <metrics statements="21" coveredstatements="21" conditionals="22" coveredconditionals="18" methods="1" coveredmethods="1"/>
        <line num="4" count="19" type="cond" truecount="2" falsecount="0"/>
        <line num="6" count="16" type="stmt"/>
        <line num="7" count="16" type="cond" truecount="2" falsecount="0"/>
        <line num="9" count="15" type="stmt"/>
        <line num="10" count="15" type="stmt"/>
        <line num="11" count="15" type="cond" truecount="4" falsecount="0"/>
        <line num="12" count="3" type="stmt"/>
        <line num="13" count="3" type="cond" truecount="3" falsecount="3"/>
        <line num="19" count="15" type="cond" truecount="2" falsecount="0"/>
        <line num="20" count="1" type="cond" truecount="1" falsecount="1"/>
        <line num="23" count="15" type="stmt"/>
        <line num="24" count="15" type="cond" truecount="2" falsecount="0"/>
        <line num="26" count="15" type="stmt"/>
        <line num="27" count="15" type="stmt"/>
        <line num="29" count="15" type="stmt"/>
        <line num="39" count="15" type="stmt"/>
        <line num="40" count="120" type="cond" truecount="2" falsecount="0"/>
        <line num="41" count="5" type="stmt"/>
        <line num="45" count="15" type="stmt"/>
        <line num="46" count="15" type="stmt"/>
        <line num="48" count="15" type="stmt"/>
      </file>
      <file name="metarParser.ts" path="/Users/naveendevapalan/Desktop/Naveen/PROJECTS/eAIP-windlayer/frontend/src/utils/metarParser.ts">
        <metrics statements="42" coveredstatements="42" conditionals="44" coveredconditionals="38" methods="2" coveredmethods="2"/>
        <line num="4" count="14" type="stmt"/>
        <line num="15" count="14" type="cond" truecount="2" falsecount="0"/>
        <line num="17" count="12" type="stmt"/>
        <line num="19" count="12" type="stmt"/>
        <line num="21" count="19" type="stmt"/>
        <line num="22" count="19" type="cond" truecount="2" falsecount="0"/>
        <line num="23" count="3" type="cond" truecount="1" falsecount="1"/>
        <line num="24" count="3" type="cond" truecount="1" falsecount="1"/>
        <line num="25" count="3" type="cond" truecount="1" falsecount="1"/>
        <line num="26" count="3" type="stmt"/>
        <line num="30" count="16" type="stmt"/>
        <line num="31" count="16" type="cond" truecount="2" falsecount="0"/>
        <line num="32" count="3" type="stmt"/>
        <line num="33" count="5" type="cond" truecount="2" falsecount="0"/>
        <line num="34" count="3" type="cond" truecount="1" falsecount="1"/>
        <line num="35" count="3" type="cond" truecount="2" falsecount="0"/>
        <line num="36" count="3" type="stmt"/>
        <line num="40" count="13" type="cond" truecount="4" falsecount="0"/>
        <line num="41" count="1" type="stmt"/>
        <line num="42" count="1" type="stmt"/>
        <line num="44" count="12" type="cond" truecount="4" falsecount="0"/>
        <line num="46" count="1" type="stmt"/>
        <line num="47" count="1" type="stmt"/>
        <line num="51" count="11" type="cond" truecount="2" falsecount="0"/>
        <line num="52" count="1" type="stmt"/>
        <line num="53" count="1" type="stmt"/>
        <line num="54" count="1" type="stmt"/>
        <line num="56" count="10" type="cond" truecount="2" falsecount="0"/>
        <line num="57" count="2" type="cond" truecount="2" falsecount="0"/>
        <line num="58" count="1" type="stmt"/>
        <line num="59" count="2" type="stmt"/>
        <line num="63" count="8" type="stmt"/>
        <line num="64" count="8" type="cond" truecount="2" falsecount="0"/>
        <line num="65" count="6" type="cond" truecount="1" falsecount="1"/>
        <line num="66" count="6" type="stmt"/>
        <line num="75" count="6" type="cond" truecount="1" falsecount="1"/>
        <line num="76" count="6" type="cond" truecount="2" falsecount="0"/>
        <line num="77" count="6" type="cond" truecount="2" falsecount="0"/>
        <line num="78" count="6" type="stmt"/>
        <line num="79" count="6" type="stmt"/>
        <line num="83" count="12" type="cond" truecount="2" falsecount="0"/>
        <line num="85" count="12" type="stmt"/>
      </file>
      <file name="sanitize.ts" path="/Users/naveendevapalan/Desktop/Naveen/PROJECTS/eAIP-windlayer/frontend/src/utils/sanitize.ts">
        <metrics statements="1" coveredstatements="1" conditionals="0" coveredconditionals="0" methods="1" coveredmethods="1"/>
        <line num="5" count="11" type="stmt"/>
      </file>
    </package>
  </project>
</coverage>
