{
  "/Users/naveendevapalan/Desktop/Naveen/PROJECTS/eAIP-windlayer/frontend/src/App.tsx": {
    "path": "/Users/naveendevapalan/Desktop/Naveen/PROJECTS/eAIP-windlayer/frontend/src/App.tsx",
    "statementMap": {
      "0": { "start": { "line": 17, "column": 6 }, "end": { "line": 17, "column": null } },
      "1": { "start": { "line": 17, "column": 27 }, "end": { "line": 17, "column": null } },
      "2": { "start": { "line": 18, "column": 6 }, "end": { "line": 20, "column": null } },
      "3": { "start": { "line": 19, "column": 2 }, "end": { "line": 19, "column": null } },
      "4": { "start": { "line": 19, "column": 64 }, "end": { "line": 19, "column": null } },
      "5": { "start": { "line": 26, "column": 57 }, "end": { "line": 26, "column": null } },
      "6": { "start": { "line": 27, "column": 8 }, "end": { "line": 27, "column": null } },
      "7": { "start": { "line": 40, "column": 2 }, "end": { "line": 40, "column": null } },
      "8": { "start": { "line": 42, "column": 2 }, "end": { "line": 46, "column": null } },
      "9": { "start": { "line": 48, "column": 2 }, "end": { "line": 120, "column": null } },
      "10": { "start": { "line": 128, "column": 2 }, "end": { "line": 131, "column": null } },
      "11": { "start": { "line": 130, "column": 4 }, "end": { "line": 130, "column": null } },
      "12": { "start": { "line": 130, "column": 27 }, "end": { "line": 130, "column": null } },
      "13": { "start": { "line": 133, "column": 2 }, "end": { "line": 136, "column": null } }
    },
    "fnMap": {
      "0": {
        "name": "(anonymous_0)",
        "decl": { "start": { "line": 17, "column": 21 }, "end": { "line": 17, "column": 27 } },
        "loc": { "start": { "line": 17, "column": 27 }, "end": { "line": 17, "column": null } },
        "line": 17
      },
      "1": {
        "name": "(anonymous_1)",
        "decl": { "start": { "line": 18, "column": 26 }, "end": { "line": 18, "column": null } },
        "loc": { "start": { "line": 19, "column": 2 }, "end": { "line": 19, "column": null } },
        "line": 19
      },
      "2": {
        "name": "(anonymous_2)",
        "decl": { "start": { "line": 19, "column": 55 }, "end": { "line": 19, "column": 62 } },
        "loc": { "start": { "line": 19, "column": 64 }, "end": { "line": 19, "column": null } },
        "line": 19
      },
      "3": {
        "name": "AppContent",
        "decl": { "start": { "line": 25, "column": 9 }, "end": { "line": 25, "column": 22 } },
        "loc": { "start": { "line": 25, "column": 22 }, "end": { "line": 122, "column": null } },
        "line": 25
      },
      "4": {
        "name": "App",
        "decl": { "start": { "line": 127, "column": 24 }, "end": { "line": 127, "column": 30 } },
        "loc": { "start": { "line": 127, "column": 30 }, "end": { "line": 138, "column": null } },
        "line": 127
      },
      "5": {
        "name": "(anonymous_5)",
        "decl": { "start": { "line": 128, "column": 18 }, "end": { "line": 128, "column": 24 } },
        "loc": { "start": { "line": 128, "column": 24 }, "end": { "line": 131, "column": 5 } },
        "line": 128
      }
    },
    "branchMap": {
      "0": {
        "loc": { "start": { "line": 59, "column": 13 }, "end": { "line": 103, "column": null } },
        "type": "cond-expr",
        "locations": [
          { "start": { "line": 60, "column": 14 }, "end": { "line": 92, "column": null } },
          { "start": { "line": 94, "column": 14 }, "end": { "line": 103, "column": null } }
        ],
        "line": 59
      },
      "1": {
        "loc": { "start": { "line": 68, "column": 18 }, "end": { "line": 74, "column": null } },
        "type": "binary-expr",
        "locations": [
          { "start": { "line": 68, "column": 18 }, "end": { "line": 68, "column": 35 } },
          { "start": { "line": 68, "column": 35 }, "end": { "line": 68, "column": null } },
          { "start": { "line": 69, "column": 18 }, "end": { "line": 74, "column": null } }
        ],
        "line": 68
      },
      "2": {
        "loc": { "start": { "line": 77, "column": 17 }, "end": { "line": 80, "column": null } },
        "type": "binary-expr",
        "locations": [
          { "start": { "line": 77, "column": 17 }, "end": { "line": 77, "column": 35 } },
          { "start": { "line": 77, "column": 35 }, "end": { "line": 77, "column": 62 } },
          { "start": { "line": 77, "column": 62 }, "end": { "line": 77, "column": null } },
          { "start": { "line": 78, "column": 18 }, "end": { "line": 80, "column": null } }
        ],
        "line": 77
      },
      "3": {
        "loc": { "start": { "line": 83, "column": 17 }, "end": { "line": 86, "column": null } },
        "type": "binary-expr",
        "locations": [
          { "start": { "line": 83, "column": 17 }, "end": { "line": 83, "column": null } },
          { "start": { "line": 84, "column": 18 }, "end": { "line": 86, "column": null } }
        ],
        "line": 83
      },
      "4": {
        "loc": { "start": { "line": 89, "column": 17 }, "end": { "line": 89, "column": null } },
        "type": "binary-expr",
        "locations": [
          { "start": { "line": 89, "column": 17 }, "end": { "line": 89, "column": 43 } },
          { "start": { "line": 89, "column": 43 }, "end": { "line": 89, "column": null } }
        ],
        "line": 89
      },
      "5": {
        "loc": { "start": { "line": 90, "column": 17 }, "end": { "line": 90, "column": null } },
        "type": "binary-expr",
        "locations": [
          { "start": { "line": 90, "column": 17 }, "end": { "line": 90, "column": 43 } },
          { "start": { "line": 90, "column": 43 }, "end": { "line": 90, "column": null } }
        ],
        "line": 90
      },
      "6": {
        "loc": { "start": { "line": 130, "column": 4 }, "end": { "line": 130, "column": null } },
        "type": "if",
        "locations": [
          { "start": { "line": 130, "column": 4 }, "end": { "line": 130, "column": null } },
          { "start": {}, "end": {} }
        ],
        "line": 130
      }
    },
    "s": {
      "0": 1,
      "1": 1,
      "2": 1,
      "3": 0,
      "4": 0,
      "5": 5,
      "6": 5,
      "7": 5,
      "8": 5,
      "9": 5,
      "10": 5,
      "11": 5,
      "12": 5,
      "13": 5
    },
    "f": { "0": 1, "1": 0, "2": 0, "3": 5, "4": 5, "5": 5 },
    "b": {
      "0": [5, 0],
      "1": [5, 3, 2],
      "2": [5, 2, 1, 2],
      "3": [5, 2],
      "4": [5, 4],
      "5": [5, 4],
      "6": [5, 0]
    },
    "meta": {
      "lastBranch": 7,
      "lastFunction": 6,
      "lastStatement": 14,
      "seen": {
        "s:17:6:17:Infinity": 0,
        "f:17:21:17:27": 0,
        "s:17:27:17:Infinity": 1,
        "s:18:6:20:Infinity": 2,
        "f:18:26:18:Infinity": 1,
        "s:19:2:19:Infinity": 3,
        "f:19:55:19:62": 2,
        "s:19:64:19:Infinity": 4,
        "f:25:9:25:22": 3,
        "s:26:57:26:Infinity": 5,
        "s:27:8:27:Infinity": 6,
        "s:40:2:40:Infinity": 7,
        "s:42:2:46:Infinity": 8,
        "s:48:2:120:Infinity": 9,
        "b:60:14:92:Infinity:94:14:103:Infinity": 0,
        "b:68:18:68:35:68:35:68:Infinity:69:18:74:Infinity": 1,
        "b:77:17:77:35:77:35:77:62:77:62:77:Infinity:78:18:80:Infinity": 2,
        "b:83:17:83:Infinity:84:18:86:Infinity": 3,
        "b:89:17:89:43:89:43:89:Infinity": 4,
        "b:90:17:90:43:90:43:90:Infinity": 5,
        "f:127:24:127:30": 4,
        "s:128:2:131:Infinity": 10,
        "f:128:18:128:24": 5,
        "b:130:4:130:Infinity:undefined:undefined:undefined:undefined": 6,
        "s:130:4:130:Infinity": 11,
        "s:130:27:130:Infinity": 12,
        "s:133:2:136:Infinity": 13
      }
    }
  },
  "/Users/naveendevapalan/Desktop/Naveen/PROJECTS/eAIP-windlayer/frontend/src/api/client.ts": {
    "path": "/Users/naveendevapalan/Desktop/Naveen/PROJECTS/eAIP-windlayer/frontend/src/api/client.ts",
    "statementMap": {
      "0": { "start": { "line": 22, "column": 17 }, "end": { "line": 22, "column": null } },
      "1": { "start": { "line": 37, "column": 4 }, "end": { "line": 37, "column": null } },
      "2": { "start": { "line": 38, "column": 4 }, "end": { "line": 38, "column": null } },
      "3": { "start": { "line": 39, "column": 4 }, "end": { "line": 39, "column": null } },
      "4": { "start": { "line": 40, "column": 4 }, "end": { "line": 40, "column": null } },
      "5": { "start": { "line": 41, "column": 4 }, "end": { "line": 41, "column": null } },
      "6": { "start": { "line": 47, "column": 15 }, "end": { "line": 47, "column": null } },
      "7": { "start": { "line": 50, "column": 13 }, "end": { "line": 50, "column": null } },
      "8": { "start": { "line": 51, "column": 19 }, "end": { "line": 51, "column": null } },
      "9": { "start": { "line": 52, "column": 2 }, "end": { "line": 52, "column": null } },
      "10": { "start": { "line": 54, "column": 14 }, "end": { "line": 54, "column": null } },
      "11": { "start": { "line": 55, "column": 2 }, "end": { "line": 58, "column": null } },
      "12": { "start": { "line": 56, "column": 17 }, "end": { "line": 56, "column": null } },
      "13": { "start": { "line": 56, "column": 46 }, "end": { "line": 56, "column": 55 } },
      "14": { "start": { "line": 57, "column": 4 }, "end": { "line": 57, "column": null } },
      "15": { "start": { "line": 59, "column": 15 }, "end": { "line": 59, "column": null } },
      "16": { "start": { "line": 61, "column": 2 }, "end": { "line": 61, "column": null } },
      "17": { "start": { "line": 62, "column": 2 }, "end": { "line": 62, "column": null } },
      "18": { "start": { "line": 64, "column": 2 }, "end": { "line": 64, "column": null } },
      "19": { "start": { "line": 68, "column": 13 }, "end": { "line": 68, "column": null } },
      "20": { "start": { "line": 69, "column": 19 }, "end": { "line": 69, "column": null } },
      "21": { "start": { "line": 70, "column": 2 }, "end": { "line": 70, "column": null } },
      "22": { "start": { "line": 72, "column": 14 }, "end": { "line": 72, "column": null } },
      "23": { "start": { "line": 73, "column": 2 }, "end": { "line": 73, "column": null } },
      "24": { "start": { "line": 73, "column": 15 }, "end": { "line": 73, "column": null } },
      "25": { "start": { "line": 74, "column": 15 }, "end": { "line": 74, "column": null } },
      "26": { "start": { "line": 76, "column": 2 }, "end": { "line": 76, "column": null } },
      "27": { "start": { "line": 77, "column": 2 }, "end": { "line": 77, "column": null } },
      "28": { "start": { "line": 79, "column": 2 }, "end": { "line": 79, "column": null } },
      "29": { "start": { "line": 85, "column": 2 }, "end": { "line": 85, "column": null } },
      "30": { "start": { "line": 91, "column": 15 }, "end": { "line": 91, "column": null } },
      "31": { "start": { "line": 92, "column": 2 }, "end": { "line": 92, "column": null } },
      "32": { "start": { "line": 92, "column": 13 }, "end": { "line": 92, "column": null } },
      "33": { "start": { "line": 93, "column": 2 }, "end": { "line": 93, "column": null } },
      "34": { "start": { "line": 93, "column": 25 }, "end": { "line": 93, "column": null } },
      "35": { "start": { "line": 94, "column": 2 }, "end": { "line": 94, "column": null } },
      "36": { "start": { "line": 94, "column": 17 }, "end": { "line": 94, "column": null } },
      "37": { "start": { "line": 95, "column": 2 }, "end": { "line": 95, "column": null } },
      "38": { "start": { "line": 102, "column": 14 }, "end": { "line": 102, "column": null } },
      "39": { "start": { "line": 103, "column": 2 }, "end": { "line": 110, "column": null } },
      "40": { "start": { "line": 104, "column": 4 }, "end": { "line": 109, "column": null } },
      "41": { "start": { "line": 111, "column": 2 }, "end": { "line": 111, "column": null } },
      "42": { "start": { "line": 111, "column": 15 }, "end": { "line": 111, "column": null } },
      "43": { "start": { "line": 112, "column": 2 }, "end": { "line": 112, "column": null } },
      "44": { "start": { "line": 116, "column": 2 }, "end": { "line": 123, "column": null } },
      "45": { "start": { "line": 117, "column": 4 }, "end": { "line": 117, "column": null } },
      "46": { "start": { "line": 119, "column": 4 }, "end": { "line": 121, "column": null } },
      "47": { "start": { "line": 120, "column": 6 }, "end": { "line": 120, "column": null } },
      "48": { "start": { "line": 122, "column": 4 }, "end": { "line": 122, "column": null } },
      "49": { "start": { "line": 129, "column": 2 }, "end": { "line": 138, "column": null } },
      "50": { "start": { "line": 130, "column": 17 }, "end": { "line": 130, "column": null } },
      "51": { "start": { "line": 131, "column": 4 }, "end": { "line": 131, "column": null } },
      "52": { "start": { "line": 133, "column": 4 }, "end": { "line": 133, "column": null } },
      "53": { "start": { "line": 133, "column": 59 }, "end": { "line": 133, "column": null } },
      "54": { "start": { "line": 134, "column": 4 }, "end": { "line": 136, "column": null } },
      "55": { "start": { "line": 135, "column": 6 }, "end": { "line": 135, "column": null } },
      "56": { "start": { "line": 137, "column": 4 }, "end": { "line": 137, "column": null } },
      "57": { "start": { "line": 144, "column": 2 }, "end": { "line": 144, "column": null } },
      "58": { "start": { "line": 148, "column": 2 }, "end": { "line": 158, "column": null } },
      "59": { "start": { "line": 149, "column": 16 }, "end": { "line": 149, "column": null } },
      "60": { "start": { "line": 150, "column": 4 }, "end": { "line": 153, "column": null } },
      "61": { "start": { "line": 151, "column": 6 }, "end": { "line": 151, "column": null } },
      "62": { "start": { "line": 152, "column": 6 }, "end": { "line": 152, "column": null } },
      "63": { "start": { "line": 154, "column": 4 }, "end": { "line": 154, "column": null } },
      "64": { "start": { "line": 156, "column": 4 }, "end": { "line": 156, "column": null } },
      "65": { "start": { "line": 157, "column": 4 }, "end": { "line": 157, "column": null } },
      "66": { "start": { "line": 162, "column": 15 }, "end": { "line": 162, "column": null } },
      "67": { "start": { "line": 163, "column": 2 }, "end": { "line": 163, "column": null } },
      "68": { "start": { "line": 169, "column": 2 }, "end": { "line": 169, "column": null } },
      "69": { "start": { "line": 173, "column": 2 }, "end": { "line": 173, "column": null } },
      "70": { "start": { "line": 179, "column": 2 }, "end": { "line": 179, "column": null } },
      "71": { "start": { "line": 185, "column": 2 }, "end": { "line": 185, "column": null } },
      "72": { "start": { "line": 189, "column": 2 }, "end": { "line": 189, "column": null } },
      "73": { "start": { "line": 195, "column": 2 }, "end": { "line": 195, "column": null } }
    },
    "fnMap": {
      "0": {
        "name": "(anonymous_0)",
        "decl": { "start": { "line": 36, "column": 2 }, "end": { "line": 36, "column": 14 } },
        "loc": { "start": { "line": 36, "column": 59 }, "end": { "line": 42, "column": null } },
        "line": 36
      },
      "1": {
        "name": "get",
        "decl": { "start": { "line": 49, "column": 15 }, "end": { "line": 49, "column": 22 } },
        "loc": { "start": { "line": 49, "column": 70 }, "end": { "line": 65, "column": null } },
        "line": 49
      },
      "2": {
        "name": "(anonymous_2)",
        "decl": { "start": { "line": 56, "column": 40 }, "end": { "line": 56, "column": 46 } },
        "loc": { "start": { "line": 56, "column": 46 }, "end": { "line": 56, "column": 55 } },
        "line": 56
      },
      "3": {
        "name": "getOrNull",
        "decl": { "start": { "line": 67, "column": 15 }, "end": { "line": 67, "column": 28 } },
        "loc": { "start": { "line": 67, "column": 61 }, "end": { "line": 80, "column": null } },
        "line": 67
      },
      "4": {
        "name": "fetchAerodromes",
        "decl": { "start": { "line": 84, "column": 22 }, "end": { "line": 84, "column": 75 } },
        "loc": { "start": { "line": 84, "column": 75 }, "end": { "line": 86, "column": null } },
        "line": 84
      },
      "5": {
        "name": "fetchAerodromeMetadata",
        "decl": { "start": { "line": 88, "column": 22 }, "end": { "line": 88, "column": null } },
        "loc": { "start": { "line": 90, "column": 43 }, "end": { "line": 96, "column": null } },
        "line": 90
      },
      "6": {
        "name": "fetchAerodromeSection",
        "decl": { "start": { "line": 98, "column": 22 }, "end": { "line": 98, "column": null } },
        "loc": { "start": { "line": 101, "column": 37 }, "end": { "line": 113, "column": null } },
        "line": 101
      },
      "7": {
        "name": "fetchCharts",
        "decl": { "start": { "line": 115, "column": 22 }, "end": { "line": 115, "column": 34 } },
        "loc": { "start": { "line": 115, "column": 70 }, "end": { "line": 124, "column": null } },
        "line": 115
      },
      "8": {
        "name": "searchAll",
        "decl": { "start": { "line": 128, "column": 22 }, "end": { "line": 128, "column": 32 } },
        "loc": { "start": { "line": 128, "column": 94 }, "end": { "line": 139, "column": null } },
        "line": 128
      },
      "9": {
        "name": "fetchWeather",
        "decl": { "start": { "line": 143, "column": 22 }, "end": { "line": 143, "column": 35 } },
        "loc": { "start": { "line": 143, "column": 78 }, "end": { "line": 145, "column": null } },
        "line": 143
      },
      "10": {
        "name": "fetchNotams",
        "decl": { "start": { "line": 147, "column": 22 }, "end": { "line": 147, "column": 34 } },
        "loc": { "start": { "line": 147, "column": 70 }, "end": { "line": 159, "column": null } },
        "line": 147
      },
      "11": {
        "name": "fetchDaylight",
        "decl": { "start": { "line": 161, "column": 22 }, "end": { "line": 161, "column": 36 } },
        "loc": { "start": { "line": 161, "column": 96 }, "end": { "line": 164, "column": null } },
        "line": 161
      },
      "12": {
        "name": "fetchAtsRouteLabels",
        "decl": { "start": { "line": 168, "column": 22 }, "end": { "line": 168, "column": 79 } },
        "loc": { "start": { "line": 168, "column": 79 }, "end": { "line": 170, "column": null } },
        "line": 168
      },
      "13": {
        "name": "fetchAtsRouteDetails",
        "decl": { "start": { "line": 172, "column": 22 }, "end": { "line": 172, "column": 43 } },
        "loc": { "start": { "line": 172, "column": 93 }, "end": { "line": 174, "column": null } },
        "line": 172
      },
      "14": {
        "name": "fetchNavaidDetails",
        "decl": { "start": { "line": 178, "column": 22 }, "end": { "line": 178, "column": 41 } },
        "loc": { "start": { "line": 178, "column": 87 }, "end": { "line": 180, "column": null } },
        "line": 178
      },
      "15": {
        "name": "fetchRnpProcedures",
        "decl": { "start": { "line": 184, "column": 22 }, "end": { "line": 184, "column": 41 } },
        "loc": { "start": { "line": 184, "column": 83 }, "end": { "line": 186, "column": null } },
        "line": 184
      },
      "16": {
        "name": "fetchRnpPath3d",
        "decl": { "start": { "line": 188, "column": 22 }, "end": { "line": 188, "column": 37 } },
        "loc": { "start": { "line": 188, "column": 85 }, "end": { "line": 190, "column": null } },
        "line": 188
      },
      "17": {
        "name": "getProxyPdfUrl",
        "decl": { "start": { "line": 194, "column": 16 }, "end": { "line": 194, "column": 31 } },
        "loc": { "start": { "line": 194, "column": 60 }, "end": { "line": 196, "column": null } },
        "line": 194
      }
    },
    "branchMap": {
      "0": {
        "loc": { "start": { "line": 55, "column": 2 }, "end": { "line": 58, "column": null } },
        "type": "if",
        "locations": [
          { "start": { "line": 55, "column": 2 }, "end": { "line": 58, "column": null } },
          { "start": {}, "end": {} }
        ],
        "line": 55
      },
      "1": {
        "loc": { "start": { "line": 73, "column": 2 }, "end": { "line": 73, "column": null } },
        "type": "if",
        "locations": [
          { "start": { "line": 73, "column": 2 }, "end": { "line": 73, "column": null } },
          { "start": {}, "end": {} }
        ],
        "line": 73
      },
      "2": {
        "loc": { "start": { "line": 92, "column": 2 }, "end": { "line": 92, "column": null } },
        "type": "if",
        "locations": [
          { "start": { "line": 92, "column": 2 }, "end": { "line": 92, "column": null } },
          { "start": {}, "end": {} }
        ],
        "line": 92
      },
      "3": {
        "loc": { "start": { "line": 93, "column": 2 }, "end": { "line": 93, "column": null } },
        "type": "if",
        "locations": [
          { "start": { "line": 93, "column": 2 }, "end": { "line": 93, "column": null } },
          { "start": {}, "end": {} }
        ],
        "line": 93
      },
      "4": {
        "loc": { "start": { "line": 94, "column": 2 }, "end": { "line": 94, "column": null } },
        "type": "if",
        "locations": [
          { "start": { "line": 94, "column": 2 }, "end": { "line": 94, "column": null } },
          { "start": {}, "end": {} }
        ],
        "line": 94
      },
      "5": {
        "loc": { "start": { "line": 103, "column": 2 }, "end": { "line": 110, "column": null } },
        "type": "if",
        "locations": [
          { "start": { "line": 103, "column": 2 }, "end": { "line": 110, "column": null } },
          { "start": {}, "end": {} }
        ],
        "line": 103
      },
      "6": {
        "loc": { "start": { "line": 111, "column": 2 }, "end": { "line": 111, "column": null } },
        "type": "if",
        "locations": [
          { "start": { "line": 111, "column": 2 }, "end": { "line": 111, "column": null } },
          { "start": {}, "end": {} }
        ],
        "line": 111
      },
      "7": {
        "loc": { "start": { "line": 119, "column": 4 }, "end": { "line": 121, "column": null } },
        "type": "if",
        "locations": [
          { "start": { "line": 119, "column": 4 }, "end": { "line": 121, "column": null } },
          { "start": {}, "end": {} }
        ],
        "line": 119
      },
      "8": {
        "loc": { "start": { "line": 131, "column": 11 }, "end": { "line": 131, "column": null } },
        "type": "binary-expr",
        "locations": [
          { "start": { "line": 131, "column": 11 }, "end": { "line": 131, "column": 19 } },
          { "start": { "line": 131, "column": 19 }, "end": { "line": 131, "column": null } }
        ],
        "line": 131
      },
      "9": {
        "loc": { "start": { "line": 133, "column": 4 }, "end": { "line": 133, "column": null } },
        "type": "if",
        "locations": [
          { "start": { "line": 133, "column": 4 }, "end": { "line": 133, "column": null } },
          { "start": {}, "end": {} }
        ],
        "line": 133
      },
      "10": {
        "loc": { "start": { "line": 133, "column": 8 }, "end": { "line": 133, "column": 59 } },
        "type": "binary-expr",
        "locations": [
          { "start": { "line": 133, "column": 8 }, "end": { "line": 133, "column": 32 } },
          { "start": { "line": 133, "column": 32 }, "end": { "line": 133, "column": 59 } }
        ],
        "line": 133
      },
      "11": {
        "loc": { "start": { "line": 134, "column": 4 }, "end": { "line": 136, "column": null } },
        "type": "if",
        "locations": [
          { "start": { "line": 134, "column": 4 }, "end": { "line": 136, "column": null } },
          { "start": {}, "end": {} }
        ],
        "line": 134
      },
      "12": {
        "loc": { "start": { "line": 150, "column": 4 }, "end": { "line": 153, "column": null } },
        "type": "if",
        "locations": [
          { "start": { "line": 150, "column": 4 }, "end": { "line": 153, "column": null } },
          { "start": {}, "end": {} }
        ],
        "line": 150
      },
      "13": {
        "loc": { "start": { "line": 163, "column": 9 }, "end": { "line": 163, "column": null } },
        "type": "binary-expr",
        "locations": [
          { "start": { "line": 163, "column": 9 }, "end": { "line": 163, "column": 31 } },
          { "start": { "line": 163, "column": 31 }, "end": { "line": 163, "column": null } }
        ],
        "line": 163
      }
    },
    "s": {
      "0": 3,
      "1": 5,
      "2": 5,
      "3": 5,
      "4": 5,
      "5": 5,
      "6": 3,
      "7": 9,
      "8": 9,
      "9": 9,
      "10": 9,
      "11": 8,
      "12": 4,
      "13": 0,
      "14": 4,
      "15": 4,
      "16": 4,
      "17": 4,
      "18": 4,
      "19": 11,
      "20": 11,
      "21": 11,
      "22": 11,
      "23": 11,
      "24": 2,
      "25": 9,
      "26": 9,
      "27": 9,
      "28": 9,
      "29": 2,
      "30": 4,
      "31": 4,
      "32": 1,
      "33": 3,
      "34": 1,
      "35": 2,
      "36": 2,
      "37": 1,
      "38": 3,
      "39": 3,
      "40": 1,
      "41": 2,
      "42": 2,
      "43": 1,
      "44": 2,
      "45": 2,
      "46": 1,
      "47": 1,
      "48": 1,
      "49": 3,
      "50": 3,
      "51": 1,
      "52": 2,
      "53": 1,
      "54": 1,
      "55": 1,
      "56": 1,
      "57": 1,
      "58": 3,
      "59": 3,
      "60": 2,
      "61": 1,
      "62": 1,
      "63": 1,
      "64": 1,
      "65": 1,
      "66": 2,
      "67": 2,
      "68": 1,
      "69": 2,
      "70": 1,
      "71": 1,
      "72": 1,
      "73": 1
    },
    "f": {
      "0": 5,
      "1": 9,
      "2": 0,
      "3": 11,
      "4": 2,
      "5": 4,
      "6": 3,
      "7": 2,
      "8": 3,
      "9": 1,
      "10": 3,
      "11": 2,
      "12": 1,
      "13": 2,
      "14": 1,
      "15": 1,
      "16": 1,
      "17": 1
    },
    "b": {
      "0": [4, 4],
      "1": [2, 9],
      "2": [1, 3],
      "3": [1, 2],
      "4": [1, 1],
      "5": [1, 2],
      "6": [1, 1],
      "7": [1, 0],
      "8": [1, 0],
      "9": [1, 1],
      "10": [2, 2],
      "11": [1, 0],
      "12": [1, 1],
      "13": [2, 1]
    },
    "meta": {
      "lastBranch": 14,
      "lastFunction": 18,
      "lastStatement": 74,
      "seen": {
        "s:22:17:22:Infinity": 0,
        "f:36:2:36:14": 0,
        "s:37:4:37:Infinity": 1,
        "s:38:4:38:Infinity": 2,
        "s:39:4:39:Infinity": 3,
        "s:40:4:40:Infinity": 4,
        "s:41:4:41:Infinity": 5,
        "s:47:15:47:Infinity": 6,
        "f:49:15:49:22": 1,
        "s:50:13:50:Infinity": 7,
        "s:51:19:51:Infinity": 8,
        "s:52:2:52:Infinity": 9,
        "s:54:14:54:Infinity": 10,
        "b:55:2:58:Infinity:undefined:undefined:undefined:undefined": 0,
        "s:55:2:58:Infinity": 11,
        "s:56:17:56:Infinity": 12,
        "f:56:40:56:46": 2,
        "s:56:46:56:55": 13,
        "s:57:4:57:Infinity": 14,
        "s:59:15:59:Infinity": 15,
        "s:61:2:61:Infinity": 16,
        "s:62:2:62:Infinity": 17,
        "s:64:2:64:Infinity": 18,
        "f:67:15:67:28": 3,
        "s:68:13:68:Infinity": 19,
        "s:69:19:69:Infinity": 20,
        "s:70:2:70:Infinity": 21,
        "s:72:14:72:Infinity": 22,
        "b:73:2:73:Infinity:undefined:undefined:undefined:undefined": 1,
        "s:73:2:73:Infinity": 23,
        "s:73:15:73:Infinity": 24,
        "s:74:15:74:Infinity": 25,
        "s:76:2:76:Infinity": 26,
        "s:77:2:77:Infinity": 27,
        "s:79:2:79:Infinity": 28,
        "f:84:22:84:75": 4,
        "s:85:2:85:Infinity": 29,
        "f:88:22:88:Infinity": 5,
        "s:91:15:91:Infinity": 30,
        "b:92:2:92:Infinity:undefined:undefined:undefined:undefined": 2,
        "s:92:2:92:Infinity": 31,
        "s:92:13:92:Infinity": 32,
        "b:93:2:93:Infinity:undefined:undefined:undefined:undefined": 3,
        "s:93:2:93:Infinity": 33,
        "s:93:25:93:Infinity": 34,
        "b:94:2:94:Infinity:undefined:undefined:undefined:undefined": 4,
        "s:94:2:94:Infinity": 35,
        "s:94:17:94:Infinity": 36,
        "s:95:2:95:Infinity": 37,
        "f:98:22:98:Infinity": 6,
        "s:102:14:102:Infinity": 38,
        "b:103:2:110:Infinity:undefined:undefined:undefined:undefined": 5,
        "s:103:2:110:Infinity": 39,
        "s:104:4:109:Infinity": 40,
        "b:111:2:111:Infinity:undefined:undefined:undefined:undefined": 6,
        "s:111:2:111:Infinity": 41,
        "s:111:15:111:Infinity": 42,
        "s:112:2:112:Infinity": 43,
        "f:115:22:115:34": 7,
        "s:116:2:123:Infinity": 44,
        "s:117:4:117:Infinity": 45,
        "b:119:4:121:Infinity:undefined:undefined:undefined:undefined": 7,
        "s:119:4:121:Infinity": 46,
        "s:120:6:120:Infinity": 47,
        "s:122:4:122:Infinity": 48,
        "f:128:22:128:32": 8,
        "s:129:2:138:Infinity": 49,
        "s:130:17:130:Infinity": 50,
        "s:131:4:131:Infinity": 51,
        "b:131:11:131:19:131:19:131:Infinity": 8,
        "b:133:4:133:Infinity:undefined:undefined:undefined:undefined": 9,
        "s:133:4:133:Infinity": 52,
        "b:133:8:133:32:133:32:133:59": 10,
        "s:133:59:133:Infinity": 53,
        "b:134:4:136:Infinity:undefined:undefined:undefined:undefined": 11,
        "s:134:4:136:Infinity": 54,
        "s:135:6:135:Infinity": 55,
        "s:137:4:137:Infinity": 56,
        "f:143:22:143:35": 9,
        "s:144:2:144:Infinity": 57,
        "f:147:22:147:34": 10,
        "s:148:2:158:Infinity": 58,
        "s:149:16:149:Infinity": 59,
        "b:150:4:153:Infinity:undefined:undefined:undefined:undefined": 12,
        "s:150:4:153:Infinity": 60,
        "s:151:6:151:Infinity": 61,
        "s:152:6:152:Infinity": 62,
        "s:154:4:154:Infinity": 63,
        "s:156:4:156:Infinity": 64,
        "s:157:4:157:Infinity": 65,
        "f:161:22:161:36": 11,
        "s:162:15:162:Infinity": 66,
        "s:163:2:163:Infinity": 67,
        "b:163:9:163:31:163:31:163:Infinity": 13,
        "f:168:22:168:79": 12,
        "s:169:2:169:Infinity": 68,
        "f:172:22:172:43": 13,
        "s:173:2:173:Infinity": 69,
        "f:178:22:178:41": 14,
        "s:179:2:179:Infinity": 70,
        "f:184:22:184:41": 15,
        "s:185:2:185:Infinity": 71,
        "f:188:22:188:37": 16,
        "s:189:2:189:Infinity": 72,
        "f:194:16:194:31": 17,
        "s:195:2:195:Infinity": 73
      }
    }
  },
  "/Users/naveendevapalan/Desktop/Naveen/PROJECTS/eAIP-windlayer/frontend/src/components/ErrorBoundary.tsx": {
    "path": "/Users/naveendevapalan/Desktop/Naveen/PROJECTS/eAIP-windlayer/frontend/src/components/ErrorBoundary.tsx",
    "statementMap": {
      "0": { "start": { "line": 35, "column": 17 }, "end": { "line": 37, "column": null } },
      "1": { "start": { "line": 22, "column": 4 }, "end": { "line": 22, "column": null } },
      "2": { "start": { "line": 23, "column": 4 }, "end": { "line": 23, "column": null } },
      "3": { "start": { "line": 27, "column": 4 }, "end": { "line": 27, "column": null } },
      "4": { "start": { "line": 31, "column": 4 }, "end": { "line": 31, "column": null } },
      "5": { "start": { "line": 32, "column": 4 }, "end": { "line": 32, "column": null } },
      "6": { "start": { "line": 36, "column": 4 }, "end": { "line": 36, "column": null } },
      "7": { "start": { "line": 40, "column": 4 }, "end": { "line": 114, "column": null } },
      "8": { "start": { "line": 41, "column": 6 }, "end": { "line": 112, "column": null } },
      "9": { "start": { "line": 104, "column": 15 }, "end": { "line": 104, "column": null } },
      "10": { "start": { "line": 107, "column": 15 }, "end": { "line": 107, "column": null } },
      "11": { "start": { "line": 116, "column": 4 }, "end": { "line": 116, "column": null } }
    },
    "fnMap": {
      "0": {
        "name": "(anonymous_0)",
        "decl": { "start": { "line": 21, "column": 2 }, "end": { "line": 21, "column": 14 } },
        "loc": { "start": { "line": 21, "column": 41 }, "end": { "line": 24, "column": null } },
        "line": 21
      },
      "1": {
        "name": "(anonymous_1)",
        "decl": { "start": { "line": 26, "column": 9 }, "end": { "line": 26, "column": 34 } },
        "loc": { "start": { "line": 26, "column": 68 }, "end": { "line": 28, "column": null } },
        "line": 26
      },
      "2": {
        "name": "(anonymous_2)",
        "decl": { "start": { "line": 30, "column": 2 }, "end": { "line": 30, "column": 20 } },
        "loc": { "start": { "line": 30, "column": 57 }, "end": { "line": 33, "column": null } },
        "line": 30
      },
      "3": {
        "name": "(anonymous_3)",
        "decl": { "start": { "line": 35, "column": 17 }, "end": { "line": 35, "column": 29 } },
        "loc": { "start": { "line": 35, "column": 29 }, "end": { "line": 37, "column": null } },
        "line": 35
      },
      "4": {
        "name": "(anonymous_4)",
        "decl": { "start": { "line": 39, "column": 2 }, "end": { "line": 39, "column": 22 } },
        "loc": { "start": { "line": 39, "column": 22 }, "end": { "line": 117, "column": null } },
        "line": 39
      },
      "5": {
        "name": "(anonymous_5)",
        "decl": { "start": { "line": 103, "column": 25 }, "end": { "line": 103, "column": 26 } },
        "loc": { "start": { "line": 103, "column": 32 }, "end": { "line": 105, "column": null } },
        "line": 103
      },
      "6": {
        "name": "(anonymous_6)",
        "decl": { "start": { "line": 106, "column": 24 }, "end": { "line": 106, "column": 25 } },
        "loc": { "start": { "line": 106, "column": 31 }, "end": { "line": 108, "column": null } },
        "line": 106
      }
    },
    "branchMap": {
      "0": {
        "loc": { "start": { "line": 40, "column": 4 }, "end": { "line": 114, "column": null } },
        "type": "if",
        "locations": [
          { "start": { "line": 40, "column": 4 }, "end": { "line": 114, "column": null } },
          { "start": {}, "end": {} }
        ],
        "line": 40
      },
      "1": {
        "loc": { "start": { "line": 71, "column": 11 }, "end": { "line": 88, "column": null } },
        "type": "binary-expr",
        "locations": [
          { "start": { "line": 71, "column": 11 }, "end": { "line": 71, "column": null } },
          { "start": { "line": 72, "column": 12 }, "end": { "line": 88, "column": null } }
        ],
        "line": 71
      }
    },
    "s": {
      "0": 1,
      "1": 4,
      "2": 4,
      "3": 2,
      "4": 1,
      "5": 1,
      "6": 1,
      "7": 5,
      "8": 2,
      "9": 1,
      "10": 1,
      "11": 3
    },
    "f": { "0": 4, "1": 1, "2": 1, "3": 1, "4": 5, "5": 1, "6": 1 },
    "b": { "0": [2, 3], "1": [2, 2] },
    "meta": {
      "lastBranch": 2,
      "lastFunction": 7,
      "lastStatement": 12,
      "seen": {
        "s:35:17:37:Infinity": 0,
        "f:21:2:21:14": 0,
        "s:22:4:22:Infinity": 1,
        "s:23:4:23:Infinity": 2,
        "f:26:9:26:34": 1,
        "s:27:4:27:Infinity": 3,
        "f:30:2:30:20": 2,
        "s:31:4:31:Infinity": 4,
        "s:32:4:32:Infinity": 5,
        "f:35:17:35:29": 3,
        "s:36:4:36:Infinity": 6,
        "f:39:2:39:22": 4,
        "b:40:4:114:Infinity:undefined:undefined:undefined:undefined": 0,
        "s:40:4:114:Infinity": 7,
        "s:41:6:112:Infinity": 8,
        "b:71:11:71:Infinity:72:12:88:Infinity": 1,
        "f:103:25:103:26": 5,
        "s:104:15:104:Infinity": 9,
        "f:106:24:106:25": 6,
        "s:107:15:107:Infinity": 10,
        "s:116:4:116:Infinity": 11
      }
    }
  },
  "/Users/naveendevapalan/Desktop/Naveen/PROJECTS/eAIP-windlayer/frontend/src/components/GlobalLoader.tsx": {
    "path": "/Users/naveendevapalan/Desktop/Naveen/PROJECTS/eAIP-windlayer/frontend/src/components/GlobalLoader.tsx",
    "statementMap": {
      "0": { "start": { "line": 2, "column": 2 }, "end": { "line": 11, "column": null } }
    },
    "fnMap": {
      "0": {
        "name": "GlobalLoader",
        "decl": { "start": { "line": 1, "column": 24 }, "end": { "line": 1, "column": 39 } },
        "loc": { "start": { "line": 1, "column": 39 }, "end": { "line": 13, "column": null } },
        "line": 1
      }
    },
    "branchMap": {},
    "s": { "0": 1 },
    "f": { "0": 1 },
    "b": {},
    "meta": {
      "lastBranch": 0,
      "lastFunction": 1,
      "lastStatement": 1,
      "seen": { "f:1:24:1:39": 0, "s:2:2:11:Infinity": 0 }
    }
  },
  "/Users/naveendevapalan/Desktop/Naveen/PROJECTS/eAIP-windlayer/frontend/src/features/aip/AerodromeChartViewer.tsx": {
    "path": "/Users/naveendevapalan/Desktop/Naveen/PROJECTS/eAIP-windlayer/frontend/src/features/aip/AerodromeChartViewer.tsx",
    "statementMap": {
      "0": { "start": { "line": 15, "column": 0 }, "end": { "line": 15, "column": null } },
      "1": { "start": { "line": 17, "column": 14 }, "end": { "line": 17, "column": null } },
      "2": { "start": { "line": 18, "column": 11 }, "end": { "line": 18, "column": null } },
      "3": { "start": { "line": 24, "column": 0 }, "end": { "line": 24, "column": null } },
      "4": { "start": { "line": 27, "column": 2 }, "end": { "line": 34, "column": null } },
      "5": { "start": { "line": 28, "column": 0 }, "end": { "line": 28, "column": null } },
      "6": { "start": { "line": 30, "column": 0 }, "end": { "line": 30, "column": null } },
      "7": { "start": { "line": 30, "column": 9 }, "end": { "line": 30, "column": null } },
      "8": { "start": { "line": 35, "column": 4 }, "end": { "line": 35, "column": null } },
      "9": { "start": { "line": 38, "column": 9 }, "end": { "line": 38, "column": null } },
      "10": { "start": { "line": 39, "column": 0 }, "end": { "line": 39, "column": null } },
      "11": { "start": { "line": 41, "column": 24 }, "end": { "line": 41, "column": null } },
      "12": { "start": { "line": 42, "column": 30 }, "end": { "line": 42, "column": null } },
      "13": { "start": { "line": 43, "column": 24 }, "end": { "line": 43, "column": null } },
      "14": { "start": { "line": 44, "column": 24 }, "end": { "line": 44, "column": null } },
      "15": { "start": { "line": 45, "column": 34 }, "end": { "line": 45, "column": null } },
      "16": { "start": { "line": 46, "column": 36 }, "end": { "line": 46, "column": null } },
      "17": { "start": { "line": 47, "column": 19 }, "end": { "line": 47, "column": null } },
      "18": { "start": { "line": 48, "column": 20 }, "end": { "line": 48, "column": null } },
      "19": { "start": { "line": 48, "column": 36 }, "end": { "line": 48, "column": 50 } },
      "20": { "start": { "line": 49, "column": 26 }, "end": { "line": 49, "column": null } },
      "21": { "start": { "line": 49, "column": 52 }, "end": { "line": 49, "column": null } },
      "22": { "start": { "line": 50, "column": 8 }, "end": { "line": 50, "column": null } },
      "23": { "start": { "line": 50, "column": 47 }, "end": { "line": 50, "column": null } },
      "24": { "start": { "line": 52, "column": 22 }, "end": { "line": 59, "column": 51 } },
      "25": { "start": { "line": 53, "column": 8 }, "end": { "line": 53, "column": null } },
      "26": { "start": { "line": 54, "column": 2 }, "end": { "line": 57, "column": null } },
      "27": { "start": { "line": 56, "column": 2 }, "end": { "line": 56, "column": null } },
      "28": { "start": { "line": 56, "column": 24 }, "end": { "line": 56, "column": null } },
      "29": { "start": { "line": 58, "column": 4 }, "end": { "line": 58, "column": null } },
      "30": { "start": { "line": 60, "column": 4 }, "end": { "line": 64, "column": null } },
      "31": { "start": { "line": 61, "column": 4 }, "end": { "line": 61, "column": null } },
      "32": { "start": { "line": 61, "column": 11 }, "end": { "line": 61, "column": null } },
      "33": { "start": { "line": 62, "column": 2 }, "end": { "line": 62, "column": null } },
      "34": { "start": { "line": 65, "column": 4 }, "end": { "line": 95, "column": null } },
      "35": { "start": { "line": 66, "column": 4 }, "end": { "line": 72, "column": null } },
      "36": { "start": { "line": 67, "column": 6 }, "end": { "line": 67, "column": null } },
      "37": { "start": { "line": 70, "column": 2 }, "end": { "line": 70, "column": null } },
      "38": { "start": { "line": 71, "column": 4 }, "end": { "line": 71, "column": null } },
      "39": { "start": { "line": 73, "column": 6 }, "end": { "line": 73, "column": null } },
      "40": { "start": { "line": 74, "column": 6 }, "end": { "line": 84, "column": 20 } },
      "41": { "start": { "line": 75, "column": 4 }, "end": { "line": 75, "column": null } },
      "42": { "start": { "line": 78, "column": 4 }, "end": { "line": 79, "column": null } },
      "43": { "start": { "line": 80, "column": 8 }, "end": { "line": 80, "column": 22 } },
      "44": { "start": { "line": 83, "column": 8 }, "end": { "line": 83, "column": null } },
      "45": { "start": { "line": 84, "column": 20 }, "end": { "line": 93, "column": null } },
      "46": { "start": { "line": 87, "column": 8 }, "end": { "line": 87, "column": null } },
      "47": { "start": { "line": 90, "column": 4 }, "end": { "line": 91, "column": null } },
      "48": { "start": { "line": 92, "column": 8 }, "end": { "line": 92, "column": 29 } },
      "49": { "start": { "line": 96, "column": 27 }, "end": { "line": 106, "column": 13 } },
      "50": { "start": { "line": 98, "column": 6 }, "end": { "line": 98, "column": null } },
      "51": { "start": { "line": 100, "column": 2 }, "end": { "line": 100, "column": 27 } },
      "52": { "start": { "line": 101, "column": 5 }, "end": { "line": 101, "column": null } },
      "53": { "start": { "line": 102, "column": 6 }, "end": { "line": 102, "column": null } },
      "54": { "start": { "line": 103, "column": 6 }, "end": { "line": 103, "column": null } },
      "55": { "start": { "line": 107, "column": 4 }, "end": { "line": 109, "column": null } },
      "56": { "start": { "line": 108, "column": 4 }, "end": { "line": 108, "column": null } },
      "57": { "start": { "line": 111, "column": 8 }, "end": { "line": 117, "column": null } },
      "58": { "start": { "line": 112, "column": 4 }, "end": { "line": 112, "column": 21 } },
      "59": { "start": { "line": 113, "column": 2 }, "end": { "line": 113, "column": null } },
      "60": { "start": { "line": 115, "column": 2 }, "end": { "line": 115, "column": null } },
      "61": { "start": { "line": 116, "column": 4 }, "end": { "line": 116, "column": null } },
      "62": { "start": { "line": 118, "column": 17 }, "end": { "line": 159, "column": null } },
      "63": { "start": { "line": 119, "column": 4 }, "end": { "line": 119, "column": null } },
      "64": { "start": { "line": 119, "column": 20 }, "end": { "line": 119, "column": null } },
      "65": { "start": { "line": 120, "column": 14 }, "end": { "line": 120, "column": null } },
      "66": { "start": { "line": 122, "column": 8 }, "end": { "line": 122, "column": null } },
      "67": { "start": { "line": 123, "column": 9 }, "end": { "line": 123, "column": null } },
      "68": { "start": { "line": 124, "column": 4 }, "end": { "line": 139, "column": 21 } },
      "69": { "start": { "line": 139, "column": 21 }, "end": { "line": 140, "column": null } },
      "70": { "start": { "line": 142, "column": 5 }, "end": { "line": 142, "column": null } },
      "71": { "start": { "line": 143, "column": 4 }, "end": { "line": 149, "column": 18 } },
      "72": { "start": { "line": 150, "column": 28 }, "end": { "line": 151, "column": null } },
      "73": { "start": { "line": 151, "column": 8 }, "end": { "line": 151, "column": null } },
      "74": { "start": { "line": 151, "column": 24 }, "end": { "line": 152, "column": null } },
      "75": { "start": { "line": 161, "column": 4 }, "end": { "line": 170, "column": 45 } },
      "76": { "start": { "line": 162, "column": 4 }, "end": { "line": 162, "column": null } },
      "77": { "start": { "line": 163, "column": 3 }, "end": { "line": 163, "column": null } },
      "78": { "start": { "line": 166, "column": 2 }, "end": { "line": 169, "column": 31 } },
      "79": { "start": { "line": 171, "column": 16 }, "end": { "line": 171, "column": null } },
      "80": { "start": { "line": 171, "column": 16 }, "end": { "line": 172, "column": null } },
      "81": { "start": { "line": 172, "column": 5 }, "end": { "line": 172, "column": null } },
      "82": { "start": { "line": 173, "column": 2 }, "end": { "line": 181, "column": null } },
      "83": { "start": { "line": 194, "column": 15 }, "end": { "line": 194, "column": null } },
      "84": { "start": { "line": 230, "column": 18 }, "end": { "line": 235, "column": 21 } },
      "85": { "start": { "line": 238, "column": 22 }, "end": { "line": 238, "column": 54 } },
      "86": { "start": { "line": 265, "column": 15 }, "end": { "line": 265, "column": null } },
      "87": { "start": { "line": 304, "column": 17 }, "end": { "line": 304, "column": null } },
      "88": { "start": { "line": 312, "column": 17 }, "end": { "line": 312, "column": null } },
      "89": { "start": { "line": 348, "column": 17 }, "end": { "line": 348, "column": null } },
      "90": { "start": { "line": 362, "column": 17 }, "end": { "line": 362, "column": null } },
      "91": { "start": { "line": 375, "column": 13 }, "end": { "line": 375, "column": null } },
      "92": { "start": { "line": 376, "column": 14 }, "end": { "line": 379, "column": null } },
      "93": { "start": { "line": 377, "column": 30 }, "end": { "line": 377, "column": null } },
      "94": { "start": { "line": 378, "column": 16 }, "end": { "line": 378, "column": null } }
    },
    "fnMap": {
      "0": {
        "name": "candidateChartKeys",
        "decl": { "start": { "line": 16, "column": 2 }, "end": { "line": 16, "column": null } },
        "loc": { "start": { "line": 16, "column": 2 }, "end": { "line": 25, "column": null } },
        "line": 16
      },
      "1": {
        "name": "(anonymous_1)",
        "decl": { "start": { "line": 18, "column": 11 }, "end": { "line": 18, "column": null } },
        "loc": { "start": { "line": 18, "column": 11 }, "end": { "line": 18, "column": null } },
        "line": 18
      },
      "2": {
        "name": "findRnpForChart",
        "decl": { "start": { "line": 26, "column": 8 }, "end": { "line": 26, "column": 24 } },
        "loc": { "start": { "line": 26, "column": 30 }, "end": { "line": 36, "column": null } },
        "line": 26
      },
      "3": {
        "name": "AerodromeChartViewer",
        "decl": { "start": { "line": 37, "column": 2 }, "end": { "line": 37, "column": null } },
        "loc": { "start": { "line": 37, "column": 2 }, "end": { "line": 181, "column": null } },
        "line": 37
      },
      "4": {
        "name": "(anonymous_4)",
        "decl": { "start": { "line": 48, "column": 32 }, "end": { "line": 48, "column": 36 } },
        "loc": { "start": { "line": 48, "column": 36 }, "end": { "line": 48, "column": 50 } },
        "line": 48
      },
      "5": {
        "name": "(anonymous_5)",
        "decl": { "start": { "line": 49, "column": 38 }, "end": { "line": 49, "column": 52 } },
        "loc": { "start": { "line": 49, "column": 52 }, "end": { "line": 49, "column": null } },
        "line": 49
      },
      "6": {
        "name": "(anonymous_6)",
        "decl": { "start": { "line": 50, "column": 47 }, "end": { "line": 50, "column": null } },
        "loc": { "start": { "line": 50, "column": 47 }, "end": { "line": 50, "column": null } },
        "line": 50
      },
      "7": {
        "name": "(anonymous_7)",
        "decl": { "start": { "line": 52, "column": 22 }, "end": { "line": 52, "column": 34 } },
        "loc": { "start": { "line": 52, "column": 35 }, "end": { "line": 59, "column": 19 } },
        "line": 52
      },
      "8": {
        "name": "(anonymous_8)",
        "decl": { "start": { "line": 60, "column": 4 }, "end": { "line": 60, "column": null } },
        "loc": { "start": { "line": 60, "column": 4 }, "end": { "line": 64, "column": 8 } },
        "line": 60
      },
      "9": {
        "name": "(anonymous_9)",
        "decl": { "start": { "line": 65, "column": 9 }, "end": { "line": 65, "column": null } },
        "loc": { "start": { "line": 65, "column": 9 }, "end": { "line": 95, "column": 16 } },
        "line": 65
      },
      "10": {
        "name": "(anonymous_10)",
        "decl": { "start": { "line": 74, "column": 6 }, "end": { "line": 74, "column": null } },
        "loc": { "start": { "line": 74, "column": 6 }, "end": { "line": 77, "column": 17 } },
        "line": 74
      },
      "11": {
        "name": "(anonymous_11)",
        "decl": { "start": { "line": 77, "column": 4 }, "end": { "line": 77, "column": 17 } },
        "loc": { "start": { "line": 77, "column": 21 }, "end": { "line": 81, "column": 7 } },
        "line": 77
      },
      "12": {
        "name": "(anonymous_12)",
        "decl": { "start": { "line": 82, "column": 14 }, "end": { "line": 82, "column": null } },
        "loc": { "start": { "line": 82, "column": 14 }, "end": { "line": 84, "column": 20 } },
        "line": 82
      },
      "13": {
        "name": "(anonymous_13)",
        "decl": { "start": { "line": 86, "column": 21 }, "end": { "line": 86, "column": null } },
        "loc": { "start": { "line": 86, "column": 21 }, "end": { "line": 88, "column": 7 } },
        "line": 86
      },
      "14": {
        "name": "(anonymous_14)",
        "decl": { "start": { "line": 88, "column": 7 }, "end": { "line": 88, "column": null } },
        "loc": { "start": { "line": 88, "column": 7 }, "end": { "line": 93, "column": 7 } },
        "line": 88
      },
      "15": {
        "name": "(anonymous_15)",
        "decl": { "start": { "line": 97, "column": 6 }, "end": { "line": 97, "column": 7 } },
        "loc": { "start": { "line": 97, "column": 7 }, "end": { "line": 104, "column": null } },
        "line": 97
      },
      "16": {
        "name": "(anonymous_16)",
        "decl": { "start": { "line": 107, "column": 4 }, "end": { "line": 107, "column": null } },
        "loc": { "start": { "line": 107, "column": 4 }, "end": { "line": 109, "column": null } },
        "line": 107
      },
      "17": {
        "name": "(anonymous_17)",
        "decl": { "start": { "line": 111, "column": 32 }, "end": { "line": 111, "column": 44 } },
        "loc": { "start": { "line": 111, "column": 45 }, "end": { "line": 117, "column": null } },
        "line": 111
      },
      "18": {
        "name": "(anonymous_18)",
        "decl": { "start": { "line": 118, "column": 17 }, "end": { "line": 118, "column": null } },
        "loc": { "start": { "line": 118, "column": 17 }, "end": { "line": 152, "column": null } },
        "line": 118
      },
      "19": {
        "name": "(anonymous_19)",
        "decl": { "start": { "line": 161, "column": 4 }, "end": { "line": 161, "column": null } },
        "loc": { "start": { "line": 161, "column": 4 }, "end": { "line": 169, "column": null } },
        "line": 161
      },
      "20": {
        "name": "(anonymous_20)",
        "decl": { "start": { "line": 193, "column": 20 }, "end": { "line": 193, "column": 29 } },
        "loc": { "start": { "line": 193, "column": 29 }, "end": { "line": 194, "column": null } },
        "line": 193
      },
      "21": {
        "name": "(anonymous_21)",
        "decl": { "start": { "line": 230, "column": 18 }, "end": { "line": 230, "column": null } },
        "loc": { "start": { "line": 230, "column": 18 }, "end": { "line": 235, "column": 21 } },
        "line": 230
      },
      "22": {
        "name": "(anonymous_22)",
        "decl": { "start": { "line": 237, "column": 31 }, "end": { "line": 237, "column": 33 } },
        "loc": { "start": { "line": 237, "column": 33 }, "end": { "line": 239, "column": 69 } },
        "line": 237
      },
      "23": {
        "name": "(anonymous_23)",
        "decl": { "start": { "line": 264, "column": 20 }, "end": { "line": 264, "column": 29 } },
        "loc": { "start": { "line": 264, "column": 29 }, "end": { "line": 265, "column": null } },
        "line": 264
      },
      "24": {
        "name": "(anonymous_24)",
        "decl": { "start": { "line": 304, "column": 16 }, "end": { "line": 304, "column": 17 } },
        "loc": { "start": { "line": 304, "column": 16 }, "end": { "line": 304, "column": null } },
        "line": 304
      },
      "25": {
        "name": "(anonymous_25)",
        "decl": { "start": { "line": 304, "column": 17 }, "end": { "line": 304, "column": null } },
        "loc": { "start": { "line": 304, "column": 17 }, "end": { "line": 304, "column": null } },
        "line": 304
      },
      "26": {
        "name": "(anonymous_26)",
        "decl": { "start": { "line": 312, "column": 16 }, "end": { "line": 312, "column": 17 } },
        "loc": { "start": { "line": 312, "column": 16 }, "end": { "line": 312, "column": null } },
        "line": 312
      },
      "27": {
        "name": "(anonymous_27)",
        "decl": { "start": { "line": 312, "column": 17 }, "end": { "line": 312, "column": null } },
        "loc": { "start": { "line": 312, "column": 17 }, "end": { "line": 312, "column": null } },
        "line": 312
      },
      "28": {
        "name": "(anonymous_28)",
        "decl": { "start": { "line": 348, "column": 16 }, "end": { "line": 348, "column": 17 } },
        "loc": { "start": { "line": 348, "column": 16 }, "end": { "line": 348, "column": null } },
        "line": 348
      },
      "29": {
        "name": "(anonymous_29)",
        "decl": { "start": { "line": 348, "column": 17 }, "end": { "line": 348, "column": null } },
        "loc": { "start": { "line": 348, "column": 17 }, "end": { "line": 348, "column": null } },
        "line": 348
      },
      "30": {
        "name": "(anonymous_30)",
        "decl": { "start": { "line": 362, "column": 16 }, "end": { "line": 362, "column": 17 } },
        "loc": { "start": { "line": 362, "column": 16 }, "end": { "line": 362, "column": null } },
        "line": 362
      },
      "31": {
        "name": "(anonymous_31)",
        "decl": { "start": { "line": 362, "column": 17 }, "end": { "line": 362, "column": null } },
        "loc": { "start": { "line": 362, "column": 17 }, "end": { "line": 362, "column": null } },
        "line": 362
      },
      "32": {
        "name": "(anonymous_32)",
        "decl": { "start": { "line": 375, "column": 13 }, "end": { "line": 375, "column": null } },
        "loc": { "start": { "line": 375, "column": 13 }, "end": { "line": 380, "column": null } },
        "line": 375
      },
      "33": {
        "name": "(anonymous_33)",
        "decl": { "start": { "line": 376, "column": 24 }, "end": { "line": 376, "column": null } },
        "loc": { "start": { "line": 376, "column": 24 }, "end": { "line": 379, "column": null } },
        "line": 376
      }
    },
    "branchMap": {
      "0": {
        "loc": { "start": { "line": 18, "column": 11 }, "end": { "line": 18, "column": null } },
        "type": "binary-expr",
        "locations": [
          { "start": { "line": 18, "column": 11 }, "end": { "line": 18, "column": null } },
          { "start": { "line": 18, "column": 11 }, "end": { "line": 18, "column": null } }
        ],
        "line": 18
      },
      "1": {
        "loc": { "start": { "line": 30, "column": 0 }, "end": { "line": 30, "column": null } },
        "type": "if",
        "locations": [
          { "start": { "line": 30, "column": 0 }, "end": { "line": 30, "column": null } },
          { "start": {}, "end": {} }
        ],
        "line": 30
      },
      "2": {
        "loc": { "start": { "line": 56, "column": 2 }, "end": { "line": 56, "column": null } },
        "type": "if",
        "locations": [
          { "start": { "line": 56, "column": 2 }, "end": { "line": 56, "column": null } },
          { "start": {}, "end": {} }
        ],
        "line": 56
      },
      "3": {
        "loc": { "start": { "line": 61, "column": 4 }, "end": { "line": 61, "column": null } },
        "type": "if",
        "locations": [
          { "start": { "line": 61, "column": 4 }, "end": { "line": 61, "column": null } },
          { "start": {}, "end": {} }
        ],
        "line": 61
      },
      "4": {
        "loc": { "start": { "line": 66, "column": 4 }, "end": { "line": 72, "column": null } },
        "type": "if",
        "locations": [
          { "start": { "line": 66, "column": 4 }, "end": { "line": 72, "column": null } },
          { "start": {}, "end": {} }
        ],
        "line": 66
      },
      "5": {
        "loc": { "start": { "line": 119, "column": 4 }, "end": { "line": 119, "column": null } },
        "type": "if",
        "locations": [
          { "start": { "line": 119, "column": 4 }, "end": { "line": 119, "column": null } },
          { "start": {}, "end": {} }
        ],
        "line": 119
      },
      "6": {
        "loc": { "start": { "line": 119, "column": 4 }, "end": { "line": 119, "column": null } },
        "type": "binary-expr",
        "locations": [
          { "start": { "line": 119, "column": 4 }, "end": { "line": 119, "column": 20 } },
          { "start": { "line": 119, "column": 20 }, "end": { "line": 119, "column": null } }
        ],
        "line": 119
      },
      "7": {
        "loc": { "start": { "line": 122, "column": 8 }, "end": { "line": 122, "column": null } },
        "type": "binary-expr",
        "locations": [
          { "start": { "line": 122, "column": 8 }, "end": { "line": 122, "column": 37 } },
          { "start": { "line": 122, "column": 37 }, "end": { "line": 122, "column": null } },
          { "start": { "line": 122, "column": 43 }, "end": { "line": 122, "column": null } },
          { "start": { "line": 122, "column": 43 }, "end": { "line": 122, "column": null } },
          { "start": { "line": 122, "column": 43 }, "end": { "line": 122, "column": null } },
          { "start": { "line": 122, "column": 43 }, "end": { "line": 122, "column": null } },
          { "start": { "line": 122, "column": 43 }, "end": { "line": 122, "column": null } },
          { "start": { "line": 122, "column": 43 }, "end": { "line": 122, "column": null } }
        ],
        "line": 122
      },
      "8": {
        "loc": { "start": { "line": 123, "column": 9 }, "end": { "line": 123, "column": null } },
        "type": "cond-expr",
        "locations": [
          { "start": { "line": 123, "column": 27 }, "end": { "line": 123, "column": null } },
          { "start": { "line": 123, "column": 47 }, "end": { "line": 123, "column": null } }
        ],
        "line": 123
      },
      "9": {
        "loc": { "start": { "line": 150, "column": 28 }, "end": { "line": 151, "column": null } },
        "type": "if",
        "locations": [
          { "start": { "line": 150, "column": 28 }, "end": { "line": 151, "column": null } },
          { "start": {}, "end": {} }
        ],
        "line": 150
      },
      "10": {
        "loc": { "start": { "line": 162, "column": 4 }, "end": { "line": 162, "column": null } },
        "type": "if",
        "locations": [
          { "start": { "line": 162, "column": 4 }, "end": { "line": 162, "column": null } },
          { "start": {}, "end": {} }
        ],
        "line": 162
      },
      "11": {
        "loc": { "start": { "line": 167, "column": 9 }, "end": { "line": 167, "column": null } },
        "type": "cond-expr",
        "locations": [
          { "start": { "line": 167, "column": 28 }, "end": { "line": 167, "column": null } },
          { "start": { "line": 167, "column": 28 }, "end": { "line": 167, "column": null } }
        ],
        "line": 167
      },
      "12": {
        "loc": { "start": { "line": 171, "column": 16 }, "end": { "line": 171, "column": null } },
        "type": "cond-expr",
        "locations": [
          { "start": { "line": 171, "column": 16 }, "end": { "line": 171, "column": null } },
          { "start": { "line": 171, "column": 16 }, "end": { "line": 171, "column": null } }
        ],
        "line": 171
      },
      "13": {
        "loc": { "start": { "line": 171, "column": 16 }, "end": { "line": 172, "column": null } },
        "type": "if",
        "locations": [
          { "start": { "line": 171, "column": 16 }, "end": { "line": 172, "column": null } },
          { "start": {}, "end": {} }
        ],
        "line": 171
      },
      "14": {
        "loc": { "start": { "line": 176, "column": 48 }, "end": { "line": 185, "column": 11 } },
        "type": "binary-expr",
        "locations": [
          { "start": { "line": 176, "column": 48 }, "end": { "line": 176, "column": 62 } },
          { "start": { "line": 176, "column": 76 }, "end": { "line": 185, "column": 11 } }
        ],
        "line": 176
      },
      "15": {
        "loc": { "start": { "line": 189, "column": 12 }, "end": { "line": 194, "column": 15 } },
        "type": "binary-expr",
        "locations": [
          { "start": { "line": 189, "column": 12 }, "end": { "line": 189, "column": 36 } },
          { "start": { "line": 189, "column": 48 }, "end": { "line": 194, "column": 15 } }
        ],
        "line": 189
      },
      "16": {
        "loc": { "start": { "line": 221, "column": 21 }, "end": { "line": 235, "column": 21 } },
        "type": "cond-expr",
        "locations": [
          { "start": { "line": 221, "column": 21 }, "end": { "line": 226, "column": null } },
          { "start": { "line": 226, "column": 18 }, "end": { "line": 235, "column": 21 } }
        ],
        "line": 221
      },
      "17": {
        "loc": { "start": { "line": 226, "column": 18 }, "end": { "line": 235, "column": 21 } },
        "type": "cond-expr",
        "locations": [
          { "start": { "line": 226, "column": 18 }, "end": { "line": 230, "column": null } },
          { "start": { "line": 230, "column": 18 }, "end": { "line": 235, "column": 21 } }
        ],
        "line": 226
      },
      "18": {
        "loc": { "start": { "line": 241, "column": 24 }, "end": { "line": 241, "column": null } },
        "type": "binary-expr",
        "locations": [
          { "start": { "line": 241, "column": 24 }, "end": { "line": 241, "column": 46 } },
          { "start": { "line": 241, "column": 46 }, "end": { "line": 241, "column": null } }
        ],
        "line": 241
      },
      "19": {
        "loc": { "start": { "line": 247, "column": 22 }, "end": { "line": 247, "column": null } },
        "type": "binary-expr",
        "locations": [
          { "start": { "line": 247, "column": 22 }, "end": { "line": 247, "column": null } },
          { "start": { "line": 247, "column": 22 }, "end": { "line": 247, "column": null } }
        ],
        "line": 247
      },
      "20": {
        "loc": { "start": { "line": 205, "column": 12 }, "end": { "line": 265, "column": 15 } },
        "type": "binary-expr",
        "locations": [
          { "start": { "line": 205, "column": 12 }, "end": { "line": 205, "column": 13 } },
          { "start": { "line": 205, "column": 12 }, "end": { "line": 265, "column": 15 } }
        ],
        "line": 205
      },
      "21": {
        "loc": { "start": { "line": 302, "column": 12 }, "end": { "line": 331, "column": 17 } },
        "type": "cond-expr",
        "locations": [
          { "start": { "line": 302, "column": 12 }, "end": { "line": 331, "column": 17 } },
          { "start": { "line": 331, "column": 16 }, "end": { "line": 331, "column": 17 } }
        ],
        "line": 302
      },
      "22": {
        "loc": { "start": { "line": 348, "column": 16 }, "end": { "line": 348, "column": 17 } },
        "type": "cond-expr",
        "locations": [
          { "start": { "line": 348, "column": 16 }, "end": { "line": 348, "column": 17 } },
          { "start": { "line": 348, "column": 16 }, "end": { "line": 348, "column": 17 } }
        ],
        "line": 348
      },
      "23": {
        "loc": { "start": { "line": 377, "column": 30 }, "end": { "line": 377, "column": null } },
        "type": "cond-expr",
        "locations": [
          { "start": { "line": 377, "column": 30 }, "end": { "line": 377, "column": null } },
          { "start": { "line": 377, "column": 30 }, "end": { "line": 377, "column": null } }
        ],
        "line": 377
      },
      "24": {
        "loc": { "start": { "line": 381, "column": 18 }, "end": { "line": 386, "column": 17 } },
        "type": "binary-expr",
        "locations": [
          { "start": { "line": 381, "column": 18 }, "end": { "line": 381, "column": 30 } },
          { "start": { "line": 381, "column": 46 }, "end": { "line": 386, "column": 17 } }
        ],
        "line": 381
      }
    },
    "s": {
      "0": 1,
      "1": 1,
      "2": 3,
      "3": 1,
      "4": 1,
      "5": 2,
      "6": 2,
      "7": 1,
      "8": 0,
      "9": 4,
      "10": 4,
      "11": 4,
      "12": 4,
      "13": 4,
      "14": 4,
      "15": 4,
      "16": 4,
      "17": 4,
      "18": 4,
      "19": 12,
      "20": 4,
      "21": 12,
      "22": 4,
      "23": 12,
      "24": 4,
      "25": 2,
      "26": 2,
      "27": 1,
      "28": 1,
      "29": 2,
      "30": 4,
      "31": 3,
      "32": 2,
      "33": 1,
      "34": 4,
      "35": 1,
      "36": 0,
      "37": 0,
      "38": 0,
      "39": 1,
      "40": 1,
      "41": 1,
      "42": 0,
      "43": 0,
      "44": 1,
      "45": 1,
      "46": 1,
      "47": 0,
      "48": 0,
      "49": 4,
      "50": 1,
      "51": 1,
      "52": 1,
      "53": 1,
      "54": 1,
      "55": 4,
      "56": 0,
      "57": 4,
      "58": 0,
      "59": 0,
      "60": 0,
      "61": 0,
      "62": 4,
      "63": 0,
      "64": 0,
      "65": 0,
      "66": 0,
      "67": 0,
      "68": 0,
      "69": 0,
      "70": 0,
      "71": 0,
      "72": 0,
      "73": 0,
      "74": 0,
      "75": 4,
      "76": 0,
      "77": 0,
      "78": 0,
      "79": 4,
      "80": 4,
      "81": 0,
      "82": 4,
      "83": 0,
      "84": 2,
      "85": 1,
      "86": 0,
      "87": 0,
      "88": 0,
      "89": 0,
      "90": 0,
      "91": 0,
      "92": 0,
      "93": 0,
      "94": 0
    },
    "f": {
      "0": 1,
      "1": 3,
      "2": 1,
      "3": 4,
      "4": 12,
      "5": 12,
      "6": 12,
      "7": 2,
      "8": 3,
      "9": 1,
      "10": 1,
      "11": 0,
      "12": 1,
      "13": 1,
      "14": 0,
      "15": 1,
      "16": 0,
      "17": 0,
      "18": 0,
      "19": 0,
      "20": 0,
      "21": 2,
      "22": 1,
      "23": 0,
      "24": 0,
      "25": 0,
      "26": 0,
      "27": 0,
      "28": 0,
      "29": 0,
      "30": 0,
      "31": 0,
      "32": 0,
      "33": 0
    },
    "b": {
      "0": [3, 0],
      "1": [1, 1],
      "2": [1, 0],
      "3": [2, 1],
      "4": [0, 1],
      "5": [0, 0],
      "6": [0, 0],
      "7": [0, 0, 0, 0, 0, 0, 0, 0],
      "8": [0, 0],
      "9": [0, 0],
      "10": [0, 0],
      "11": [0, 0],
      "12": [1, 3],
      "13": [0, 4],
      "14": [4, 4],
      "15": [4, 0],
      "16": [1, 3],
      "17": [1, 2],
      "18": [2, 0],
      "19": [2, 0],
      "20": [4, 0],
      "21": [1, 3],
      "22": [0, 4],
      "23": [0, 0],
      "24": [4, 1]
    },
    "meta": {
      "lastBranch": 25,
      "lastFunction": 34,
      "lastStatement": 95,
      "seen": {
        "s:15:0:15:Infinity": 0,
        "f:16:2:16:Infinity": 0,
        "s:17:14:17:Infinity": 1,
        "s:18:11:18:Infinity": 2,
        "f:18:11:18:Infinity": 1,
        "b:18:11:18:Infinity:18:11:18:Infinity": 0,
        "s:24:0:24:Infinity": 3,
        "f:26:8:26:24": 2,
        "s:27:2:34:Infinity": 4,
        "s:28:0:28:Infinity": 5,
        "b:30:0:30:Infinity:undefined:undefined:undefined:undefined": 1,
        "s:30:0:30:Infinity": 6,
        "s:30:9:30:Infinity": 7,
        "s:35:4:35:Infinity": 8,
        "f:37:2:37:Infinity": 3,
        "s:38:9:38:Infinity": 9,
        "s:39:0:39:Infinity": 10,
        "s:41:24:41:Infinity": 11,
        "s:42:30:42:Infinity": 12,
        "s:43:24:43:Infinity": 13,
        "s:44:24:44:Infinity": 14,
        "s:45:34:45:Infinity": 15,
        "s:46:36:46:Infinity": 16,
        "s:47:19:47:Infinity": 17,
        "s:48:20:48:Infinity": 18,
        "f:48:32:48:36": 4,
        "s:48:36:48:50": 19,
        "s:49:26:49:Infinity": 20,
        "f:49:38:49:52": 5,
        "s:49:52:49:Infinity": 21,
        "s:50:8:50:Infinity": 22,
        "f:50:47:50:Infinity": 6,
        "s:50:47:50:Infinity": 23,
        "s:52:22:59:51": 24,
        "f:52:22:52:34": 7,
        "s:53:8:53:Infinity": 25,
        "s:54:2:57:Infinity": 26,
        "b:56:2:56:Infinity:undefined:undefined:undefined:undefined": 2,
        "s:56:2:56:Infinity": 27,
        "s:56:24:56:Infinity": 28,
        "s:58:4:58:Infinity": 29,
        "s:60:4:64:Infinity": 30,
        "f:60:4:60:Infinity": 8,
        "b:61:4:61:Infinity:undefined:undefined:undefined:undefined": 3,
        "s:61:4:61:Infinity": 31,
        "s:61:11:61:Infinity": 32,
        "s:62:2:62:Infinity": 33,
        "s:65:4:95:Infinity": 34,
        "f:65:9:65:Infinity": 9,
        "b:66:4:72:Infinity:undefined:undefined:undefined:undefined": 4,
        "s:66:4:72:Infinity": 35,
        "s:67:6:67:Infinity": 36,
        "s:70:2:70:Infinity": 37,
        "s:71:4:71:Infinity": 38,
        "s:73:6:73:Infinity": 39,
        "s:74:6:84:20": 40,
        "f:74:6:74:Infinity": 10,
        "s:75:4:75:Infinity": 41,
        "f:77:4:77:17": 11,
        "s:78:4:79:Infinity": 42,
        "s:80:8:80:22": 43,
        "f:82:14:82:Infinity": 12,
        "s:83:8:83:Infinity": 44,
        "s:84:20:93:Infinity": 45,
        "f:86:21:86:Infinity": 13,
        "s:87:8:87:Infinity": 46,
        "f:88:7:88:Infinity": 14,
        "s:90:4:91:Infinity": 47,
        "s:92:8:92:29": 48,
        "s:96:27:106:13": 49,
        "f:97:6:97:7": 15,
        "s:98:6:98:Infinity": 50,
        "s:100:2:100:27": 51,
        "s:101:5:101:Infinity": 52,
        "s:102:6:102:Infinity": 53,
        "s:103:6:103:Infinity": 54,
        "s:107:4:109:Infinity": 55,
        "f:107:4:107:Infinity": 16,
        "s:108:4:108:Infinity": 56,
        "s:111:8:117:Infinity": 57,
        "f:111:32:111:44": 17,
        "s:112:4:112:21": 58,
        "s:113:2:113:Infinity": 59,
        "s:115:2:115:Infinity": 60,
        "s:116:4:116:Infinity": 61,
        "s:118:17:159:Infinity": 62,
        "f:118:17:118:Infinity": 18,
        "b:119:4:119:Infinity:undefined:undefined:undefined:undefined": 5,
        "s:119:4:119:Infinity": 63,
        "b:119:4:119:20:119:20:119:Infinity": 6,
        "s:119:20:119:Infinity": 64,
        "s:120:14:120:Infinity": 65,
        "s:122:8:122:Infinity": 66,
        "b:122:8:122:37:122:37:122:Infinity:122:43:122:Infinity:122:43:122:Infinity:122:43:122:Infinity:122:43:122:Infinity:122:43:122:Infinity:122:43:122:Infinity": 7,
        "s:123:9:123:Infinity": 67,
        "b:123:27:123:Infinity:123:47:123:Infinity": 8,
        "s:124:4:139:21": 68,
        "s:139:21:140:Infinity": 69,
        "s:142:5:142:Infinity": 70,
        "s:143:4:149:18": 71,
        "b:150:28:151:Infinity:undefined:undefined:undefined:undefined": 9,
        "s:150:28:151:Infinity": 72,
        "s:151:8:151:Infinity": 73,
        "s:151:24:152:Infinity": 74,
        "s:161:4:170:45": 75,
        "f:161:4:161:Infinity": 19,
        "b:162:4:162:Infinity:undefined:undefined:undefined:undefined": 10,
        "s:162:4:162:Infinity": 76,
        "s:163:3:163:Infinity": 77,
        "s:166:2:169:31": 78,
        "b:167:28:167:Infinity:167:28:167:Infinity": 11,
        "s:171:16:171:Infinity": 79,
        "b:171:16:171:Infinity:171:16:171:Infinity": 12,
        "b:171:16:172:Infinity:undefined:undefined:undefined:undefined": 13,
        "s:171:16:172:Infinity": 80,
        "s:172:5:172:Infinity": 81,
        "s:173:2:181:Infinity": 82,
        "b:176:48:176:62:176:76:185:11": 14,
        "b:189:12:189:36:189:48:194:15": 15,
        "f:193:20:193:29": 20,
        "s:194:15:194:Infinity": 83,
        "b:221:21:226:Infinity:226:18:235:21": 16,
        "b:226:18:230:Infinity:230:18:235:21": 17,
        "f:230:18:230:Infinity": 21,
        "s:230:18:235:21": 84,
        "f:237:31:237:33": 22,
        "s:238:22:238:54": 85,
        "b:241:24:241:46:241:46:241:Infinity": 18,
        "b:247:22:247:Infinity:247:22:247:Infinity": 19,
        "b:205:12:205:13:205:12:265:15": 20,
        "f:264:20:264:29": 23,
        "s:265:15:265:Infinity": 86,
        "f:304:16:304:17": 24,
        "s:304:17:304:Infinity": 87,
        "f:304:17:304:Infinity": 25,
        "f:312:16:312:17": 26,
        "s:312:17:312:Infinity": 88,
        "f:312:17:312:Infinity": 27,
        "b:302:12:331:17:331:16:331:17": 21,
        "f:348:16:348:17": 28,
        "s:348:17:348:Infinity": 89,
        "f:348:17:348:Infinity": 29,
        "b:348:16:348:17:348:16:348:17": 22,
        "f:362:16:362:17": 30,
        "s:362:17:362:Infinity": 90,
        "f:362:17:362:Infinity": 31,
        "f:375:13:375:Infinity": 32,
        "s:375:13:375:Infinity": 91,
        "s:376:14:379:Infinity": 92,
        "f:376:24:376:Infinity": 33,
        "s:377:30:377:Infinity": 93,
        "b:377:30:377:Infinity:377:30:377:Infinity": 23,
        "s:378:16:378:Infinity": 94,
        "b:381:18:381:30:381:46:386:17": 24
      }
    }
  },
  "/Users/naveendevapalan/Desktop/Naveen/PROJECTS/eAIP-windlayer/frontend/src/features/aip/AerodromeInfoDropdown.tsx": {
    "path": "/Users/naveendevapalan/Desktop/Naveen/PROJECTS/eAIP-windlayer/frontend/src/features/aip/AerodromeInfoDropdown.tsx",
    "statementMap": {
      "0": { "start": { "line": 6, "column": 28 }, "end": { "line": 30, "column": null } },
      "1": { "start": { "line": 46, "column": 26 }, "end": { "line": 46, "column": null } },
      "2": { "start": { "line": 47, "column": 8 }, "end": { "line": 47, "column": null } },
      "3": { "start": { "line": 50, "column": 2 }, "end": { "line": 60, "column": null } },
      "4": { "start": { "line": 51, "column": 31 }, "end": { "line": 55, "column": null } },
      "5": { "start": { "line": 52, "column": 6 }, "end": { "line": 54, "column": null } },
      "6": { "start": { "line": 53, "column": 8 }, "end": { "line": 53, "column": null } },
      "7": { "start": { "line": 56, "column": 4 }, "end": { "line": 56, "column": null } },
      "8": { "start": { "line": 57, "column": 4 }, "end": { "line": 59, "column": null } },
      "9": { "start": { "line": 58, "column": 6 }, "end": { "line": 58, "column": null } },
      "10": { "start": { "line": 62, "column": 2 }, "end": { "line": 62, "column": null } },
      "11": { "start": { "line": 62, "column": 22 }, "end": { "line": 62, "column": null } },
      "12": { "start": { "line": 64, "column": 2 }, "end": { "line": 131, "column": null } },
      "13": { "start": { "line": 69, "column": 10 }, "end": { "line": 69, "column": null } },
      "14": { "start": { "line": 109, "column": 16 }, "end": { "line": 125, "column": null } },
      "15": { "start": { "line": 112, "column": 20 }, "end": { "line": 112, "column": null } },
      "16": { "start": { "line": 113, "column": 20 }, "end": { "line": 113, "column": null } }
    },
    "fnMap": {
      "0": {
        "name": "AerodromeInfoDropdown",
        "decl": { "start": { "line": 42, "column": 24 }, "end": { "line": 42, "column": 46 } },
        "loc": { "start": { "line": 45, "column": 31 }, "end": { "line": 133, "column": null } },
        "line": 45
      },
      "1": {
        "name": "(anonymous_1)",
        "decl": { "start": { "line": 50, "column": 12 }, "end": { "line": 50, "column": 18 } },
        "loc": { "start": { "line": 50, "column": 18 }, "end": { "line": 60, "column": 5 } },
        "line": 50
      },
      "2": {
        "name": "(anonymous_2)",
        "decl": { "start": { "line": 51, "column": 31 }, "end": { "line": 51, "column": 32 } },
        "loc": { "start": { "line": 51, "column": 50 }, "end": { "line": 55, "column": null } },
        "line": 51
      },
      "3": {
        "name": "(anonymous_3)",
        "decl": { "start": { "line": 57, "column": 11 }, "end": { "line": 57, "column": 17 } },
        "loc": { "start": { "line": 57, "column": 17 }, "end": { "line": 59, "column": null } },
        "line": 57
      },
      "4": {
        "name": "(anonymous_4)",
        "decl": { "start": { "line": 68, "column": 17 }, "end": { "line": 68, "column": 23 } },
        "loc": { "start": { "line": 68, "column": 23 }, "end": { "line": 70, "column": null } },
        "line": 68
      },
      "5": {
        "name": "(anonymous_5)",
        "decl": { "start": { "line": 108, "column": 32 }, "end": { "line": 108, "column": 33 } },
        "loc": { "start": { "line": 109, "column": 16 }, "end": { "line": 125, "column": null } },
        "line": 109
      },
      "6": {
        "name": "(anonymous_6)",
        "decl": { "start": { "line": 111, "column": 27 }, "end": { "line": 111, "column": 33 } },
        "loc": { "start": { "line": 111, "column": 33 }, "end": { "line": 114, "column": null } },
        "line": 111
      }
    },
    "branchMap": {
      "0": {
        "loc": { "start": { "line": 52, "column": 6 }, "end": { "line": 54, "column": null } },
        "type": "if",
        "locations": [
          { "start": { "line": 52, "column": 6 }, "end": { "line": 54, "column": null } },
          { "start": {}, "end": {} }
        ],
        "line": 52
      },
      "1": {
        "loc": { "start": { "line": 52, "column": 10 }, "end": { "line": 52, "column": 82 } },
        "type": "binary-expr",
        "locations": [
          { "start": { "line": 52, "column": 10 }, "end": { "line": 52, "column": 33 } },
          { "start": { "line": 52, "column": 33 }, "end": { "line": 52, "column": 82 } }
        ],
        "line": 52
      },
      "2": {
        "loc": { "start": { "line": 62, "column": 2 }, "end": { "line": 62, "column": null } },
        "type": "if",
        "locations": [
          { "start": { "line": 62, "column": 2 }, "end": { "line": 62, "column": null } },
          { "start": {}, "end": {} }
        ],
        "line": 62
      },
      "3": {
        "loc": { "start": { "line": 72, "column": 10 }, "end": { "line": 74, "column": null } },
        "type": "cond-expr",
        "locations": [
          { "start": { "line": 73, "column": 14 }, "end": { "line": 73, "column": null } },
          { "start": { "line": 74, "column": 14 }, "end": { "line": 74, "column": null } }
        ],
        "line": 72
      },
      "4": {
        "loc": { "start": { "line": 80, "column": 21 }, "end": { "line": 80, "column": null } },
        "type": "cond-expr",
        "locations": [
          { "start": { "line": 80, "column": 30 }, "end": { "line": 80, "column": 50 } },
          { "start": { "line": 80, "column": 50 }, "end": { "line": 80, "column": null } }
        ],
        "line": 80
      },
      "5": {
        "loc": { "start": { "line": 88, "column": 58 }, "end": { "line": 88, "column": 113 } },
        "type": "cond-expr",
        "locations": [
          { "start": { "line": 88, "column": 67 }, "end": { "line": 88, "column": 98 } },
          { "start": { "line": 88, "column": 98 }, "end": { "line": 88, "column": 113 } }
        ],
        "line": 88
      },
      "6": {
        "loc": { "start": { "line": 94, "column": 9 }, "end": { "line": 128, "column": null } },
        "type": "binary-expr",
        "locations": [
          { "start": { "line": 94, "column": 9 }, "end": { "line": 94, "column": null } },
          { "start": { "line": 95, "column": 10 }, "end": { "line": 128, "column": null } }
        ],
        "line": 94
      },
      "7": {
        "loc": { "start": { "line": 116, "column": 20 }, "end": { "line": 116, "column": null } },
        "type": "cond-expr",
        "locations": [
          { "start": { "line": 116, "column": 54 }, "end": { "line": 116, "column": 86 } },
          { "start": { "line": 116, "column": 86 }, "end": { "line": 116, "column": null } }
[...]
      "6": [3, 0],
      "7": [1, 14],
      "8": [1, 0],
      "9": [7, 8],
      "10": [5, 115]
    },
    "meta": {
      "lastBranch": 11,
      "lastFunction": 1,
      "lastStatement": 24,
      "seen": {
        "f:3:16:3:34": 0,
        "b:4:2:4:Infinity:undefined:undefined:undefined:undefined": 0,
        "s:4:2:4:Infinity": 0,
        "s:4:13:4:Infinity": 1,
        "s:6:10:6:Infinity": 2,
        "b:7:2:7:Infinity:undefined:undefined:undefined:undefined": 1,
        "s:7:2:7:Infinity": 3,
        "s:7:10:7:Infinity": 4,
        "s:9:2:17:Infinity": 5,
        "s:10:14:10:Infinity": 6,
        "b:11:4:14:Infinity:undefined:undefined:undefined:undefined": 2,
        "s:11:4:14:Infinity": 7,
        "b:11:8:11:34:11:34:11:59": 3,
        "s:12:18:12:Infinity": 8,
        "s:13:6:13:Infinity": 9,
        "b:13:23:13:76:13:76:13:Infinity": 4,
        "b:13:23:13:72:13:72:13:76": 5,
        "b:13:42:13:65:13:65:13:67": 6,
        "b:19:2:21:Infinity:undefined:undefined:undefined:undefined": 7,
        "s:19:2:21:Infinity": 10,
        "s:20:4:20:Infinity": 11,
        "b:20:8:20:30:20:30:20:Infinity": 8,
        "s:23:2:23:Infinity": 12,
        "b:24:2:24:Infinity:undefined:undefined:undefined:undefined": 9,
        "s:24:2:24:Infinity": 13,
        "s:24:26:24:Infinity": 14,
        "s:26:2:26:Infinity": 15,
        "s:27:2:27:Infinity": 16,
        "s:29:19:38:Infinity": 17,
        "s:39:2:43:Infinity": 18,
        "b:40:4:42:Infinity:undefined:undefined:undefined:undefined": 10,
        "s:40:4:42:Infinity": 19,
        "s:41:6:41:Infinity": 20,
        "s:45:2:45:Infinity": 21,
        "s:46:2:46:Infinity": 22,
        "s:48:2:48:Infinity": 23
      }
    }
  },
  "/Users/naveendevapalan/Desktop/Naveen/PROJECTS/eAIP-windlayer/frontend/src/utils/metarParser.ts": {
    "path": "/Users/naveendevapalan/Desktop/Naveen/PROJECTS/eAIP-windlayer/frontend/src/utils/metarParser.ts",
    "statementMap": {
      "0": { "start": { "line": 4, "column": 30 }, "end": { "line": 13, "column": null } },
      "1": { "start": { "line": 15, "column": 2 }, "end": { "line": 15, "column": null } },
      "2": { "start": { "line": 15, "column": 14 }, "end": { "line": 15, "column": null } },
      "3": { "start": { "line": 17, "column": 16 }, "end": { "line": 17, "column": null } },
      "4": { "start": { "line": 19, "column": 2 }, "end": { "line": 81, "column": null } },
      "5": { "start": { "line": 21, "column": 22 }, "end": { "line": 21, "column": null } },
      "6": { "start": { "line": 22, "column": 4 }, "end": { "line": 27, "column": null } },
      "7": { "start": { "line": 23, "column": 6 }, "end": { "line": 23, "column": null } },
      "8": { "start": { "line": 24, "column": 6 }, "end": { "line": 24, "column": null } },
      "9": { "start": { "line": 25, "column": 6 }, "end": { "line": 25, "column": null } },
      "10": { "start": { "line": 26, "column": 6 }, "end": { "line": 26, "column": null } },
      "11": { "start": { "line": 30, "column": 22 }, "end": { "line": 30, "column": null } },
      "12": { "start": { "line": 31, "column": 4 }, "end": { "line": 37, "column": null } },
      "13": { "start": { "line": 32, "column": 24 }, "end": { "line": 33, "column": null } },
      "14": { "start": { "line": 33, "column": 8 }, "end": { "line": 33, "column": null } },
      "15": { "start": { "line": 34, "column": 6 }, "end": { "line": 34, "column": null } },
      "16": { "start": { "line": 34, "column": 24 }, "end": { "line": 34, "column": null } },
      "17": { "start": { "line": 35, "column": 6 }, "end": { "line": 35, "column": null } },
      "18": { "start": { "line": 35, "column": 24 }, "end": { "line": 35, "column": null } },
      "19": { "start": { "line": 36, "column": 6 }, "end": { "line": 36, "column": null } },
      "20": { "start": { "line": 40, "column": 4 }, "end": { "line": 43, "column": null } },
      "21": { "start": { "line": 41, "column": 6 }, "end": { "line": 41, "column": null } },
      "22": { "start": { "line": 42, "column": 6 }, "end": { "line": 42, "column": null } },
      "23": { "start": { "line": 44, "column": 4 }, "end": { "line": 48, "column": null } },
      "24": { "start": { "line": 46, "column": 6 }, "end": { "line": 46, "column": null } },
      "25": { "start": { "line": 47, "column": 6 }, "end": { "line": 47, "column": null } },
      "26": { "start": { "line": 51, "column": 4 }, "end": { "line": 55, "column": null } },
      "27": { "start": { "line": 52, "column": 6 }, "end": { "line": 52, "column": null } },
      "28": { "start": { "line": 53, "column": 6 }, "end": { "line": 53, "column": null } },
      "29": { "start": { "line": 54, "column": 6 }, "end": { "line": 54, "column": null } },
      "30": { "start": { "line": 56, "column": 4 }, "end": { "line": 60, "column": null } },
      "31": { "start": { "line": 57, "column": 6 }, "end": { "line": 58, "column": null } },
      "32": { "start": { "line": 57, "column": 27 }, "end": { "line": 57, "column": null } },
      "33": { "start": { "line": 58, "column": 11 }, "end": { "line": 58, "column": null } },
      "34": { "start": { "line": 59, "column": 6 }, "end": { "line": 59, "column": null } },
      "35": { "start": { "line": 63, "column": 23 }, "end": { "line": 63, "column": null } },
      "36": { "start": { "line": 64, "column": 4 }, "end": { "line": 80, "column": null } },
      "37": { "start": { "line": 65, "column": 17 }, "end": { "line": 65, "column": null } },
      "38": { "start": { "line": 66, "column": 42 }, "end": { "line": 74, "column": null } },
      "39": { "start": { "line": 75, "column": 6 }, "end": { "line": 75, "column": null } },
      "40": { "start": { "line": 76, "column": 6 }, "end": { "line": 76, "column": null } },
      "41": { "start": { "line": 76, "column": 25 }, "end": { "line": 76, "column": null } },
      "42": { "start": { "line": 77, "column": 6 }, "end": { "line": 77, "column": null } },
      "43": { "start": { "line": 77, "column": 25 }, "end": { "line": 77, "column": null } },
      "44": { "start": { "line": 78, "column": 6 }, "end": { "line": 78, "column": null } },
      "45": { "start": { "line": 79, "column": 6 }, "end": { "line": 79, "column": null } },
      "46": { "start": { "line": 83, "column": 2 }, "end": { "line": 83, "column": null } },
      "47": { "start": { "line": 83, "column": 34 }, "end": { "line": 83, "column": null } },
      "48": { "start": { "line": 85, "column": 2 }, "end": { "line": 85, "column": null } }
    },
    "fnMap": {
      "0": {
        "name": "parseMetar",
        "decl": { "start": { "line": 3, "column": 16 }, "end": { "line": 3, "column": 27 } },
        "loc": { "start": { "line": 3, "column": 62 }, "end": { "line": 86, "column": null } },
        "line": 3
      },
      "1": {
        "name": "(anonymous_1)",
        "decl": { "start": { "line": 32, "column": 24 }, "end": { "line": 32, "column": 25 } },
        "loc": { "start": { "line": 33, "column": 8 }, "end": { "line": 33, "column": null } },
        "line": 33
      }
    },
    "branchMap": {
      "0": {
        "loc": { "start": { "line": 15, "column": 2 }, "end": { "line": 15, "column": null } },
        "type": "if",
        "locations": [
          { "start": { "line": 15, "column": 2 }, "end": { "line": 15, "column": null } },
          { "start": {}, "end": {} }
        ],
        "line": 15
      },
      "1": {
        "loc": { "start": { "line": 22, "column": 4 }, "end": { "line": 27, "column": null } },
        "type": "if",
        "locations": [
          { "start": { "line": 22, "column": 4 }, "end": { "line": 27, "column": null } },
          { "start": {}, "end": {} }
        ],
        "line": 22
      },
      "2": {
        "loc": { "start": { "line": 23, "column": 23 }, "end": { "line": 23, "column": null } },
        "type": "binary-expr",
        "locations": [
          { "start": { "line": 23, "column": 23 }, "end": { "line": 23, "column": 39 } },
          { "start": { "line": 23, "column": 39 }, "end": { "line": 23, "column": null } }
        ],
        "line": 23
      },
      "3": {
        "loc": { "start": { "line": 24, "column": 25 }, "end": { "line": 24, "column": null } },
        "type": "binary-expr",
        "locations": [
          { "start": { "line": 24, "column": 25 }, "end": { "line": 24, "column": 41 } },
          { "start": { "line": 24, "column": 41 }, "end": { "line": 24, "column": null } }
        ],
        "line": 24
      },
      "4": {
        "loc": { "start": { "line": 25, "column": 24 }, "end": { "line": 25, "column": null } },
        "type": "binary-expr",
        "locations": [
          { "start": { "line": 25, "column": 24 }, "end": { "line": 25, "column": 40 } },
          { "start": { "line": 25, "column": 40 }, "end": { "line": 25, "column": null } }
        ],
        "line": 25
      },
      "5": {
        "loc": { "start": { "line": 31, "column": 4 }, "end": { "line": 37, "column": null } },
        "type": "if",
        "locations": [
          { "start": { "line": 31, "column": 4 }, "end": { "line": 37, "column": null } },
          { "start": {}, "end": {} }
        ],
        "line": 31
      },
      "6": {
        "loc": { "start": { "line": 33, "column": 8 }, "end": { "line": 33, "column": null } },
        "type": "cond-expr",
        "locations": [
          { "start": { "line": 33, "column": 28 }, "end": { "line": 33, "column": 56 } },
          { "start": { "line": 33, "column": 56 }, "end": { "line": 33, "column": null } }
        ],
        "line": 33
      },
      "7": {
        "loc": { "start": { "line": 34, "column": 6 }, "end": { "line": 34, "column": null } },
        "type": "if",
        "locations": [
          { "start": { "line": 34, "column": 6 }, "end": { "line": 34, "column": null } },
          { "start": {}, "end": {} }
        ],
        "line": 34
      },
      "8": {
        "loc": { "start": { "line": 35, "column": 6 }, "end": { "line": 35, "column": null } },
        "type": "if",
        "locations": [
          { "start": { "line": 35, "column": 6 }, "end": { "line": 35, "column": null } },
          { "start": {}, "end": {} }
        ],
        "line": 35
      },
      "9": {
        "loc": { "start": { "line": 40, "column": 4 }, "end": { "line": 43, "column": null } },
        "type": "if",
        "locations": [
          { "start": { "line": 40, "column": 4 }, "end": { "line": 43, "column": null } },
          { "start": {}, "end": {} }
        ],
        "line": 40
      },
      "10": {
        "loc": { "start": { "line": 40, "column": 8 }, "end": { "line": 40, "column": 51 } },
        "type": "binary-expr",
        "locations": [
          { "start": { "line": 40, "column": 8 }, "end": { "line": 40, "column": 32 } },
          { "start": { "line": 40, "column": 32 }, "end": { "line": 40, "column": 51 } }
        ],
        "line": 40
      },
      "11": {
        "loc": { "start": { "line": 44, "column": 4 }, "end": { "line": 48, "column": null } },
        "type": "if",
        "locations": [
          { "start": { "line": 44, "column": 4 }, "end": { "line": 48, "column": null } },
          { "start": {}, "end": {} }
        ],
        "line": 44
      },
      "12": {
        "loc": { "start": { "line": 44, "column": 8 }, "end": { "line": 44, "column": 51 } },
        "type": "binary-expr",
        "locations": [
          { "start": { "line": 44, "column": 8 }, "end": { "line": 44, "column": 32 } },
          { "start": { "line": 44, "column": 32 }, "end": { "line": 44, "column": 51 } }
        ],
        "line": 44
      },
      "13": {
        "loc": { "start": { "line": 51, "column": 4 }, "end": { "line": 55, "column": null } },
        "type": "if",
        "locations": [
          { "start": { "line": 51, "column": 4 }, "end": { "line": 55, "column": null } },
          { "start": {}, "end": {} }
        ],
        "line": 51
      },
      "14": {
        "loc": { "start": { "line": 56, "column": 4 }, "end": { "line": 60, "column": null } },
        "type": "if",
        "locations": [
          { "start": { "line": 56, "column": 4 }, "end": { "line": 60, "column": null } },
          { "start": {}, "end": {} }
        ],
        "line": 56
      },
      "15": {
        "loc": { "start": { "line": 57, "column": 6 }, "end": { "line": 58, "column": null } },
        "type": "if",
        "locations": [
          { "start": { "line": 57, "column": 6 }, "end": { "line": 58, "column": null } },
          { "start": { "line": 58, "column": 11 }, "end": { "line": 58, "column": null } }
        ],
        "line": 57
      },
      "16": {
        "loc": { "start": { "line": 64, "column": 4 }, "end": { "line": 80, "column": null } },
        "type": "if",
        "locations": [
          { "start": { "line": 64, "column": 4 }, "end": { "line": 80, "column": null } },
          { "start": {}, "end": {} }
        ],
        "line": 64
      },
      "17": {
        "loc": { "start": { "line": 65, "column": 17 }, "end": { "line": 65, "column": null } },
        "type": "binary-expr",
        "locations": [
          { "start": { "line": 65, "column": 17 }, "end": { "line": 65, "column": 34 } },
          { "start": { "line": 65, "column": 34 }, "end": { "line": 65, "column": null } }
        ],
        "line": 65
      },
      "18": {
        "loc": { "start": { "line": 75, "column": 13 }, "end": { "line": 75, "column": null } },
        "type": "binary-expr",
        "locations": [
          { "start": { "line": 75, "column": 13 }, "end": { "line": 75, "column": 26 } },
          { "start": { "line": 75, "column": 26 }, "end": { "line": 75, "column": null } }
        ],
        "line": 75
      },
      "19": {
        "loc": { "start": { "line": 76, "column": 6 }, "end": { "line": 76, "column": null } },
        "type": "if",
        "locations": [
          { "start": { "line": 76, "column": 6 }, "end": { "line": 76, "column": null } },
          { "start": {}, "end": {} }
        ],
        "line": 76
      },
      "20": {
        "loc": { "start": { "line": 77, "column": 6 }, "end": { "line": 77, "column": null } },
        "type": "if",
        "locations": [
          { "start": { "line": 77, "column": 6 }, "end": { "line": 77, "column": null } },
          { "start": {}, "end": {} }
        ],
        "line": 77
      },
      "21": {
        "loc": { "start": { "line": 83, "column": 2 }, "end": { "line": 83, "column": null } },
        "type": "if",
        "locations": [
          { "start": { "line": 83, "column": 2 }, "end": { "line": 83, "column": null } },
          { "start": {}, "end": {} }
        ],
        "line": 83
      }
    },
    "s": {
      "0": 14,
      "1": 14,
      "2": 2,
      "3": 12,
      "4": 12,
      "5": 19,
      "6": 19,
      "7": 3,
      "8": 3,
      "9": 3,
      "10": 3,
      "11": 16,
      "12": 16,
      "13": 3,
      "14": 5,
      "15": 3,
      "16": 3,
      "17": 3,
      "18": 2,
      "19": 3,
      "20": 13,
      "21": 1,
      "22": 1,
      "23": 12,
      "24": 1,
      "25": 1,
      "26": 11,
      "27": 1,
      "28": 1,
      "29": 1,
      "30": 10,
      "31": 2,
      "32": 1,
      "33": 1,
      "34": 2,
      "35": 8,
      "36": 8,
      "37": 6,
      "38": 6,
      "39": 6,
      "40": 6,
      "41": 5,
      "42": 6,
      "43": 1,
      "44": 6,
      "45": 6,
      "46": 12,
      "47": 12,
      "48": 12
    },
    "f": { "0": 14, "1": 5 },
    "b": {
      "0": [2, 12],
      "1": [3, 16],
      "2": [3, 0],
      "3": [3, 0],
      "4": [3, 0],
      "5": [3, 13],
      "6": [2, 3],
      "7": [3, 0],
      "8": [2, 1],
      "9": [1, 12],
      "10": [13, 1],
      "11": [1, 11],
      "12": [12, 1],
      "13": [1, 10],
      "14": [2, 8],
      "15": [1, 1],
      "16": [6, 2],
      "17": [6, 0],
      "18": [6, 0],
      "19": [5, 1],
      "20": [1, 5],
      "21": [10, 2]
    },
    "meta": {
      "lastBranch": 22,
      "lastFunction": 2,
      "lastStatement": 49,
      "seen": {
        "f:3:16:3:27": 0,
        "s:4:30:13:Infinity": 0,
        "b:15:2:15:Infinity:undefined:undefined:undefined:undefined": 0,
        "s:15:2:15:Infinity": 1,
        "s:15:14:15:Infinity": 2,
        "s:17:16:17:Infinity": 3,
        "s:19:2:81:Infinity": 4,
        "s:21:22:21:Infinity": 5,
        "b:22:4:27:Infinity:undefined:undefined:undefined:undefined": 1,
        "s:22:4:27:Infinity": 6,
        "s:23:6:23:Infinity": 7,
        "b:23:23:23:39:23:39:23:Infinity": 2,
        "s:24:6:24:Infinity": 8,
        "b:24:25:24:41:24:41:24:Infinity": 3,
        "s:25:6:25:Infinity": 9,
        "b:25:24:25:40:25:40:25:Infinity": 4,
        "s:26:6:26:Infinity": 10,
        "s:30:22:30:Infinity": 11,
        "b:31:4:37:Infinity:undefined:undefined:undefined:undefined": 5,
        "s:31:4:37:Infinity": 12,
        "s:32:24:33:Infinity": 13,
        "f:32:24:32:25": 1,
        "s:33:8:33:Infinity": 14,
        "b:33:28:33:56:33:56:33:Infinity": 6,
        "b:34:6:34:Infinity:undefined:undefined:undefined:undefined": 7,
        "s:34:6:34:Infinity": 15,
        "s:34:24:34:Infinity": 16,
        "b:35:6:35:Infinity:undefined:undefined:undefined:undefined": 8,
        "s:35:6:35:Infinity": 17,
        "s:35:24:35:Infinity": 18,
        "s:36:6:36:Infinity": 19,
        "b:40:4:43:Infinity:undefined:undefined:undefined:undefined": 9,
        "s:40:4:43:Infinity": 20,
        "b:40:8:40:32:40:32:40:51": 10,
        "s:41:6:41:Infinity": 21,
        "s:42:6:42:Infinity": 22,
        "b:44:4:48:Infinity:undefined:undefined:undefined:undefined": 11,
        "s:44:4:48:Infinity": 23,
        "b:44:8:44:32:44:32:44:51": 12,
        "s:46:6:46:Infinity": 24,
        "s:47:6:47:Infinity": 25,
        "b:51:4:55:Infinity:undefined:undefined:undefined:undefined": 13,
        "s:51:4:55:Infinity": 26,
        "s:52:6:52:Infinity": 27,
        "s:53:6:53:Infinity": 28,
        "s:54:6:54:Infinity": 29,
        "b:56:4:60:Infinity:undefined:undefined:undefined:undefined": 14,
        "s:56:4:60:Infinity": 30,
        "b:57:6:58:Infinity:58:11:58:Infinity": 15,
        "s:57:6:58:Infinity": 31,
        "s:57:27:57:Infinity": 32,
        "s:58:11:58:Infinity": 33,
        "s:59:6:59:Infinity": 34,
        "s:63:23:63:Infinity": 35,
        "b:64:4:80:Infinity:undefined:undefined:undefined:undefined": 16,
        "s:64:4:80:Infinity": 36,
        "s:65:17:65:Infinity": 37,
        "b:65:17:65:34:65:34:65:Infinity": 17,
        "s:66:42:74:Infinity": 38,
        "s:75:6:75:Infinity": 39,
        "b:75:13:75:26:75:26:75:Infinity": 18,
        "b:76:6:76:Infinity:undefined:undefined:undefined:undefined": 19,
        "s:76:6:76:Infinity": 40,
        "s:76:25:76:Infinity": 41,
        "b:77:6:77:Infinity:undefined:undefined:undefined:undefined": 20,
        "s:77:6:77:Infinity": 42,
        "s:77:25:77:Infinity": 43,
        "s:78:6:78:Infinity": 44,
        "s:79:6:79:Infinity": 45,
        "b:83:2:83:Infinity:undefined:undefined:undefined:undefined": 21,
        "s:83:2:83:Infinity": 46,
        "s:83:34:83:Infinity": 47,
        "s:85:2:85:Infinity": 48
      }
    }
  },
  "/Users/naveendevapalan/Desktop/Naveen/PROJECTS/eAIP-windlayer/frontend/src/utils/sanitize.ts": {
    "path": "/Users/naveendevapalan/Desktop/Naveen/PROJECTS/eAIP-windlayer/frontend/src/utils/sanitize.ts",
    "statementMap": {
      "0": { "start": { "line": 5, "column": 2 }, "end": { "line": 8, "column": null } }
    },
    "fnMap": {
      "0": {
        "name": "sanitizeHtml",
        "decl": { "start": { "line": 4, "column": 16 }, "end": { "line": 4, "column": 29 } },
        "loc": { "start": { "line": 4, "column": 50 }, "end": { "line": 9, "column": null } },
        "line": 4
      }
    },
    "branchMap": {},
    "s": { "0": 11 },
    "f": { "0": 11 },
    "b": {},
    "meta": {
      "lastBranch": 0,
      "lastFunction": 1,
      "lastStatement": 1,
      "seen": { "f:4:16:4:29": 0, "s:5:2:8:Infinity": 0 }
    }
  }
}
