============================= test session starts ==============================
platform darwin -- Python 3.14.3, pytest-9.0.3, pluggy-1.6.0
rootdir: /Users/naveendevapalan/Desktop/Naveen/PROJECTS/eAIP/backend
configfile: pyproject.toml
plugins: anyio-4.12.1, asyncio-1.3.0
asyncio: mode=Mode.AUTO, debug=False, asyncio_default_fixture_loop_scope=session, asyncio_default_test_loop_scope=function
collected 1 item

tests/test_search.py F                                                   [100%]

=================================== FAILURES ===================================
________________________ test_global_search_valid_query ________________________
Traceback (most recent call last):
  File "/Users/naveendevapalan/Desktop/Naveen/PROJECTS/eAIP/backend/.venv/lib/python3.14/site-packages/_pytest/runner.py", line 353, in from_call
    result: TResult | None = func()
                             ~~~~^^
  File "/Users/naveendevapalan/Desktop/Naveen/PROJECTS/eAIP/backend/.venv/lib/python3.14/site-packages/_pytest/runner.py", line 245, in <lambda>
    lambda: runtest_hook(item=item, **kwds),
            ~~~~~~~~~~~~^^^^^^^^^^^^^^^^^^^
  File "/Users/naveendevapalan/Desktop/Naveen/PROJECTS/eAIP/backend/.venv/lib/python3.14/site-packages/pluggy/_hooks.py", line 512, in __call__
    return self._hookexec(self.name, self._hookimpls.copy(), kwargs, firstresult)
           ~~~~~~~~~~~~~~^^^^^^^^^^^^^^^^^^^^^^^^^^^^^^^^^^^^^^^^^^^^^^^^^^^^^^^^
  File "/Users/naveendevapalan/Desktop/Naveen/PROJECTS/eAIP/backend/.venv/lib/python3.14/site-packages/pluggy/_manager.py", line 120, in _hookexec
    return self._inner_hookexec(hook_name, methods, kwargs, firstresult)
           ~~~~~~~~~~~~~~~~~~~~^^^^^^^^^^^^^^^^^^^^^^^^^^^^^^^^^^^^^^^^^
  File "/Users/naveendevapalan/Desktop/Naveen/PROJECTS/eAIP/backend/.venv/lib/python3.14/site-packages/pluggy/_callers.py", line 167, in _multicall
    raise exception
  File "/Users/naveendevapalan/Desktop/Naveen/PROJECTS/eAIP/backend/.venv/lib/python3.14/site-packages/pluggy/_callers.py", line 139, in _multicall
    teardown.throw(exception)
    ~~~~~~~~~~~~~~^^^^^^^^^^^
  File "/Users/naveendevapalan/Desktop/Naveen/PROJECTS/eAIP/backend/.venv/lib/python3.14/site-packages/_pytest/logging.py", line 850, in pytest_runtest_call
    yield
  File "/Users/naveendevapalan/Desktop/Naveen/PROJECTS/eAIP/backend/.venv/lib/python3.14/site-packages/pluggy/_callers.py", line 139, in _multicall
    teardown.throw(exception)
    ~~~~~~~~~~~~~~^^^^^^^^^^^
  File "/Users/naveendevapalan/Desktop/Naveen/PROJECTS/eAIP/backend/.venv/lib/python3.14/site-packages/_pytest/capture.py", line 900, in pytest_runtest_call
    return (yield)
            ^^^^^
  File "/Users/naveendevapalan/Desktop/Naveen/PROJECTS/eAIP/backend/.venv/lib/python3.14/site-packages/pluggy/_callers.py", line 139, in _multicall
    teardown.throw(exception)
    ~~~~~~~~~~~~~~^^^^^^^^^^^
  File "/Users/naveendevapalan/Desktop/Naveen/PROJECTS/eAIP/backend/.venv/lib/python3.14/site-packages/_pytest/skipping.py", line 268, in pytest_runtest_call
    return (yield)
            ^^^^^
  File "/Users/naveendevapalan/Desktop/Naveen/PROJECTS/eAIP/backend/.venv/lib/python3.14/site-packages/pluggy/_callers.py", line 121, in _multicall
    res = hook_impl.function(*args)
  File "/Users/naveendevapalan/Desktop/Naveen/PROJECTS/eAIP/backend/.venv/lib/python3.14/site-packages/_pytest/runner.py", line 179, in pytest_runtest_call
    item.runtest()
    ~~~~~~~~~~~~^^
  File "/Users/naveendevapalan/Desktop/Naveen/PROJECTS/eAIP/backend/.venv/lib/python3.14/site-packages/pytest_asyncio/plugin.py", line 469, in runtest
    super().runtest()
    ~~~~~~~~~~~~~~~^^
  File "/Users/naveendevapalan/Desktop/Naveen/PROJECTS/eAIP/backend/.venv/lib/python3.14/site-packages/_pytest/python.py", line 1720, in runtest
    self.ihook.pytest_pyfunc_call(pyfuncitem=self)
    ~~~~~~~~~~~~~~~~~~~~~~~~~~~~~^^^^^^^^^^^^^^^^^
  File "/Users/naveendevapalan/Desktop/Naveen/PROJECTS/eAIP/backend/.venv/lib/python3.14/site-packages/pluggy/_hooks.py", line 512, in __call__
    return self._hookexec(self.name, self._hookimpls.copy(), kwargs, firstresult)
           ~~~~~~~~~~~~~~^^^^^^^^^^^^^^^^^^^^^^^^^^^^^^^^^^^^^^^^^^^^^^^^^^^^^^^^
  File "/Users/naveendevapalan/Desktop/Naveen/PROJECTS/eAIP/backend/.venv/lib/python3.14/site-packages/pluggy/_manager.py", line 120, in _hookexec
    return self._inner_hookexec(hook_name, methods, kwargs, firstresult)
           ~~~~~~~~~~~~~~~~~~~~^^^^^^^^^^^^^^^^^^^^^^^^^^^^^^^^^^^^^^^^^
  File "/Users/naveendevapalan/Desktop/Naveen/PROJECTS/eAIP/backend/.venv/lib/python3.14/site-packages/pluggy/_callers.py", line 167, in _multicall
    raise exception
  File "/Users/naveendevapalan/Desktop/Naveen/PROJECTS/eAIP/backend/.venv/lib/python3.14/site-packages/pluggy/_callers.py", line 139, in _multicall
    teardown.throw(exception)
    ~~~~~~~~~~~~~~^^^^^^^^^^^
  File "/Users/naveendevapalan/Desktop/Naveen/PROJECTS/eAIP/backend/.venv/lib/python3.14/site-packages/pluggy/_callers.py", line 53, in run_old_style_hookwrapper
    return result.get_result()
           ~~~~~~~~~~~~~~~~~^^
  File "/Users/naveendevapalan/Desktop/Naveen/PROJECTS/eAIP/backend/.venv/lib/python3.14/site-packages/pluggy/_result.py", line 103, in get_result
    raise exc.with_traceback(tb)
  File "/Users/naveendevapalan/Desktop/Naveen/PROJECTS/eAIP/backend/.venv/lib/python3.14/site-packages/pluggy/_callers.py", line 38, in run_old_style_hookwrapper
    res = yield
          ^^^^^
  File "/Users/naveendevapalan/Desktop/Naveen/PROJECTS/eAIP/backend/.venv/lib/python3.14/site-packages/pluggy/_callers.py", line 121, in _multicall
    res = hook_impl.function(*args)
  File "/Users/naveendevapalan/Desktop/Naveen/PROJECTS/eAIP/backend/.venv/lib/python3.14/site-packages/_pytest/python.py", line 166, in pytest_pyfunc_call
    result = testfunction(**testargs)
  File "/Users/naveendevapalan/Desktop/Naveen/PROJECTS/eAIP/backend/.venv/lib/python3.14/site-packages/pytest_asyncio/plugin.py", line 716, in inner
    runner.run(coro, context=context)
    ~~~~~~~~~~^^^^^^^^^^^^^^^^^^^^^^^
  File "/Users/naveendevapalan/.local/share/uv/python/cpython-3.14.3-macos-aarch64-none/lib/python3.14/asyncio/runners.py", line 127, in run
    return self._loop.run_until_complete(task)
           ~~~~~~~~~~~~~~~~~~~~~~~~~~~~~^^^^^^
  File "/Users/naveendevapalan/.local/share/uv/python/cpython-3.14.3-macos-aarch64-none/lib/python3.14/asyncio/base_events.py", line 719, in run_until_complete
    return future.result()
           ~~~~~~~~~~~~~^^
  File "/Users/naveendevapalan/Desktop/Naveen/PROJECTS/eAIP/backend/tests/test_search.py", line 13, in test_global_search_valid_query
    response = await api_client.get("/api/search?q=VOMF")
               ^^^^^^^^^^^^^^^^^^^^^^^^^^^^^^^^^^^^^^^^^^
  File "/Users/naveendevapalan/Desktop/Naveen/PROJECTS/eAIP/backend/.venv/lib/python3.14/site-packages/httpx/_client.py", line 1768, in get
    return await self.request(
           ^^^^^^^^^^^^^^^^^^^
    ...<9 lines>...
    )
    ^
  File "/Users/naveendevapalan/Desktop/Naveen/PROJECTS/eAIP/backend/.venv/lib/python3.14/site-packages/httpx/_client.py", line 1540, in request
    return await self.send(request, auth=auth, follow_redirects=follow_redirects)
           ^^^^^^^^^^^^^^^^^^^^^^^^^^^^^^^^^^^^^^^^^^^^^^^^^^^^^^^^^^^^^^^^^^^^^^
  File "/Users/naveendevapalan/Desktop/Naveen/PROJECTS/eAIP/backend/.venv/lib/python3.14/site-packages/httpx/_client.py", line 1629, in send
    response = await self._send_handling_auth(
               ^^^^^^^^^^^^^^^^^^^^^^^^^^^^^^^
    ...<4 lines>...
    )
    ^
  File "/Users/naveendevapalan/Desktop/Naveen/PROJECTS/eAIP/backend/.venv/lib/python3.14/site-packages/httpx/_client.py", line 1657, in _send_handling_auth
    response = await self._send_handling_redirects(
               ^^^^^^^^^^^^^^^^^^^^^^^^^^^^^^^^^^^^
    ...<3 lines>...
    )
    ^
  File "/Users/naveendevapalan/Desktop/Naveen/PROJECTS/eAIP/backend/.venv/lib/python3.14/site-packages/httpx/_client.py", line 1694, in _send_handling_redirects
    response = await self._send_single_request(request)
               ^^^^^^^^^^^^^^^^^^^^^^^^^^^^^^^^^^^^^^^^
  File "/Users/naveendevapalan/Desktop/Naveen/PROJECTS/eAIP/backend/.venv/lib/python3.14/site-packages/httpx/_client.py", line 1730, in _send_single_request
    response = await transport.handle_async_request(request)
               ^^^^^^^^^^^^^^^^^^^^^^^^^^^^^^^^^^^^^^^^^^^^^
  File "/Users/naveendevapalan/Desktop/Naveen/PROJECTS/eAIP/backend/.venv/lib/python3.14/site-packages/httpx/_transports/asgi.py", line 170, in handle_async_request
    await self.app(scope, receive, send)
  File "/Users/naveendevapalan/Desktop/Naveen/PROJECTS/eAIP/backend/.venv/lib/python3.14/site-packages/fastapi/applications.py", line 1160, in __call__
    await super().__call__(scope, receive, send)
  File "/Users/naveendevapalan/Desktop/Naveen/PROJECTS/eAIP/backend/.venv/lib/python3.14/site-packages/starlette/applications.py", line 107, in __call__
    await self.middleware_stack(scope, receive, send)
  File "/Users/naveendevapalan/Desktop/Naveen/PROJECTS/eAIP/backend/.venv/lib/python3.14/site-packages/starlette/middleware/errors.py", line 186, in __call__
    raise exc
  File "/Users/naveendevapalan/Desktop/Naveen/PROJECTS/eAIP/backend/.venv/lib/python3.14/site-packages/starlette/middleware/errors.py", line 164, in __call__
    await self.app(scope, receive, _send)
  File "/Users/naveendevapalan/Desktop/Naveen/PROJECTS/eAIP/backend/.venv/lib/python3.14/site-packages/starlette/middleware/base.py", line 191, in __call__
    with recv_stream, send_stream, collapse_excgroups():
                                   ~~~~~~~~~~~~~~~~~~^^
  File "/Users/naveendevapalan/.local/share/uv/python/cpython-3.14.3-macos-aarch64-none/lib/python3.14/contextlib.py", line 162, in __exit__
    self.gen.throw(value)
    ~~~~~~~~~~~~~~^^^^^^^
  File "/Users/naveendevapalan/Desktop/Naveen/PROJECTS/eAIP/backend/.venv/lib/python3.14/site-packages/starlette/_utils.py", line 87, in collapse_excgroups
    raise exc
  File "/Users/naveendevapalan/Desktop/Naveen/PROJECTS/eAIP/backend/.venv/lib/python3.14/site-packages/starlette/middleware/base.py", line 193, in __call__
    response = await self.dispatch_func(request, call_next)
               ^^^^^^^^^^^^^^^^^^^^^^^^^^^^^^^^^^^^^^^^^^^^
  File "/Users/naveendevapalan/Desktop/Naveen/PROJECTS/eAIP/backend/app/main.py", line 43, in logging_middleware
    response = await call_next(request)
               ^^^^^^^^^^^^^^^^^^^^^^^^
  File "/Users/naveendevapalan/Desktop/Naveen/PROJECTS/eAIP/backend/.venv/lib/python3.14/site-packages/starlette/middleware/base.py", line 168, in call_next
    raise app_exc from app_exc.__cause__ or app_exc.__context__
  File "/Users/naveendevapalan/Desktop/Naveen/PROJECTS/eAIP/backend/.venv/lib/python3.14/site-packages/starlette/middleware/base.py", line 144, in coro
    await self.app(scope, receive_or_disconnect, send_no_error)
  File "/Users/naveendevapalan/Desktop/Naveen/PROJECTS/eAIP/backend/.venv/lib/python3.14/site-packages/starlette/middleware/cors.py", line 87, in __call__
    await self.app(scope, receive, send)
  File "/Users/naveendevapalan/Desktop/Naveen/PROJECTS/eAIP/backend/.venv/lib/python3.14/site-packages/starlette/middleware/exceptions.py", line 63, in __call__
    await wrap_app_handling_exceptions(self.app, conn)(scope, receive, send)
  File "/Users/naveendevapalan/Desktop/Naveen/PROJECTS/eAIP/backend/.venv/lib/python3.14/site-packages/starlette/_exception_handler.py", line 53, in wrapped_app
    raise exc
  File "/Users/naveendevapalan/Desktop/Naveen/PROJECTS/eAIP/backend/.venv/lib/python3.14/site-packages/starlette/_exception_handler.py", line 42, in wrapped_app
    await app(scope, receive, sender)
  File "/Users/naveendevapalan/Desktop/Naveen/PROJECTS/eAIP/backend/.venv/lib/python3.14/site-packages/fastapi/middleware/asyncexitstack.py", line 18, in __call__
    await self.app(scope, receive, send)
  File "/Users/naveendevapalan/Desktop/Naveen/PROJECTS/eAIP/backend/.venv/lib/python3.14/site-packages/starlette/routing.py", line 716, in __call__
    await self.middleware_stack(scope, receive, send)
  File "/Users/naveendevapalan/Desktop/Naveen/PROJECTS/eAIP/backend/.venv/lib/python3.14/site-packages/starlette/routing.py", line 736, in app
    await route.handle(scope, receive, send)
  File "/Users/naveendevapalan/Desktop/Naveen/PROJECTS/eAIP/backend/.venv/lib/python3.14/site-packages/starlette/routing.py", line 290, in handle
    await self.app(scope, receive, send)
  File "/Users/naveendevapalan/Desktop/Naveen/PROJECTS/eAIP/backend/.venv/lib/python3.14/site-packages/fastapi/routing.py", line 130, in app
    await wrap_app_handling_exceptions(app, request)(scope, receive, send)
  File "/Users/naveendevapalan/Desktop/Naveen/PROJECTS/eAIP/backend/.venv/lib/python3.14/site-packages/starlette/_exception_handler.py", line 53, in wrapped_app
    raise exc
  File "/Users/naveendevapalan/Desktop/Naveen/PROJECTS/eAIP/backend/.venv/lib/python3.14/site-packages/starlette/_exception_handler.py", line 42, in wrapped_app
    await app(scope, receive, sender)
  File "/Users/naveendevapalan/Desktop/Naveen/PROJECTS/eAIP/backend/.venv/lib/python3.14/site-packages/fastapi/routing.py", line 116, in app
    response = await f(request)
               ^^^^^^^^^^^^^^^^
  File "/Users/naveendevapalan/Desktop/Naveen/PROJECTS/eAIP/backend/.venv/lib/python3.14/site-packages/fastapi/routing.py", line 670, in app
    raw_response = await run_endpoint_function(
                   ^^^^^^^^^^^^^^^^^^^^^^^^^^^^
    ...<3 lines>...
    )
    ^
  File "/Users/naveendevapalan/Desktop/Naveen/PROJECTS/eAIP/backend/.venv/lib/python3.14/site-packages/fastapi/routing.py", line 324, in run_endpoint_function
    return await dependant.call(**values)
           ^^^^^^^^^^^^^^^^^^^^^^^^^^^^^^
  File "/Users/naveendevapalan/Desktop/Naveen/PROJECTS/eAIP/backend/app/routers/search.py", line 139, in global_search
    result = await db.execute(query, {"term": term})
             ^^^^^^^^^^^^^^^^^^^^^^^^^^^^^^^^^^^^^^^
  File "/Users/naveendevapalan/Desktop/Naveen/PROJECTS/eAIP/backend/.venv/lib/python3.14/site-packages/sqlalchemy/ext/asyncio/session.py", line 449, in execute
    result = await greenlet_spawn(
             ^^^^^^^^^^^^^^^^^^^^^
    ...<6 lines>...
    )
    ^
  File "/Users/naveendevapalan/Desktop/Naveen/PROJECTS/eAIP/backend/.venv/lib/python3.14/site-packages/sqlalchemy/util/_concurrency_py3k.py", line 201, in greenlet_spawn
    result = context.throw(*sys.exc_info())
  File "/Users/naveendevapalan/Desktop/Naveen/PROJECTS/eAIP/backend/.venv/lib/python3.14/site-packages/sqlalchemy/orm/session.py", line 2351, in execute
    return self._execute_internal(
           ~~~~~~~~~~~~~~~~~~~~~~^
        statement,
        ^^^^^^^^^^
    ...<4 lines>...
        _add_event=_add_event,
        ^^^^^^^^^^^^^^^^^^^^^^
    )
    ^
  File "/Users/naveendevapalan/Desktop/Naveen/PROJECTS/eAIP/backend/.venv/lib/python3.14/site-packages/sqlalchemy/orm/session.py", line 2258, in _execute_internal
    result = conn.execute(
        statement, params or {}, execution_options=execution_options
    )
  File "/Users/naveendevapalan/Desktop/Naveen/PROJECTS/eAIP/backend/.venv/lib/python3.14/site-packages/sqlalchemy/engine/base.py", line 1419, in execute
    return meth(
        self,
        distilled_parameters,
        execution_options or NO_OPTIONS,
    )
  File "/Users/naveendevapalan/Desktop/Naveen/PROJECTS/eAIP/backend/.venv/lib/python3.14/site-packages/sqlalchemy/sql/elements.py", line 527, in _execute_on_connection
    return connection._execute_clauseelement(
           ~~~~~~~~~~~~~~~~~~~~~~~~~~~~~~~~~^
        self, distilled_params, execution_options
        ^^^^^^^^^^^^^^^^^^^^^^^^^^^^^^^^^^^^^^^^^
    )
    ^
  File "/Users/naveendevapalan/Desktop/Naveen/PROJECTS/eAIP/backend/.venv/lib/python3.14/site-packages/sqlalchemy/engine/base.py", line 1641, in _execute_clauseelement
    ret = self._execute_context(
        dialect,
    ...<8 lines>...
        cache_hit=cache_hit,
    )
  File "/Users/naveendevapalan/Desktop/Naveen/PROJECTS/eAIP/backend/.venv/lib/python3.14/site-packages/sqlalchemy/engine/base.py", line 1846, in _execute_context
    return self._exec_single_context(
           ~~~~~~~~~~~~~~~~~~~~~~~~~^
        dialect, context, statement, parameters
        ^^^^^^^^^^^^^^^^^^^^^^^^^^^^^^^^^^^^^^^
    )
    ^
  File "/Users/naveendevapalan/Desktop/Naveen/PROJECTS/eAIP/backend/.venv/lib/python3.14/site-packages/sqlalchemy/engine/base.py", line 1986, in _exec_single_context
    self._handle_dbapi_exception(
    ~~~~~~~~~~~~~~~~~~~~~~~~~~~~^
        e, str_statement, effective_parameters, cursor, context
        ^^^^^^^^^^^^^^^^^^^^^^^^^^^^^^^^^^^^^^^^^^^^^^^^^^^^^^^
    )
    ^
  File "/Users/naveendevapalan/Desktop/Naveen/PROJECTS/eAIP/backend/.venv/lib/python3.14/site-packages/sqlalchemy/engine/base.py", line 2366, in _handle_dbapi_exception
    raise exc_info[1].with_traceback(exc_info[2])
  File "/Users/naveendevapalan/Desktop/Naveen/PROJECTS/eAIP/backend/.venv/lib/python3.14/site-packages/sqlalchemy/engine/base.py", line 1967, in _exec_single_context
    self.dialect.do_execute(
    ~~~~~~~~~~~~~~~~~~~~~~~^
        cursor, str_statement, effective_parameters, context
        ^^^^^^^^^^^^^^^^^^^^^^^^^^^^^^^^^^^^^^^^^^^^^^^^^^^^
    )
    ^
  File "/Users/naveendevapalan/Desktop/Naveen/PROJECTS/eAIP/backend/.venv/lib/python3.14/site-packages/sqlalchemy/engine/default.py", line 952, in do_execute
    cursor.execute(statement, parameters)
    ~~~~~~~~~~~~~~^^^^^^^^^^^^^^^^^^^^^^^
  File "/Users/naveendevapalan/Desktop/Naveen/PROJECTS/eAIP/backend/.venv/lib/python3.14/site-packages/sqlalchemy/dialects/postgresql/asyncpg.py", line 585, in execute
    self._adapt_connection.await_(
    ~~~~~~~~~~~~~~~~~~~~~~~~~~~~~^
        self._prepare_and_execute(operation, parameters)
        ^^^^^^^^^^^^^^^^^^^^^^^^^^^^^^^^^^^^^^^^^^^^^^^^
    )
    ^
  File "/Users/naveendevapalan/Desktop/Naveen/PROJECTS/eAIP/backend/.venv/lib/python3.14/site-packages/sqlalchemy/util/_concurrency_py3k.py", line 132, in await_only
    return current.parent.switch(awaitable)  # type: ignore[no-any-return,attr-defined] # noqa: E501
           ~~~~~~~~~~~~~~~~~~~~~^^^^^^^^^^^
  File "/Users/naveendevapalan/Desktop/Naveen/PROJECTS/eAIP/backend/.venv/lib/python3.14/site-packages/sqlalchemy/util/_concurrency_py3k.py", line 196, in greenlet_spawn
    value = await result
            ^^^^^^^^^^^^
  File "/Users/naveendevapalan/Desktop/Naveen/PROJECTS/eAIP/backend/.venv/lib/python3.14/site-packages/sqlalchemy/dialects/postgresql/asyncpg.py", line 520, in _prepare_and_execute
    await adapt_connection._start_transaction()
  File "/Users/naveendevapalan/Desktop/Naveen/PROJECTS/eAIP/backend/.venv/lib/python3.14/site-packages/sqlalchemy/dialects/postgresql/asyncpg.py", line 850, in _start_transaction
    self._handle_exception(error)
    ~~~~~~~~~~~~~~~~~~~~~~^^^^^^^
  File "/Users/naveendevapalan/Desktop/Naveen/PROJECTS/eAIP/backend/.venv/lib/python3.14/site-packages/sqlalchemy/dialects/postgresql/asyncpg.py", line 799, in _handle_exception
    raise error
  File "/Users/naveendevapalan/Desktop/Naveen/PROJECTS/eAIP/backend/.venv/lib/python3.14/site-packages/sqlalchemy/dialects/postgresql/asyncpg.py", line 848, in _start_transaction
    await self._transaction.start()
  File "/Users/naveendevapalan/Desktop/Naveen/PROJECTS/eAIP/backend/.venv/lib/python3.14/site-packages/asyncpg/transaction.py", line 146, in start
    await self._connection.execute(query)
  File "/Users/naveendevapalan/Desktop/Naveen/PROJECTS/eAIP/backend/.venv/lib/python3.14/site-packages/asyncpg/connection.py", line 354, in execute
    result = await self._protocol.query(query, timeout)
             ^^^^^^^^^^^^^^^^^^^^^^^^^^^^^^^^^^^^^^^^^^
  File "asyncpg/protocol/protocol.pyx", line 369, in query
RuntimeError: Task <Task pending name='starlette.middleware.base.BaseHTTPMiddleware.__call__.<locals>.call_next.<locals>.coro' coro=<BaseHTTPMiddleware.__call__.<locals>.call_next.<locals>.coro() running at /Users/naveendevapalan/Desktop/Naveen/PROJECTS/eAIP/backend/.venv/lib/python3.14/site-packages/starlette/middleware/base.py:144> cb=[TaskGroup._spawn.<locals>.task_done() at /Users/naveendevapalan/Desktop/Naveen/PROJECTS/eAIP/backend/.venv/lib/python3.14/site-packages/anyio/_backends/_asyncio.py:805]> got Future <Future pending cb=[BaseProtocol._on_waiter_completed()]> attached to a different loop
----------------------------- Captured stdout call -----------------------------
[2m2026-04-08T10:56:23.779145Z[0m [[31m[1merror    [0m] [1mrequest_failed                [0m [[0m[1m[34mapp.main[0m][0m [36mduration_ms[0m=[35m1.2[0m [36mmethod[0m=[35mGET[0m [36mpath[0m=[35m/api/search[0m
Traceback (most recent call last):
  File "/Users/naveendevapalan/Desktop/Naveen/PROJECTS/eAIP/backend/app/main.py", line 43, in logging_middleware
    response = await call_next(request)
               ^^^^^^^^^^^^^^^^^^^^^^^^
  File "/Users/naveendevapalan/Desktop/Naveen/PROJECTS/eAIP/backend/.venv/lib/python3.14/site-packages/starlette/middleware/base.py", line 168, in call_next
    raise app_exc from app_exc.__cause__ or app_exc.__context__
  File "/Users/naveendevapalan/Desktop/Naveen/PROJECTS/eAIP/backend/.venv/lib/python3.14/site-packages/starlette/middleware/base.py", line 144, in coro
    await self.app(scope, receive_or_disconnect, send_no_error)
  File "/Users/naveendevapalan/Desktop/Naveen/PROJECTS/eAIP/backend/.venv/lib/python3.14/site-packages/starlette/middleware/cors.py", line 87, in __call__
    await self.app(scope, receive, send)
  File "/Users/naveendevapalan/Desktop/Naveen/PROJECTS/eAIP/backend/.venv/lib/python3.14/site-packages/starlette/middleware/exceptions.py", line 63, in __call__
    await wrap_app_handling_exceptions(self.app, conn)(scope, receive, send)
  File "/Users/naveendevapalan/Desktop/Naveen/PROJECTS/eAIP/backend/.venv/lib/python3.14/site-packages/starlette/_exception_handler.py", line 53, in wrapped_app
    raise exc
  File "/Users/naveendevapalan/Desktop/Naveen/PROJECTS/eAIP/backend/.venv/lib/python3.14/site-packages/starlette/_exception_handler.py", line 42, in wrapped_app
    await app(scope, receive, sender)
  File "/Users/naveendevapalan/Desktop/Naveen/PROJECTS/eAIP/backend/.venv/lib/python3.14/site-packages/fastapi/middleware/asyncexitstack.py", line 18, in __call__
    await self.app(scope, receive, send)
  File "/Users/naveendevapalan/Desktop/Naveen/PROJECTS/eAIP/backend/.venv/lib/python3.14/site-packages/starlette/routing.py", line 716, in __call__
    await self.middleware_stack(scope, receive, send)
  File "/Users/naveendevapalan/Desktop/Naveen/PROJECTS/eAIP/backend/.venv/lib/python3.14/site-packages/starlette/routing.py", line 736, in app
    await route.handle(scope, receive, send)
  File "/Users/naveendevapalan/Desktop/Naveen/PROJECTS/eAIP/backend/.venv/lib/python3.14/site-packages/starlette/routing.py", line 290, in handle
    await self.app(scope, receive, send)
  File "/Users/naveendevapalan/Desktop/Naveen/PROJECTS/eAIP/backend/.venv/lib/python3.14/site-packages/fastapi/routing.py", line 130, in app
    await wrap_app_handling_exceptions(app, request)(scope, receive, send)
  File "/Users/naveendevapalan/Desktop/Naveen/PROJECTS/eAIP/backend/.venv/lib/python3.14/site-packages/starlette/_exception_handler.py", line 53, in wrapped_app
    raise exc
  File "/Users/naveendevapalan/Desktop/Naveen/PROJECTS/eAIP/backend/.venv/lib/python3.14/site-packages/starlette/_exception_handler.py", line 42, in wrapped_app
    await app(scope, receive, sender)
  File "/Users/naveendevapalan/Desktop/Naveen/PROJECTS/eAIP/backend/.venv/lib/python3.14/site-packages/fastapi/routing.py", line 116, in app
    response = await f(request)
               ^^^^^^^^^^^^^^^^
  File "/Users/naveendevapalan/Desktop/Naveen/PROJECTS/eAIP/backend/.venv/lib/python3.14/site-packages/fastapi/routing.py", line 670, in app
    raw_response = await run_endpoint_function(
                   ^^^^^^^^^^^^^^^^^^^^^^^^^^^^
    ...<3 lines>...
    )
    ^
  File "/Users/naveendevapalan/Desktop/Naveen/PROJECTS/eAIP/backend/.venv/lib/python3.14/site-packages/fastapi/routing.py", line 324, in run_endpoint_function
    return await dependant.call(**values)
           ^^^^^^^^^^^^^^^^^^^^^^^^^^^^^^
  File "/Users/naveendevapalan/Desktop/Naveen/PROJECTS/eAIP/backend/app/routers/search.py", line 139, in global_search
    result = await db.execute(query, {"term": term})
             ^^^^^^^^^^^^^^^^^^^^^^^^^^^^^^^^^^^^^^^
  File "/Users/naveendevapalan/Desktop/Naveen/PROJECTS/eAIP/backend/.venv/lib/python3.14/site-packages/sqlalchemy/ext/asyncio/session.py", line 449, in execute
    result = await greenlet_spawn(
             ^^^^^^^^^^^^^^^^^^^^^
    ...<6 lines>...
    )
    ^
  File "/Users/naveendevapalan/Desktop/Naveen/PROJECTS/eAIP/backend/.venv/lib/python3.14/site-packages/sqlalchemy/util/_concurrency_py3k.py", line 201, in greenlet_spawn
    result = context.throw(*sys.exc_info())
  File "/Users/naveendevapalan/Desktop/Naveen/PROJECTS/eAIP/backend/.venv/lib/python3.14/site-packages/sqlalchemy/orm/session.py", line 2351, in execute
    return self._execute_internal(
           ~~~~~~~~~~~~~~~~~~~~~~^
        statement,
        ^^^^^^^^^^
    ...<4 lines>...
        _add_event=_add_event,
        ^^^^^^^^^^^^^^^^^^^^^^
    )
    ^
  File "/Users/naveendevapalan/Desktop/Naveen/PROJECTS/eAIP/backend/.venv/lib/python3.14/site-packages/sqlalchemy/orm/session.py", line 2258, in _execute_internal
    result = conn.execute(
        statement, params or {}, execution_options=execution_options
    )
  File "/Users/naveendevapalan/Desktop/Naveen/PROJECTS/eAIP/backend/.venv/lib/python3.14/site-packages/sqlalchemy/engine/base.py", line 1419, in execute
    return meth(
        self,
        distilled_parameters,
        execution_options or NO_OPTIONS,
    )
  File "/Users/naveendevapalan/Desktop/Naveen/PROJECTS/eAIP/backend/.venv/lib/python3.14/site-packages/sqlalchemy/sql/elements.py", line 527, in _execute_on_connection
    return connection._execute_clauseelement(
           ~~~~~~~~~~~~~~~~~~~~~~~~~~~~~~~~~^
        self, distilled_params, execution_options
        ^^^^^^^^^^^^^^^^^^^^^^^^^^^^^^^^^^^^^^^^^
    )
    ^
  File "/Users/naveendevapalan/Desktop/Naveen/PROJECTS/eAIP/backend/.venv/lib/python3.14/site-packages/sqlalchemy/engine/base.py", line 1641, in _execute_clauseelement
    ret = self._execute_context(
        dialect,
    ...<8 lines>...
        cache_hit=cache_hit,
    )
  File "/Users/naveendevapalan/Desktop/Naveen/PROJECTS/eAIP/backend/.venv/lib/python3.14/site-packages/sqlalchemy/engine/base.py", line 1846, in _execute_context
    return self._exec_single_context(
           ~~~~~~~~~~~~~~~~~~~~~~~~~^
        dialect, context, statement, parameters
        ^^^^^^^^^^^^^^^^^^^^^^^^^^^^^^^^^^^^^^^
    )
    ^
  File "/Users/naveendevapalan/Desktop/Naveen/PROJECTS/eAIP/backend/.venv/lib/python3.14/site-packages/sqlalchemy/engine/base.py", line 1986, in _exec_single_context
    self._handle_dbapi_exception(
    ~~~~~~~~~~~~~~~~~~~~~~~~~~~~^
        e, str_statement, effective_parameters, cursor, context
        ^^^^^^^^^^^^^^^^^^^^^^^^^^^^^^^^^^^^^^^^^^^^^^^^^^^^^^^
    )
    ^
  File "/Users/naveendevapalan/Desktop/Naveen/PROJECTS/eAIP/backend/.venv/lib/python3.14/site-packages/sqlalchemy/engine/base.py", line 2366, in _handle_dbapi_exception
    raise exc_info[1].with_traceback(exc_info[2])
  File "/Users/naveendevapalan/Desktop/Naveen/PROJECTS/eAIP/backend/.venv/lib/python3.14/site-packages/sqlalchemy/engine/base.py", line 1967, in _exec_single_context
    self.dialect.do_execute(
    ~~~~~~~~~~~~~~~~~~~~~~~^
        cursor, str_statement, effective_parameters, context
        ^^^^^^^^^^^^^^^^^^^^^^^^^^^^^^^^^^^^^^^^^^^^^^^^^^^^
    )
    ^
  File "/Users/naveendevapalan/Desktop/Naveen/PROJECTS/eAIP/backend/.venv/lib/python3.14/site-packages/sqlalchemy/engine/default.py", line 952, in do_execute
    cursor.execute(statement, parameters)
    ~~~~~~~~~~~~~~^^^^^^^^^^^^^^^^^^^^^^^
  File "/Users/naveendevapalan/Desktop/Naveen/PROJECTS/eAIP/backend/.venv/lib/python3.14/site-packages/sqlalchemy/dialects/postgresql/asyncpg.py", line 585, in execute
    self._adapt_connection.await_(
    ~~~~~~~~~~~~~~~~~~~~~~~~~~~~~^
        self._prepare_and_execute(operation, parameters)
        ^^^^^^^^^^^^^^^^^^^^^^^^^^^^^^^^^^^^^^^^^^^^^^^^
    )
    ^
  File "/Users/naveendevapalan/Desktop/Naveen/PROJECTS/eAIP/backend/.venv/lib/python3.14/site-packages/sqlalchemy/util/_concurrency_py3k.py", line 132, in await_only
    return current.parent.switch(awaitable)  # type: ignore[no-any-return,attr-defined] # noqa: E501
           ~~~~~~~~~~~~~~~~~~~~~^^^^^^^^^^^
  File "/Users/naveendevapalan/Desktop/Naveen/PROJECTS/eAIP/backend/.venv/lib/python3.14/site-packages/sqlalchemy/util/_concurrency_py3k.py", line 196, in greenlet_spawn
    value = await result
            ^^^^^^^^^^^^
  File "/Users/naveendevapalan/Desktop/Naveen/PROJECTS/eAIP/backend/.venv/lib/python3.14/site-packages/sqlalchemy/dialects/postgresql/asyncpg.py", line 520, in _prepare_and_execute
    await adapt_connection._start_transaction()
  File "/Users/naveendevapalan/Desktop/Naveen/PROJECTS/eAIP/backend/.venv/lib/python3.14/site-packages/sqlalchemy/dialects/postgresql/asyncpg.py", line 850, in _start_transaction
    self._handle_exception(error)
    ~~~~~~~~~~~~~~~~~~~~~~^^^^^^^
  File "/Users/naveendevapalan/Desktop/Naveen/PROJECTS/eAIP/backend/.venv/lib/python3.14/site-packages/sqlalchemy/dialects/postgresql/asyncpg.py", line 799, in _handle_exception
    raise error
  File "/Users/naveendevapalan/Desktop/Naveen/PROJECTS/eAIP/backend/.venv/lib/python3.14/site-packages/sqlalchemy/dialects/postgresql/asyncpg.py", line 848, in _start_transaction
    await self._transaction.start()
  File "/Users/naveendevapalan/Desktop/Naveen/PROJECTS/eAIP/backend/.venv/lib/python3.14/site-packages/asyncpg/transaction.py", line 146, in start
    await self._connection.execute(query)
  File "/Users/naveendevapalan/Desktop/Naveen/PROJECTS/eAIP/backend/.venv/lib/python3.14/site-packages/asyncpg/connection.py", line 354, in execute
    result = await self._protocol.query(query, timeout)
             ^^^^^^^^^^^^^^^^^^^^^^^^^^^^^^^^^^^^^^^^^^
  File "asyncpg/protocol/protocol.pyx", line 369, in query
RuntimeError: Task <Task pending name='starlette.middleware.base.BaseHTTPMiddleware.__call__.<locals>.call_next.<locals>.coro' coro=<BaseHTTPMiddleware.__call__.<locals>.call_next.<locals>.coro() running at /Users/naveendevapalan/Desktop/Naveen/PROJECTS/eAIP/backend/.venv/lib/python3.14/site-packages/starlette/middleware/base.py:144> cb=[TaskGroup._spawn.<locals>.task_done() at /Users/naveendevapalan/Desktop/Naveen/PROJECTS/eAIP/backend/.venv/lib/python3.14/site-packages/anyio/_backends/_asyncio.py:805]> got Future <Future pending cb=[BaseProtocol._on_waiter_completed()]> attached to a different loop
[2m2026-04-08T10:56:23.784664Z[0m [[31m[1merror    [0m] [1munhandled_exception           [0m [[0m[1m[34mapp.main[0m][0m [36merror_message[0m=[35m"Task <Task pending name='starlette.middleware.base.BaseHTTPMiddleware.__call__.<locals>.call_next.<locals>.coro' coro=<BaseHTTPMiddleware.__call__.<locals>.call_next.<locals>.coro() running at /Users/naveendevapalan/Desktop/Naveen/PROJECTS/eAIP/backend/.venv/lib/python3.14/site-packages/starlette/middleware/base.py:144> cb=[TaskGroup._spawn.<locals>.task_done() at /Users/naveendevapalan/Desktop/Naveen/PROJECTS/eAIP/backend/.venv/lib/python3.14/site-packages/anyio/_backends/_asyncio.py:805]> got Future <Future pending cb=[BaseProtocol._on_waiter_completed()]> attached to a different loop"[0m [36merror_type[0m=[35mRuntimeError[0m [36mmethod[0m=[35mGET[0m [36mpath[0m=[35m/api/search[0m [36mtraceback[0m=[35m'Traceback (most recent call last):\n  File "/Users/naveendevapalan/Desktop/Naveen/PROJECTS/eAIP/backend/.venv/lib/python3.14/site-packages/starlette/middleware/errors.py", line 164, in __call__\n    await self.app(scope, receive, _send)\n  File "/Users/naveendevapalan/Desktop/Naveen/PROJECTS/eAIP/backend/.venv/lib/python3.14/site-packages/starlette/middleware/base.py", line 191, in __call__\n    with recv_stream, send_stream, collapse_excgroups():\n                                   ~~~~~~~~~~~~~~~~~~^^\n  File "/Users/naveendevapalan/.local/share/uv/python/cpython-3.14.3-macos-aarch64-none/lib/python3.14/contextlib.py", line 162, in __exit__\n    self.gen.throw(value)\n    ~~~~~~~~~~~~~~^^^^^^^\n  File "/Users/naveendevapalan/Desktop/Naveen/PROJECTS/eAIP/backend/.venv/lib/python3.14/site-packages/starlette/_utils.py", line 87, in collapse_excgroups\n    raise exc\n  File "/Users/naveendevapalan/Desktop/Naveen/PROJECTS/eAIP/backend/.venv/lib/python3.14/site-packages/starlette/middleware/base.py", line 193, in __call__\n    response = await self.dispatch_func(request, call_next)\n               ^^^^^^^^^^^^^^^^^^^^^^^^^^^^^^^^^^^^^^^^^^^^\n  File "/Users/naveendevapalan/Desktop/Naveen/PROJECTS/eAIP/backend/app/main.py", line 43, in logging_middleware\n    response = await call_next(request)\n               ^^^^^^^^^^^^^^^^^^^^^^^^\n  File "/Users/naveendevapalan/Desktop/Naveen/PROJECTS/eAIP/backend/.venv/lib/python3.14/site-packages/starlette/middleware/base.py", line 168, in call_next\n    raise app_exc from app_exc.__cause__ or app_exc.__context__\n  File "/Users/naveendevapalan/Desktop/Naveen/PROJECTS/eAIP/backend/.venv/lib/python3.14/site-packages/starlette/middleware/base.py", line 144, in coro\n    await self.app(scope, receive_or_disconnect, send_no_error)\n  File "/Users/naveendevapalan/Desktop/Naveen/PROJECTS/eAIP/backend/.venv/lib/python3.14/site-packages/starlette/middleware/cors.py", line 87, in __call__\n    await self.app(scope, receive, send)\n  File "/Users/naveendevapalan/Desktop/Naveen/PROJECTS/eAIP/backend/.venv/lib/python3.14/site-packages/starlette/middleware/exceptions.py", line 63, in __call__\n    await wrap_app_handling_exceptions(self.app, conn)(scope, receive, send)\n  File "/Users/naveendevapalan/Desktop/Naveen/PROJECTS/eAIP/backend/.venv/lib/python3.14/site-packages/starlette/_exception_handler.py", line 53, in wrapped_app\n    raise exc\n  File "/Users/naveendevapalan/Desktop/Naveen/PROJECTS/eAIP/backend/.venv/lib/python3.14/site-packages/starlette/_exception_handler.py", line 42, in wrapped_app\n    await app(scope, receive, sender)\n  File "/Users/naveendevapalan/Desktop/Naveen/PROJECTS/eAIP/backend/.venv/lib/python3.14/site-packages/fastapi/middleware/asyncexitstack.py", line 18, in __call__\n    await self.app(scope, receive, send)\n  File "/Users/naveendevapalan/Desktop/Naveen/PROJECTS/eAIP/backend/.venv/lib/python3.14/site-packages/starlette/routing.py", line 716, in __call__\n    await self.middleware_stack(scope, receive, send)\n  File "/Users/naveendevapalan/Desktop/Naveen/PROJECTS/eAIP/backend/.venv/lib/python3.14/site-packages/starlette/routing.py", line 736, in app\n    await route.handle(scope, receive, send)\n  File "/Users/naveendevapalan/Desktop/Naveen/PROJECTS/eAIP/backend/.venv/lib/python3.14/site-packages/starlette/routing.py", line 290, in handle\n    await self.app(scope, receive, send)\n  File "/Users/naveendevapalan/Desktop/Naveen/PROJECTS/eAIP/backend/.venv/lib/python3.14/site-packages/fastapi/routing.py", line 130, in app\n    await wrap_app_handling_exceptions(app, request)(scope, receive, send)\n  File "/Users/naveendevapalan/Desktop/Naveen/PROJECTS/eAIP/backend/.venv/lib/python3.14/site-packages/starlette/_exception_handler.py", line 53, in wrapped_app\n    raise exc\n  File "/Users/naveendevapalan/Desktop/Naveen/PROJECTS/eAIP/backend/.venv/lib/python3.14/site-packages/starlette/_exception_handler.py", line 42, in wrapped_app\n    await app(scope, receive, sender)\n  File "/Users/naveendevapalan/Desktop/Naveen/PROJECTS/eAIP/backend/.venv/lib/python3.14/site-packages/fastapi/routing.py", line 116, in app\n    response = await f(request)\n               ^^^^^^^^^^^^^^^^\n  File "/Users/naveendevapalan/Desktop/Naveen/PROJECTS/eAIP/backend/.venv/lib/python3.14/site-packages/fastapi/routing.py", line 670, in app\n    raw_response = await run_endpoint_function(\n                   ^^^^^^^^^^^^^^^^^^^^^^^^^^^^\n    ...<3 lines>...\n    )\n    ^\n  File "/Users/naveendevapalan/Desktop/Naveen/PROJECTS/eAIP/backend/.venv/lib/python3.14/site-packages/fastapi/routing.py", line 324, in run_endpoint_function\n    return await dependant.call(**values)\n           ^^^^^^^^^^^^^^^^^^^^^^^^^^^^^^\n  File "/Users/naveendevapalan/Desktop/Naveen/PROJECTS/eAIP/backend/app/routers/search.py", line 139, in global_search\n    result = await db.execute(query, {"term": term})\n             ^^^^^^^^^^^^^^^^^^^^^^^^^^^^^^^^^^^^^^^\n  File "/Users/naveendevapalan/Desktop/Naveen/PROJECTS/eAIP/backend/.venv/lib/python3.14/site-packages/sqlalchemy/ext/asyncio/session.py", line 449, in execute\n    result = await greenlet_spawn(\n             ^^^^^^^^^^^^^^^^^^^^^\n    ...<6 lines>...\n    )\n    ^\n  File "/Users/naveendevapalan/Desktop/Naveen/PROJECTS/eAIP/backend/.venv/lib/python3.14/site-packages/sqlalchemy/util/_concurrency_py3k.py", line 201, in greenlet_spawn\n    result = context.throw(*sys.exc_info())\n  File "/Users/naveendevapalan/Desktop/Naveen/PROJECTS/eAIP/backend/.venv/lib/python3.14/site-packages/sqlalchemy/orm/session.py", line 2351, in execute\n    return self._execute_internal(\n           ~~~~~~~~~~~~~~~~~~~~~~^\n        statement,\n        ^^^^^^^^^^\n    ...<4 lines>...\n        _add_event=_add_event,\n        ^^^^^^^^^^^^^^^^^^^^^^\n    )\n    ^\n  File "/Users/naveendevapalan/Desktop/Naveen/PROJECTS/eAIP/backend/.venv/lib/python3.14/site-packages/sqlalchemy/orm/session.py", line 2258, in _execute_internal\n    result = conn.execute(\n        statement, params or {}, execution_options=execution_options\n    )\n  File "/Users/naveendevapalan/Desktop/Naveen/PROJECTS/eAIP/backend/.venv/lib/python3.14/site-packages/sqlalchemy/engine/base.py", line 1419, in execute\n    return meth(\n        self,\n        distilled_parameters,\n        execution_options or NO_OPTIONS,\n    )\n  File "/Users/naveendevapalan/Desktop/Naveen/PROJECTS/eAIP/backend/.venv/lib/python3.14/site-packages/sqlalchemy/sql/elements.py", line 527, in _execute_on_connection\n    return connection._execute_clauseelement(\n           ~~~~~~~~~~~~~~~~~~~~~~~~~~~~~~~~~^\n        self, distilled_params, execution_options\n        ^^^^^^^^^^^^^^^^^^^^^^^^^^^^^^^^^^^^^^^^^\n    )\n    ^\n  File "/Users/naveendevapalan/Desktop/Naveen/PROJECTS/eAIP/backend/.venv/lib/python3.14/site-packages/sqlalchemy/engine/base.py", line 1641, in _execute_clauseelement\n    ret = self._execute_context(\n        dialect,\n    ...<8 lines>...\n        cache_hit=cache_hit,\n    )\n  File "/Users/naveendevapalan/Desktop/Naveen/PROJECTS/eAIP/backend/.venv/lib/python3.14/site-packages/sqlalchemy/engine/base.py", line 1846, in _execute_context\n    return self._exec_single_context(\n           ~~~~~~~~~~~~~~~~~~~~~~~~~^\n        dialect, context, statement, parameters\n        ^^^^^^^^^^^^^^^^^^^^^^^^^^^^^^^^^^^^^^^\n    )\n    ^\n  File "/Users/naveendevapalan/Desktop/Naveen/PROJECTS/eAIP/backend/.venv/lib/python3.14/site-packages/sqlalchemy/engine/base.py", line 1986, in _exec_single_context\n    self._handle_dbapi_exception(\n    ~~~~~~~~~~~~~~~~~~~~~~~~~~~~^\n        e, str_statement, effective_parameters, cursor, context\n        ^^^^^^^^^^^^^^^^^^^^^^^^^^^^^^^^^^^^^^^^^^^^^^^^^^^^^^^\n    )\n    ^\n  File "/Users/naveendevapalan/Desktop/Naveen/PROJECTS/eAIP/backend/.venv/lib/python3.14/site-packages/sqlalchemy/engine/base.py", line 2366, in _handle_dbapi_exception\n    raise exc_info[1].with_traceback(exc_info[2])\n  File "/Users/naveendevapalan/Desktop/Naveen/PROJECTS/eAIP/backend/.venv/lib/python3.14/site-packages/sqlalchemy/engine/base.py", line 1967, in _exec_single_context\n    self.dialect.do_execute(\n    ~~~~~~~~~~~~~~~~~~~~~~~^\n        cursor, str_statement, effective_parameters, context\n        ^^^^^^^^^^^^^^^^^^^^^^^^^^^^^^^^^^^^^^^^^^^^^^^^^^^^\n    )\n    ^\n  File "/Users/naveendevapalan/Desktop/Naveen/PROJECTS/eAIP/backend/.venv/lib/python3.14/site-packages/sqlalchemy/engine/default.py", line 952, in do_execute\n    cursor.execute(statement, parameters)\n    ~~~~~~~~~~~~~~^^^^^^^^^^^^^^^^^^^^^^^\n  File "/Users/naveendevapalan/Desktop/Naveen/PROJECTS/eAIP/backend/.venv/lib/python3.14/site-packages/sqlalchemy/dialects/postgresql/asyncpg.py", line 585, in execute\n    self._adapt_connection.await_(\n    ~~~~~~~~~~~~~~~~~~~~~~~~~~~~~^\n        self._prepare_and_execute(operation, parameters)\n        ^^^^^^^^^^^^^^^^^^^^^^^^^^^^^^^^^^^^^^^^^^^^^^^^\n    )\n    ^\n  File "/Users/naveendevapalan/Desktop/Naveen/PROJECTS/eAIP/backend/.venv/lib/python3.14/site-packages/sqlalchemy/util/_concurrency_py3k.py", line 132, in await_only\n    return current.parent.switch(awaitable)  # type: ignore[no-any-return,attr-defined] # noqa: E501\n           ~~~~~~~~~~~~~~~~~~~~~^^^^^^^^^^^\n  File "/Users/naveendevapalan/Desktop/Naveen/PROJECTS/eAIP/backend/.venv/lib/python3.14/site-packages/sqlalchemy/util/_concurrency_py3k.py", line 196, in greenlet_spawn\n    value = await result\n            ^^^^^^^^^^^^\n  File "/Users/naveendevapalan/Desktop/Naveen/PROJECTS/eAIP/backend/.venv/lib/python3.14/site-packages/sqlalchemy/dialects/postgresql/asyncpg.py", line 520, in _prepare_and_execute\n    await adapt_connection._start_transaction()\n  File "/Users/naveendevapalan/Desktop/Naveen/PROJECTS/eAIP/backend/.venv/lib/python3.14/site-packages/sqlalchemy/dialects/postgresql/asyncpg.py", line 850, in _start_transaction\n    self._handle_exception(error)\n    ~~~~~~~~~~~~~~~~~~~~~~^^^^^^^\n  File "/Users/naveendevapalan/Desktop/Naveen/PROJECTS/eAIP/backend/.venv/lib/python3.14/site-packages/sqlalchemy/dialects/postgresql/asyncpg.py", line 799, in _handle_exception\n    raise error\n  File "/Users/naveendevapalan/Desktop/Naveen/PROJECTS/eAIP/backend/.venv/lib/python3.14/site-packages/sqlalchemy/dialects/postgresql/asyncpg.py", line 848, in _start_transaction\n    await self._transaction.start()\n  File "/Users/naveendevapalan/Desktop/Naveen/PROJECTS/eAIP/backend/.venv/lib/python3.14/site-packages/asyncpg/transaction.py", line 146, in start\n    await self._connection.execute(query)\n  File "/Users/naveendevapalan/Desktop/Naveen/PROJECTS/eAIP/backend/.venv/lib/python3.14/site-packages/asyncpg/connection.py", line 354, in execute\n    result = await self._protocol.query(query, timeout)\n             ^^^^^^^^^^^^^^^^^^^^^^^^^^^^^^^^^^^^^^^^^^\n  File "asyncpg/protocol/protocol.pyx", line 369, in query\nRuntimeError: Task <Task pending name=\'starlette.middleware.base.BaseHTTPMiddleware.__call__.<locals>.call_next.<locals>.coro\' coro=<BaseHTTPMiddleware.__call__.<locals>.call_next.<locals>.coro() running at /Users/naveendevapalan/Desktop/Naveen/PROJECTS/eAIP/backend/.venv/lib/python3.14/site-packages/starlette/middleware/base.py:144> cb=[TaskGroup._spawn.<locals>.task_done() at /Users/naveendevapalan/Desktop/Naveen/PROJECTS/eAIP/backend/.venv/lib/python3.14/site-packages/anyio/_backends/_asyncio.py:805]> got Future <Future pending cb=[BaseProtocol._on_waiter_completed()]> attached to a different loop\n'[0m
------------------------------ Captured log call -------------------------------
ERROR    app.main:main.py:46 {'method': 'GET', 'path': '/api/search', 'duration_ms': 1.2, 'exc_info': True, 'event': 'request_failed', 'logger': 'app.main', 'level': 'error', 'timestamp': '2026-04-08T10:56:23.779145Z'}
ERROR    app.main:main.py:69 {'method': 'GET', 'path': '/api/search', 'error_type': 'RuntimeError', 'error_message': "Task <Task pending name='starlette.middleware.base.BaseHTTPMiddleware.__call__.<locals>.call_next.<locals>.coro' coro=<BaseHTTPMiddleware.__call__.<locals>.call_next.<locals>.coro() running at /Users/naveendevapalan/Desktop/Naveen/PROJECTS/eAIP/backend/.venv/lib/python3.14/site-packages/starlette/middleware/base.py:144> cb=[TaskGroup._spawn.<locals>.task_done() at /Users/naveendevapalan/Desktop/Naveen/PROJECTS/eAIP/backend/.venv/lib/python3.14/site-packages/anyio/_backends/_asyncio.py:805]> got Future <Future pending cb=[BaseProtocol._on_waiter_completed()]> attached to a different loop", 'traceback': 'Traceback (most recent call last):\n  File "/Users/naveendevapalan/Desktop/Naveen/PROJECTS/eAIP/backend/.venv/lib/python3.14/site-packages/starlette/middleware/errors.py", line 164, in __call__\n    await self.app(scope, receive, _send)\n  File "/Users/naveendevapalan/Desktop/Naveen/PROJECTS/eAIP/backend/.venv/lib/python3.14/site-packages/starlette/middleware/base.py", line 191, in __call__\n    with recv_stream, send_stream, collapse_excgroups():\n                                   ~~~~~~~~~~~~~~~~~~^^\n  File "/Users/naveendevapalan/.local/share/uv/python/cpython-3.14.3-macos-aarch64-none/lib/python3.14/contextlib.py", line 162, in __exit__\n    self.gen.throw(value)\n    ~~~~~~~~~~~~~~^^^^^^^\n  File "/Users/naveendevapalan/Desktop/Naveen/PROJECTS/eAIP/backend/.venv/lib/python3.14/site-packages/starlette/_utils.py", line 87, in collapse_excgroups\n    raise exc\n  File "/Users/naveendevapalan/Desktop/Naveen/PROJECTS/eAIP/backend/.venv/lib/python3.14/site-packages/starlette/middleware/base.py", line 193, in __call__\n    response = await self.dispatch_func(request, call_next)\n               ^^^^^^^^^^^^^^^^^^^^^^^^^^^^^^^^^^^^^^^^^^^^\n  File "/Users/naveendevapalan/Desktop/Naveen/PROJECTS/eAIP/backend/app/main.py", line 43, in logging_middleware\n    response = await call_next(request)\n               ^^^^^^^^^^^^^^^^^^^^^^^^\n  File "/Users/naveendevapalan/Desktop/Naveen/PROJECTS/eAIP/backend/.venv/lib/python3.14/site-packages/starlette/middleware/base.py", line 168, in call_next\n    raise app_exc from app_exc.__cause__ or app_exc.__context__\n  File "/Users/naveendevapalan/Desktop/Naveen/PROJECTS/eAIP/backend/.venv/lib/python3.14/site-packages/starlette/middleware/base.py", line 144, in coro\n    await self.app(scope, receive_or_disconnect, send_no_error)\n  File "/Users/naveendevapalan/Desktop/Naveen/PROJECTS/eAIP/backend/.venv/lib/python3.14/site-packages/starlette/middleware/cors.py", line 87, in __call__\n    await self.app(scope, receive, send)\n  File "/Users/naveendevapalan/Desktop/Naveen/PROJECTS/eAIP/backend/.venv/lib/python3.14/site-packages/starlette/middleware/exceptions.py", line 63, in __call__\n    await wrap_app_handling_exceptions(self.app, conn)(scope, receive, send)\n  File "/Users/naveendevapalan/Desktop/Naveen/PROJECTS/eAIP/backend/.venv/lib/python3.14/site-packages/starlette/_exception_handler.py", line 53, in wrapped_app\n    raise exc\n  File "/Users/naveendevapalan/Desktop/Naveen/PROJECTS/eAIP/backend/.venv/lib/python3.14/site-packages/starlette/_exception_handler.py", line 42, in wrapped_app\n    await app(scope, receive, sender)\n  File "/Users/naveendevapalan/Desktop/Naveen/PROJECTS/eAIP/backend/.venv/lib/python3.14/site-packages/fastapi/middleware/asyncexitstack.py", line 18, in __call__\n    await self.app(scope, receive, send)\n  File "/Users/naveendevapalan/Desktop/Naveen/PROJECTS/eAIP/backend/.venv/lib/python3.14/site-packages/starlette/routing.py", line 716, in __call__\n    await self.middleware_stack(scope, receive, send)\n  File "/Users/naveendevapalan/Desktop/Naveen/PROJECTS/eAIP/backend/.venv/lib/python3.14/site-packages/starlette/routing.py", line 736, in app\n    await route.handle(scope, receive, send)\n  File "/Users/naveendevapalan/Desktop/Naveen/PROJECTS/eAIP/backend/.venv/lib/python3.14/site-packages/starlette/routing.py", line 290, in handle\n    await self.app(scope, receive, send)\n  File "/Users/naveendevapalan/Desktop/Naveen/PROJECTS/eAIP/backend/.venv/lib/python3.14/site-packages/fastapi/routing.py", line 130, in app\n    await wrap_app_handling_exceptions(app, request)(scope, receive, send)\n  File "/Users/naveendevapalan/Desktop/Naveen/PROJECTS/eAIP/backend/.venv/lib/python3.14/site-packages/starlette/_exception_handler.py", line 53, in wrapped_app\n    raise exc\n  File "/Users/naveendevapalan/Desktop/Naveen/PROJECTS/eAIP/backend/.venv/lib/python3.14/site-packages/starlette/_exception_handler.py", line 42, in wrapped_app\n    await app(scope, receive, sender)\n  File "/Users/naveendevapalan/Desktop/Naveen/PROJECTS/eAIP/backend/.venv/lib/python3.14/site-packages/fastapi/routing.py", line 116, in app\n    response = await f(request)\n               ^^^^^^^^^^^^^^^^\n  File "/Users/naveendevapalan/Desktop/Naveen/PROJECTS/eAIP/backend/.venv/lib/python3.14/site-packages/fastapi/routing.py", line 670, in app\n    raw_response = await run_endpoint_function(\n                   ^^^^^^^^^^^^^^^^^^^^^^^^^^^^\n    ...<3 lines>...\n    )\n    ^\n  File "/Users/naveendevapalan/Desktop/Naveen/PROJECTS/eAIP/backend/.venv/lib/python3.14/site-packages/fastapi/routing.py", line 324, in run_endpoint_function\n    return await dependant.call(**values)\n           ^^^^^^^^^^^^^^^^^^^^^^^^^^^^^^\n  File "/Users/naveendevapalan/Desktop/Naveen/PROJECTS/eAIP/backend/app/routers/search.py", line 139, in global_search\n    result = await db.execute(query, {"term": term})\n             ^^^^^^^^^^^^^^^^^^^^^^^^^^^^^^^^^^^^^^^\n  File "/Users/naveendevapalan/Desktop/Naveen/PROJECTS/eAIP/backend/.venv/lib/python3.14/site-packages/sqlalchemy/ext/asyncio/session.py", line 449, in execute\n    result = await greenlet_spawn(\n             ^^^^^^^^^^^^^^^^^^^^^\n    ...<6 lines>...\n    )\n    ^\n  File "/Users/naveendevapalan/Desktop/Naveen/PROJECTS/eAIP/backend/.venv/lib/python3.14/site-packages/sqlalchemy/util/_concurrency_py3k.py", line 201, in greenlet_spawn\n    result = context.throw(*sys.exc_info())\n  File "/Users/naveendevapalan/Desktop/Naveen/PROJECTS/eAIP/backend/.venv/lib/python3.14/site-packages/sqlalchemy/orm/session.py", line 2351, in execute\n    return self._execute_internal(\n           ~~~~~~~~~~~~~~~~~~~~~~^\n        statement,\n        ^^^^^^^^^^\n    ...<4 lines>...\n        _add_event=_add_event,\n        ^^^^^^^^^^^^^^^^^^^^^^\n    )\n    ^\n  File "/Users/naveendevapalan/Desktop/Naveen/PROJECTS/eAIP/backend/.venv/lib/python3.14/site-packages/sqlalchemy/orm/session.py", line 2258, in _execute_internal\n    result = conn.execute(\n        statement, params or {}, execution_options=execution_options\n    )\n  File "/Users/naveendevapalan/Desktop/Naveen/PROJECTS/eAIP/backend/.venv/lib/python3.14/site-packages/sqlalchemy/engine/base.py", line 1419, in execute\n    return meth(\n        self,\n        distilled_parameters,\n        execution_options or NO_OPTIONS,\n    )\n  File "/Users/naveendevapalan/Desktop/Naveen/PROJECTS/eAIP/backend/.venv/lib/python3.14/site-packages/sqlalchemy/sql/elements.py", line 527, in _execute_on_connection\n    return connection._execute_clauseelement(\n           ~~~~~~~~~~~~~~~~~~~~~~~~~~~~~~~~~^\n        self, distilled_params, execution_options\n        ^^^^^^^^^^^^^^^^^^^^^^^^^^^^^^^^^^^^^^^^^\n    )\n    ^\n  File "/Users/naveendevapalan/Desktop/Naveen/PROJECTS/eAIP/backend/.venv/lib/python3.14/site-packages/sqlalchemy/engine/base.py", line 1641, in _execute_clauseelement\n    ret = self._execute_context(\n        dialect,\n    ...<8 lines>...\n        cache_hit=cache_hit,\n    )\n  File "/Users/naveendevapalan/Desktop/Naveen/PROJECTS/eAIP/backend/.venv/lib/python3.14/site-packages/sqlalchemy/engine/base.py", line 1846, in _execute_context\n    return self._exec_single_context(\n           ~~~~~~~~~~~~~~~~~~~~~~~~~^\n        dialect, context, statement, parameters\n        ^^^^^^^^^^^^^^^^^^^^^^^^^^^^^^^^^^^^^^^\n    )\n    ^\n  File "/Users/naveendevapalan/Desktop/Naveen/PROJECTS/eAIP/backend/.venv/lib/python3.14/site-packages/sqlalchemy/engine/base.py", line 1986, in _exec_single_context\n    self._handle_dbapi_exception(\n    ~~~~~~~~~~~~~~~~~~~~~~~~~~~~^\n        e, str_statement, effective_parameters, cursor, context\n        ^^^^^^^^^^^^^^^^^^^^^^^^^^^^^^^^^^^^^^^^^^^^^^^^^^^^^^^\n    )\n    ^\n  File "/Users/naveendevapalan/Desktop/Naveen/PROJECTS/eAIP/backend/.venv/lib/python3.14/site-packages/sqlalchemy/engine/base.py", line 2366, in _handle_dbapi_exception\n    raise exc_info[1].with_traceback(exc_info[2])\n  File "/Users/naveendevapalan/Desktop/Naveen/PROJECTS/eAIP/backend/.venv/lib/python3.14/site-packages/sqlalchemy/engine/base.py", line 1967, in _exec_single_context\n    self.dialect.do_execute(\n    ~~~~~~~~~~~~~~~~~~~~~~~^\n        cursor, str_statement, effective_parameters, context\n        ^^^^^^^^^^^^^^^^^^^^^^^^^^^^^^^^^^^^^^^^^^^^^^^^^^^^\n    )\n    ^\n  File "/Users/naveendevapalan/Desktop/Naveen/PROJECTS/eAIP/backend/.venv/lib/python3.14/site-packages/sqlalchemy/engine/default.py", line 952, in do_execute\n    cursor.execute(statement, parameters)\n    ~~~~~~~~~~~~~~^^^^^^^^^^^^^^^^^^^^^^^\n  File "/Users/naveendevapalan/Desktop/Naveen/PROJECTS/eAIP/backend/.venv/lib/python3.14/site-packages/sqlalchemy/dialects/postgresql/asyncpg.py", line 585, in execute\n    self._adapt_connection.await_(\n    ~~~~~~~~~~~~~~~~~~~~~~~~~~~~~^\n        self._prepare_and_execute(operation, parameters)\n        ^^^^^^^^^^^^^^^^^^^^^^^^^^^^^^^^^^^^^^^^^^^^^^^^\n    )\n    ^\n  File "/Users/naveendevapalan/Desktop/Naveen/PROJECTS/eAIP/backend/.venv/lib/python3.14/site-packages/sqlalchemy/util/_concurrency_py3k.py", line 132, in await_only\n    return current.parent.switch(awaitable)  # type: ignore[no-any-return,attr-defined] # noqa: E501\n           ~~~~~~~~~~~~~~~~~~~~~^^^^^^^^^^^\n  File "/Users/naveendevapalan/Desktop/Naveen/PROJECTS/eAIP/backend/.venv/lib/python3.14/site-packages/sqlalchemy/util/_concurrency_py3k.py", line 196, in greenlet_spawn\n    value = await result\n            ^^^^^^^^^^^^\n  File "/Users/naveendevapalan/Desktop/Naveen/PROJECTS/eAIP/backend/.venv/lib/python3.14/site-packages/sqlalchemy/dialects/postgresql/asyncpg.py", line 520, in _prepare_and_execute\n    await adapt_connection._start_transaction()\n  File "/Users/naveendevapalan/Desktop/Naveen/PROJECTS/eAIP/backend/.venv/lib/python3.14/site-packages/sqlalchemy/dialects/postgresql/asyncpg.py", line 850, in _start_transaction\n    self._handle_exception(error)\n    ~~~~~~~~~~~~~~~~~~~~~~^^^^^^^\n  File "/Users/naveendevapalan/Desktop/Naveen/PROJECTS/eAIP/backend/.venv/lib/python3.14/site-packages/sqlalchemy/dialects/postgresql/asyncpg.py", line 799, in _handle_exception\n    raise error\n  File "/Users/naveendevapalan/Desktop/Naveen/PROJECTS/eAIP/backend/.venv/lib/python3.14/site-packages/sqlalchemy/dialects/postgresql/asyncpg.py", line 848, in _start_transaction\n    await self._transaction.start()\n  File "/Users/naveendevapalan/Desktop/Naveen/PROJECTS/eAIP/backend/.venv/lib/python3.14/site-packages/asyncpg/transaction.py", line 146, in start\n    await self._connection.execute(query)\n  File "/Users/naveendevapalan/Desktop/Naveen/PROJECTS/eAIP/backend/.venv/lib/python3.14/site-packages/asyncpg/connection.py", line 354, in execute\n    result = await self._protocol.query(query, timeout)\n             ^^^^^^^^^^^^^^^^^^^^^^^^^^^^^^^^^^^^^^^^^^\n  File "asyncpg/protocol/protocol.pyx", line 369, in query\nRuntimeError: Task <Task pending name=\'starlette.middleware.base.BaseHTTPMiddleware.__call__.<locals>.call_next.<locals>.coro\' coro=<BaseHTTPMiddleware.__call__.<locals>.call_next.<locals>.coro() running at /Users/naveendevapalan/Desktop/Naveen/PROJECTS/eAIP/backend/.venv/lib/python3.14/site-packages/starlette/middleware/base.py:144> cb=[TaskGroup._spawn.<locals>.task_done() at /Users/naveendevapalan/Desktop/Naveen/PROJECTS/eAIP/backend/.venv/lib/python3.14/site-packages/anyio/_backends/_asyncio.py:805]> got Future <Future pending cb=[BaseProtocol._on_waiter_completed()]> attached to a different loop\n', 'event': 'unhandled_exception', 'logger': 'app.main', 'level': 'error', 'timestamp': '2026-04-08T10:56:23.784664Z'}
=========================== short test summary info ============================
FAILED tests/test_search.py::test_global_search_valid_query - RuntimeError: T...
============================== 1 failed in 0.07s ===============================
